Log file open, 04/29/19 14:56:45
LogWindows: Failed to load 'aqProf.dll' (GetLastError=126)
LogWindows: File 'aqProf.dll' does not exist
LogWindows: Failed to load 'VtuneApi.dll' (GetLastError=126)
LogWindows: File 'VtuneApi.dll' does not exist
LogWindows: Failed to load 'VtuneApi32e.dll' (GetLastError=126)
LogWindows: File 'VtuneApi32e.dll' does not exist
LogConsoleResponse: Display: Failed to find resolution value strings in scalability ini. Falling back to default.
LogInit: Display: Running engine for game: CMP302_RNade
LogPakFile: Registered encryption key '00000000000000000000000000000000': 0 pak files mounted, 0 remain pending
LogPlatformFile: Not using cached read wrapper
LogTaskGraph: Started task graph with 5 named threads and 23 total threads with 3 sets of task threads.
LogStats: Stats thread started at 0.463938
LogD3D11RHI: Loaded GFSDK_Aftermath_Lib.x64.dll
LogWindows: Failed to load '../../../Engine/Binaries/ThirdParty/libsndfile/Win64/libsndfile-1.dll' (GetLastError=126)
LogWindows: File '../../../Engine/Binaries/ThirdParty/libsndfile/Win64/libsndfile-1.dll' does not exist
LogAudioMixer: Display: Failed to load Sound File dll
LogAudioEditor: Display: LibSoundFile failed to load. Importing audio will not work correctly.
LogICUInternationalization: ICU TimeZone Detection - Raw Offset: +0:00, Platform Override: ''
LogPluginManager: Mounting plugin Paper2D
LogPluginManager: Mounting plugin AISupport
LogPluginManager: Mounting plugin LightPropagationVolume
LogPluginManager: Mounting plugin ActorLayerUtilities
LogPluginManager: Mounting plugin AnimationSharing
LogPluginManager: Mounting plugin CLionSourceCodeAccess
LogPluginManager: Mounting plugin CodeLiteSourceCodeAccess
LogPluginManager: Mounting plugin GitSourceControl
LogPluginManager: Mounting plugin KDevelopSourceCodeAccess
LogPluginManager: Mounting plugin NullSourceCodeAccess
LogPluginManager: Mounting plugin PerforceSourceControl
LogPluginManager: Mounting plugin SubversionSourceControl
LogPluginManager: Mounting plugin UObjectPlugin
LogPluginManager: Mounting plugin VisualStudioCodeSourceCodeAccess
LogPluginManager: Mounting plugin VisualStudioSourceCodeAccess
LogPluginManager: Mounting plugin XCodeSourceCodeAccess
LogPluginManager: Mounting plugin AssetManagerEditor
LogPluginManager: Mounting plugin CryptoKeys
LogPluginManager: Mounting plugin DataValidation
LogPluginManager: Mounting plugin FacialAnimation
LogPluginManager: Mounting plugin GameplayTagsEditor
LogPluginManager: Mounting plugin MacGraphicsSwitching
LogPluginManager: Mounting plugin MaterialAnalyzer
LogPluginManager: Mounting plugin MobileLauncherProfileWizard
LogPluginManager: Mounting plugin PluginBrowser
LogPluginManager: Mounting plugin SpeedTreeImporter
LogPluginManager: Mounting plugin DatasmithContent
LogPluginManager: Mounting plugin VariantManagerContent
LogPluginManager: Mounting plugin AlembicImporter
LogPluginManager: Mounting plugin AppleImageUtils
LogPluginManager: Mounting plugin AppleVision
LogPluginManager: Mounting plugin BackChannel
LogPluginManager: Mounting plugin CharacterAI
LogPluginManager: Mounting plugin GeometryCache
LogPluginManager: Mounting plugin HTML5Networking
LogPluginManager: Mounting plugin ProxyLODPlugin
LogPluginManager: Mounting plugin SkeletalReduction
LogPluginManager: Mounting plugin MagicLeap
LogPluginManager: Mounting plugin MagicLeapMedia
LogPluginManager: Mounting plugin AndroidMedia
LogPluginManager: Mounting plugin AvfMedia
LogPluginManager: Mounting plugin ImgMedia
LogPluginManager: Mounting plugin LinearTimecode
LogPluginManager: Mounting plugin MediaCompositing
LogPluginManager: Mounting plugin MediaPlayerEditor
LogPluginManager: Mounting plugin WebMMedia
LogPluginManager: Mounting plugin WmfMedia
LogPluginManager: Mounting plugin TcpMessaging
LogPluginManager: Mounting plugin UdpMessaging
LogPluginManager: Mounting plugin ActorSequence
LogPluginManager: Mounting plugin LevelSequenceEditor
LogPluginManager: Mounting plugin MatineeToLevelSequence
LogPluginManager: Mounting plugin NetcodeUnitTest
LogPluginManager: Mounting plugin NUTUnrealEngine4
LogPluginManager: Mounting plugin OnlineSubsystemGooglePlay
LogPluginManager: Mounting plugin OnlineSubsystemIOS
LogPluginManager: Mounting plugin OnlineSubsystem
LogPluginManager: Mounting plugin OnlineSubsystemNull
LogPluginManager: Mounting plugin OnlineSubsystemUtils
LogPluginManager: Mounting plugin LauncherChunkInstaller
LogPluginManager: Mounting plugin AndroidDeviceProfileSelector
LogPluginManager: Mounting plugin AndroidMoviePlayer
LogPluginManager: Mounting plugin AndroidPermission
LogPluginManager: Mounting plugin AppleMoviePlayer
LogPluginManager: Mounting plugin ArchVisCharacter
LogPluginManager: Mounting plugin AudioCapture
LogPluginManager: Mounting plugin CableComponent
LogPluginManager: Mounting plugin CustomMeshComponent
LogPluginManager: Mounting plugin EditableMesh
LogPluginManager: Mounting plugin ExampleDeviceProfileSelector
LogPluginManager: Mounting plugin Firebase
LogPluginManager: Mounting plugin GoogleCloudMessaging
LogPluginManager: Mounting plugin IOSDeviceProfileSelector
LogPluginManager: Mounting plugin LinuxDeviceProfileSelector
LogPluginManager: Mounting plugin LocationServicesBPLibrary
LogPluginManager: Mounting plugin MobilePatchingUtils
LogPluginManager: Mounting plugin OculusVR
LogPluginManager: Mounting plugin PhysXVehicles
LogPluginManager: Mounting plugin ProceduralMeshComponent
LogPluginManager: Mounting plugin RuntimePhysXCooking
LogPluginManager: Mounting plugin SignificanceManager
LogPluginManager: Mounting plugin SteamVR
LogPluginManager: Mounting plugin WebMMoviePlayer
LogPluginManager: Mounting plugin WindowsMoviePlayer
LogInit: Using libcurl 7.55.1-DEV
LogInit:  - built for x86_64-pc-win32
LogInit:  - supports SSL with OpenSSL/1.1.1
LogInit:  - supports HTTP deflate (compression) using libz 1.2.8
LogInit:  - other features:
LogInit:      CURL_VERSION_SSL
LogInit:      CURL_VERSION_LIBZ
LogInit:      CURL_VERSION_IPV6
LogInit:      CURL_VERSION_ASYNCHDNS
LogInit:      CURL_VERSION_LARGEFILE
LogInit:      CURL_VERSION_IDN
LogInit:  CurlRequestOptions (configurable via config and command line):
LogInit:  - bVerifyPeer = true  - Libcurl will verify peer certificate
LogInit:  - bUseHttpProxy = false  - Libcurl will NOT use HTTP proxy
LogInit:  - bDontReuseConnections = false  - Libcurl will reuse connections
LogInit:  - MaxHostConnections = 16  - Libcurl will limit the number of connections to a host
LogInit:  - LocalHostAddr = Default
LogInit:  - BufferSize = 65536
LogInit: WinSock: version 1.1 (2.2), MaxSocks=32767, MaxUdp=65467
LogInit: Build: ++UE4+Release-4.22-CL-5660361
LogInit: Engine Version: 4.22.0-5660361+++UE4+Release-4.22
LogInit: Compatible Engine Version: 4.22.0-5660361+++UE4+Release-4.22
LogInit: Net CL: 5660361
LogInit: OS: Windows 10 (Release 1803) (), CPU: AMD FX(tm)-8320 Eight-Core Processor           , GPU: NVIDIA GeForce GTX 1070
LogInit: Compiled (64-bit): Mar 31 2019 02:05:09
LogInit: Compiled with Visual C++: 19.16.27025.01
LogInit: Build Configuration: Development
LogInit: Branch Name: ++UE4+Release-4.22
LogInit: Command Line:  -skipcompile
LogInit: Base Directory: C:/Program Files/Epic Games/UE_4.22/Engine/Binaries/Win64/
LogInit: Installed Engine Build: 1
LogDevObjectVersion: Number of dev versions registered: 23
LogDevObjectVersion:   Dev-Blueprints (B0D832E4-1F89-4F0D-ACCF-7EB736FD4AA2): 10
LogDevObjectVersion:   Dev-Build (E1C64328-A22C-4D53-A36C-8E866417BD8C): 0
LogDevObjectVersion:   Dev-Core (375EC13C-06E4-48FB-B500-84F0262A717E): 3
LogDevObjectVersion:   Dev-Editor (E4B068ED-F494-42E9-A231-DA0B2E46BB41): 30
LogDevObjectVersion:   Dev-Framework (CFFC743F-43B0-4480-9391-14DF171D2073): 35
LogDevObjectVersion:   Dev-Mobile (B02B49B5-BB20-44E9-A304-32B752E40360): 2
LogDevObjectVersion:   Dev-Networking (A4E4105C-59A1-49B5-A7C5-40C4547EDFEE): 0
LogDevObjectVersion:   Dev-Online (39C831C9-5AE6-47DC-9A44-9C173E1C8E7C): 0
LogDevObjectVersion:   Dev-Physics (78F01B33-EBEA-4F98-B9B4-84EACCB95AA2): 0
LogDevObjectVersion:   Dev-Platform (6631380F-2D4D-43E0-8009-CF276956A95A): 0
LogDevObjectVersion:   Dev-Rendering (12F88B9F-8875-4AFC-A67C-D90C383ABD29): 28
LogDevObjectVersion:   Dev-Sequencer (7B5AE74C-D270-4C10-A958-57980B212A5A): 11
LogDevObjectVersion:   Dev-VR (D7296918-1DD6-4BDD-9DE2-64A83CC13884): 2
LogDevObjectVersion:   Dev-LoadTimes (C2A15278-BFE7-4AFE-6C17-90FF531DF755): 1
LogDevObjectVersion:   Private-Geometry (6EACA3D4-40EC-4CC1-B786-8BED09428FC5): 3
LogDevObjectVersion:   Dev-AnimPhys (29E575DD-E0A3-4627-9D10-D276232CDCEA): 17
LogDevObjectVersion:   Dev-Anim (AF43A65D-7FD3-4947-9873-3E8ED9C1BB05): 2
LogDevObjectVersion:   Dev-ReflectionCapture (6B266CEC-1EC7-4B8F-A30B-E4D90942FC07): 1
LogDevObjectVersion:   Dev-Automation (0DF73D61-A23F-47EA-B727-89E90C41499A): 1
LogDevObjectVersion:   FortniteMain (601D1886-AC64-4F84-AA16-D3DE0DEAC7D6): 25
LogDevObjectVersion:   Dev-Enterprise (9DFFBCD6-494F-0158-E221-12823C92A888): 6
LogDevObjectVersion:   Dev-Niagara (F2AED0AC-9AFE-416F-8664-AA7FFA26D6FC): 1
LogDevObjectVersion:   Dev-Destruction (174F1F0B-B4C6-45A5-B13F-2EE8D0FB917D): 2
LogInit: Presizing for max 16777216 objects, including 0 objects not considered by GC, pre-allocating 0 bytes for permanent pool.
LogInit: Object subsystem initialized
LogConfig: Setting CVar [[con.DebugEarlyDefault:1]]
LogConfig: Setting CVar [[r.setres:1280x720]]
[2019.04.29-13.56.46:228][  0]LogConfig: Setting CVar [[r.VSync:0]]
[2019.04.29-13.56.46:229][  0]LogConfig: Setting CVar [[r.RHICmdBypass:0]]
[2019.04.29-13.56.46:229][  0]LogConfig: Applying CVar settings from Section [/Script/Engine.RendererSettings] File [C:/Users/falco/Desktop/CMP302_RNade/CMP302_RNade/Saved/Config/Windows/Engine.ini]
[2019.04.29-13.56.46:229][  0]LogConfig: Setting CVar [[r.GPUCrashDebugging:0]]
[2019.04.29-13.56.46:229][  0]LogConfig: Applying CVar settings from Section [/Script/Engine.RendererOverrideSettings] File [C:/Users/falco/Desktop/CMP302_RNade/CMP302_RNade/Saved/Config/Windows/Engine.ini]
[2019.04.29-13.56.46:229][  0]LogConfig: Applying CVar settings from Section [/Script/Engine.StreamingSettings] File [C:/Users/falco/Desktop/CMP302_RNade/CMP302_RNade/Saved/Config/Windows/Engine.ini]
[2019.04.29-13.56.46:229][  0]LogConfig: Setting CVar [[s.MinBulkDataSizeForAsyncLoading:131072]]
[2019.04.29-13.56.46:229][  0]LogConfig: Setting CVar [[s.AsyncLoadingThreadEnabled:0]]
[2019.04.29-13.56.46:229][  0]LogConfig: Setting CVar [[s.EventDrivenLoaderEnabled:1]]
[2019.04.29-13.56.46:229][  0]LogConfig: Setting CVar [[s.WarnIfTimeLimitExceeded:0]]
[2019.04.29-13.56.46:229][  0]LogConfig: Setting CVar [[s.TimeLimitExceededMultiplier:1.5]]
[2019.04.29-13.56.46:230][  0]LogConfig: Setting CVar [[s.TimeLimitExceededMinTime:0.005]]
[2019.04.29-13.56.46:230][  0]LogConfig: Setting CVar [[s.UseBackgroundLevelStreaming:1]]
[2019.04.29-13.56.46:230][  0]LogConfig: Setting CVar [[s.PriorityAsyncLoadingExtraTime:15.0]]
[2019.04.29-13.56.46:230][  0]LogConfig: Setting CVar [[s.LevelStreamingActorsUpdateTimeLimit:5.0]]
[2019.04.29-13.56.46:230][  0]LogConfig: Setting CVar [[s.PriorityLevelStreamingActorsUpdateExtraTime:5.0]]
[2019.04.29-13.56.46:230][  0]LogConfig: Setting CVar [[s.LevelStreamingComponentsRegistrationGranularity:10]]
[2019.04.29-13.56.46:230][  0]LogConfig: Setting CVar [[s.UnregisterComponentsTimeLimit:1.0]]
[2019.04.29-13.56.46:230][  0]LogConfig: Setting CVar [[s.LevelStreamingComponentsUnregistrationGranularity:5]]
[2019.04.29-13.56.46:230][  0]LogConfig: Applying CVar settings from Section [/Script/Engine.GarbageCollectionSettings] File [C:/Users/falco/Desktop/CMP302_RNade/CMP302_RNade/Saved/Config/Windows/Engine.ini]
[2019.04.29-13.56.46:231][  0]LogConfig: Setting CVar [[gc.MaxObjectsNotConsideredByGC:1]]
[2019.04.29-13.56.46:231][  0]LogConfig: Setting CVar [[gc.SizeOfPermanentObjectPool:0]]
[2019.04.29-13.56.46:231][  0]LogConfig: Setting CVar [[gc.FlushStreamingOnGC:0]]
[2019.04.29-13.56.46:231][  0]LogConfig: Setting CVar [[gc.NumRetriesBeforeForcingGC:10]]
[2019.04.29-13.56.46:231][  0]LogConfig: Setting CVar [[gc.AllowParallelGC:1]]
[2019.04.29-13.56.46:231][  0]LogConfig: Setting CVar [[gc.TimeBetweenPurgingPendingKillObjects:61.1]]
[2019.04.29-13.56.46:231][  0]LogConfig: Setting CVar [[gc.MaxObjectsInEditor:16777216]]
[2019.04.29-13.56.46:231][  0]LogConfig: Setting CVar [[gc.IncrementalBeginDestroyEnabled:1]]
[2019.04.29-13.56.46:231][  0]LogConfig: Setting CVar [[gc.CreateGCClusters:1]]
[2019.04.29-13.56.46:231][  0]LogConfig: Setting CVar [[gc.MinGCClusterSize:5]]
[2019.04.29-13.56.46:231][  0]LogConfig: Setting CVar [[gc.ActorClusteringEnabled:0]]
[2019.04.29-13.56.46:232][  0]LogConfig: Setting CVar [[gc.BlueprintClusteringEnabled:0]]
[2019.04.29-13.56.46:232][  0]LogConfig: Setting CVar [[gc.UseDisregardForGCOnDedicatedServers:0]]
[2019.04.29-13.56.46:232][  0]LogConfig: Applying CVar settings from Section [/Script/Engine.NetworkSettings] File [C:/Users/falco/Desktop/CMP302_RNade/CMP302_RNade/Saved/Config/Windows/Engine.ini]
[2019.04.29-13.56.46:232][  0]LogConfig: Applying CVar settings from Section [/Script/UnrealEd.CookerSettings] File [C:/Users/falco/Desktop/CMP302_RNade/CMP302_RNade/Saved/Config/Windows/Engine.ini]
[2019.04.29-13.56.46:249][  0]LogConfig: Applying CVar settings from Section [ViewDistanceQuality@3] File [C:/Users/falco/Desktop/CMP302_RNade/CMP302_RNade/Saved/Config/Windows/Scalability.ini]
[2019.04.29-13.56.46:250][  0]LogConfig: Setting CVar [[r.SkeletalMeshLODBias:0]]
[2019.04.29-13.56.46:250][  0]LogConfig: Setting CVar [[r.ViewDistanceScale:1.0]]
[2019.04.29-13.56.46:250][  0]LogConfig: Applying CVar settings from Section [AntiAliasingQuality@3] File [C:/Users/falco/Desktop/CMP302_RNade/CMP302_RNade/Saved/Config/Windows/Scalability.ini]
[2019.04.29-13.56.46:250][  0]LogConfig: Setting CVar [[r.PostProcessAAQuality:4]]
[2019.04.29-13.56.46:250][  0]LogConfig: Applying CVar settings from Section [ShadowQuality@3] File [C:/Users/falco/Desktop/CMP302_RNade/CMP302_RNade/Saved/Config/Windows/Scalability.ini]
[2019.04.29-13.56.46:250][  0]LogConfig: Setting CVar [[r.LightFunctionQuality:1]]
[2019.04.29-13.56.46:250][  0]LogConfig: Setting CVar [[r.ShadowQuality:5]]
[2019.04.29-13.56.46:250][  0]LogConfig: Setting CVar [[r.Shadow.CSM.MaxCascades:10]]
[2019.04.29-13.56.46:251][  0]LogConfig: Setting CVar [[r.Shadow.MaxResolution:2048]]
[2019.04.29-13.56.46:251][  0]LogConfig: Setting CVar [[r.Shadow.MaxCSMResolution:2048]]
[2019.04.29-13.56.46:251][  0]LogConfig: Setting CVar [[r.Shadow.RadiusThreshold:0.01]]
[2019.04.29-13.56.46:251][  0]LogConfig: Setting CVar [[r.Shadow.DistanceScale:1.0]]
[2019.04.29-13.56.46:251][  0]LogConfig: Setting CVar [[r.Shadow.CSM.TransitionScale:1.0]]
[2019.04.29-13.56.46:251][  0]LogConfig: Setting CVar [[r.Shadow.PreShadowResolutionFactor:1.0]]
[2019.04.29-13.56.46:251][  0]LogConfig: Setting CVar [[r.DistanceFieldShadowing:1]]
[2019.04.29-13.56.46:251][  0]LogConfig: Setting CVar [[r.DistanceFieldAO:1]]
[2019.04.29-13.56.46:252][  0]LogConfig: Setting CVar [[r.AOQuality:2]]
[2019.04.29-13.56.46:252][  0]LogConfig: Setting CVar [[r.VolumetricFog:1]]
[2019.04.29-13.56.46:252][  0]LogConfig: Setting CVar [[r.VolumetricFog.GridPixelSize:8]]
[2019.04.29-13.56.46:252][  0]LogConfig: Setting CVar [[r.VolumetricFog.GridSizeZ:128]]
[2019.04.29-13.56.46:252][  0]LogConfig: Setting CVar [[r.VolumetricFog.HistoryMissSupersampleCount:4]]
[2019.04.29-13.56.46:252][  0]LogConfig: Setting CVar [[r.LightMaxDrawDistanceScale:1]]
[2019.04.29-13.56.46:252][  0]LogConfig: Setting CVar [[r.CapsuleShadows:1]]
[2019.04.29-13.56.46:252][  0]LogConfig: Applying CVar settings from Section [PostProcessQuality@3] File [C:/Users/falco/Desktop/CMP302_RNade/CMP302_RNade/Saved/Config/Windows/Scalability.ini]
[2019.04.29-13.56.46:252][  0]LogConfig: Setting CVar [[r.MotionBlurQuality:4]]
[2019.04.29-13.56.46:252][  0]LogConfig: Setting CVar [[r.AmbientOcclusionMipLevelFactor:0.4]]
[2019.04.29-13.56.46:252][  0]LogConfig: Setting CVar [[r.AmbientOcclusionMaxQuality:100]]
[2019.04.29-13.56.46:253][  0]LogConfig: Setting CVar [[r.AmbientOcclusionLevels:-1]]
[2019.04.29-13.56.46:253][  0]LogConfig: Setting CVar [[r.AmbientOcclusionRadiusScale:1.0]]
[2019.04.29-13.56.46:253][  0]LogConfig: Setting CVar [[r.DepthOfFieldQuality:2]]
[2019.04.29-13.56.46:253][  0]LogConfig: Setting CVar [[r.RenderTargetPoolMin:400]]
[2019.04.29-13.56.46:253][  0]LogConfig: Setting CVar [[r.LensFlareQuality:2]]
[2019.04.29-13.56.46:253][  0]LogConfig: Setting CVar [[r.SceneColorFringeQuality:1]]
[2019.04.29-13.56.46:253][  0]LogConfig: Setting CVar [[r.EyeAdaptationQuality:2]]
[2019.04.29-13.56.46:253][  0]LogConfig: Setting CVar [[r.BloomQuality:5]]
[2019.04.29-13.56.46:253][  0]LogConfig: Setting CVar [[r.FastBlurThreshold:100]]
[2019.04.29-13.56.46:253][  0]LogConfig: Setting CVar [[r.Upscale.Quality:3]]
[2019.04.29-13.56.46:253][  0]LogConfig: Setting CVar [[r.Tonemapper.GrainQuantization:1]]
[2019.04.29-13.56.46:254][  0]LogConfig: Setting CVar [[r.LightShaftQuality:1]]
[2019.04.29-13.56.46:254][  0]LogConfig: Setting CVar [[r.Filter.SizeScale:1]]
[2019.04.29-13.56.46:254][  0]LogConfig: Setting CVar [[r.Tonemapper.Quality:5]]
[2019.04.29-13.56.46:254][  0]LogConfig: Setting CVar [[r.DOF.Gather.AccumulatorQuality:1        ; higher gathering accumulator quality]]
[2019.04.29-13.56.46:254][  0]LogConfig: Setting CVar [[r.DOF.Gather.PostfilterMethod:1          ; Median3x3 postfilering method]]
[2019.04.29-13.56.46:254][  0]LogConfig: Setting CVar [[r.DOF.Gather.EnableBokehSettings:0       ; no bokeh simulation when gathering]]
[2019.04.29-13.56.46:254][  0]LogConfig: Setting CVar [[r.DOF.Gather.RingCount:4                 ; medium number of samples when gathering]]
[2019.04.29-13.56.46:254][  0]LogConfig: Setting CVar [[r.DOF.Scatter.ForegroundCompositing:1    ; additive foreground scattering]]
[2019.04.29-13.56.46:254][  0]LogConfig: Setting CVar [[r.DOF.Scatter.BackgroundCompositing:2    ; additive background scattering]]
[2019.04.29-13.56.46:254][  0]LogConfig: Setting CVar [[r.DOF.Scatter.EnableBokehSettings:1      ; bokeh simulation when scattering]]
[2019.04.29-13.56.46:254][  0]LogConfig: Setting CVar [[r.DOF.Scatter.MaxSpriteRatio:0.1         ; only a maximum of 10% of scattered bokeh]]
[2019.04.29-13.56.46:255][  0]LogConfig: Setting CVar [[r.DOF.Recombine.Quality:1                ; cheap slight out of focus]]
[2019.04.29-13.56.46:255][  0]LogConfig: Setting CVar [[r.DOF.Recombine.EnableBokehSettings:0    ; no bokeh simulation on slight out of focus]]
[2019.04.29-13.56.46:255][  0]LogConfig: Setting CVar [[r.DOF.TemporalAAQuality:1                ; more stable temporal accumulation]]
[2019.04.29-13.56.46:255][  0]LogConfig: Setting CVar [[r.DOF.Kernel.MaxForegroundRadius:0.025]]
[2019.04.29-13.56.46:255][  0]LogConfig: Setting CVar [[r.DOF.Kernel.MaxBackgroundRadius:0.025]]
[2019.04.29-13.56.46:255][  0]LogConfig: Applying CVar settings from Section [TextureQuality@3] File [C:/Users/falco/Desktop/CMP302_RNade/CMP302_RNade/Saved/Config/Windows/Scalability.ini]
[2019.04.29-13.56.46:255][  0]LogConfig: Setting CVar [[r.Streaming.MipBias:0]]
[2019.04.29-13.56.46:255][  0]LogConfig: Setting CVar [[r.Streaming.AmortizeCPUToGPUCopy:0]]
[2019.04.29-13.56.46:255][  0]LogConfig: Setting CVar [[r.Streaming.MaxNumTexturesToStreamPerFrame:0]]
[2019.04.29-13.56.46:255][  0]LogConfig: Setting CVar [[r.Streaming.Boost:1]]
[2019.04.29-13.56.46:255][  0]LogConfig: Setting CVar [[r.MaxAnisotropy:8]]
[2019.04.29-13.56.46:256][  0]LogConfig: Setting CVar [[r.Streaming.LimitPoolSizeToVRAM:0]]
[2019.04.29-13.56.46:256][  0]LogConfig: Setting CVar [[r.Streaming.PoolSize:1000]]
[2019.04.29-13.56.46:256][  0]LogConfig: Setting CVar [[r.Streaming.MaxEffectiveScreenSize:0]]
[2019.04.29-13.56.46:256][  0]LogConfig: Applying CVar settings from Section [EffectsQuality@3] File [C:/Users/falco/Desktop/CMP302_RNade/CMP302_RNade/Saved/Config/Windows/Scalability.ini]
[2019.04.29-13.56.46:256][  0]LogConfig: Setting CVar [[r.TranslucencyLightingVolumeDim:64]]
[2019.04.29-13.56.46:256][  0]LogConfig: Setting CVar [[r.RefractionQuality:2]]
[2019.04.29-13.56.46:256][  0]LogConfig: Setting CVar [[r.SSR.Quality:3]]
[2019.04.29-13.56.46:256][  0]LogConfig: Setting CVar [[r.SceneColorFormat:4]]
[2019.04.29-13.56.46:256][  0]LogConfig: Setting CVar [[r.DetailMode:2]]
[2019.04.29-13.56.46:256][  0]LogConfig: Setting CVar [[r.TranslucencyVolumeBlur:1]]
[2019.04.29-13.56.46:256][  0]LogConfig: Setting CVar [[r.MaterialQualityLevel:1 ; High quality]]
[2019.04.29-13.56.46:256][  0]LogConfig: Setting CVar [[r.SSS.Scale:1]]
[2019.04.29-13.56.46:257][  0]LogConfig: Setting CVar [[r.SSS.SampleSet:2]]
[2019.04.29-13.56.46:257][  0]LogConfig: Setting CVar [[r.SSS.Quality:1]]
[2019.04.29-13.56.46:257][  0]LogConfig: Setting CVar [[r.SSS.HalfRes:1]]
[2019.04.29-13.56.46:257][  0]LogConfig: Setting CVar [[r.EmitterSpawnRateScale:1.0]]
[2019.04.29-13.56.46:257][  0]LogConfig: Setting CVar [[r.ParticleLightQuality:2]]
[2019.04.29-13.56.46:257][  0]LogConfig: Applying CVar settings from Section [FoliageQuality@3] File [C:/Users/falco/Desktop/CMP302_RNade/CMP302_RNade/Saved/Config/Windows/Scalability.ini]
[2019.04.29-13.56.46:257][  0]LogConfig: Setting CVar [[foliage.DensityScale:1.0]]
[2019.04.29-13.56.46:257][  0]LogConfig: Setting CVar [[grass.DensityScale:1.0]]
[2019.04.29-13.56.46:257][  0]LogInit: Selected Device Profile: [Windows]
[2019.04.29-13.56.46:257][  0]LogInit: Applying CVar settings loaded from the selected device profile: [Windows]
[2019.04.29-13.56.46:292][  0]LogHAL: Display: Platform has ~ 16 GB [17142771712 / 17179869184 / 16], which maps to Larger [LargestMinGB=32, LargerMinGB=12, DefaultMinGB=8, SmallerMinGB=6, SmallestMinGB=0)
[2019.04.29-13.56.46:292][  0]LogConfig: Setting CVar [[r.Vulkan.UseRealUBs:0		; Required until we fix HLR fall-out]]
[2019.04.29-13.56.46:292][  0]LogInit: Going up to parent DeviceProfile []
[2019.04.29-13.56.46:293][  0]LogConfig: Applying CVar settings from Section [ViewDistanceQuality@3] File [C:/Users/falco/Desktop/CMP302_RNade/CMP302_RNade/Saved/Config/Windows/Scalability.ini]
[2019.04.29-13.56.46:293][  0]LogConfig: Setting CVar [[r.SkeletalMeshLODBias:0]]
[2019.04.29-13.56.46:293][  0]LogConfig: Setting CVar [[r.ViewDistanceScale:1.0]]
[2019.04.29-13.56.46:293][  0]LogConfig: Applying CVar settings from Section [AntiAliasingQuality@3] File [C:/Users/falco/Desktop/CMP302_RNade/CMP302_RNade/Saved/Config/Windows/Scalability.ini]
[2019.04.29-13.56.46:293][  0]LogConfig: Setting CVar [[r.PostProcessAAQuality:4]]
[2019.04.29-13.56.46:293][  0]LogConfig: Applying CVar settings from Section [ShadowQuality@3] File [C:/Users/falco/Desktop/CMP302_RNade/CMP302_RNade/Saved/Config/Windows/Scalability.ini]
[2019.04.29-13.56.46:293][  0]LogConfig: Setting CVar [[r.LightFunctionQuality:1]]
[2019.04.29-13.56.46:293][  0]LogConfig: Setting CVar [[r.ShadowQuality:5]]
[2019.04.29-13.56.46:293][  0]LogConfig: Setting CVar [[r.Shadow.CSM.MaxCascades:10]]
[2019.04.29-13.56.46:293][  0]LogConfig: Setting CVar [[r.Shadow.MaxResolution:2048]]
[2019.04.29-13.56.46:293][  0]LogConfig: Setting CVar [[r.Shadow.MaxCSMResolution:2048]]
[2019.04.29-13.56.46:294][  0]LogConfig: Setting CVar [[r.Shadow.RadiusThreshold:0.01]]
[2019.04.29-13.56.46:294][  0]LogConfig: Setting CVar [[r.Shadow.DistanceScale:1.0]]
[2019.04.29-13.56.46:294][  0]LogConfig: Setting CVar [[r.Shadow.CSM.TransitionScale:1.0]]
[2019.04.29-13.56.46:294][  0]LogConfig: Setting CVar [[r.Shadow.PreShadowResolutionFactor:1.0]]
[2019.04.29-13.56.46:294][  0]LogConfig: Setting CVar [[r.DistanceFieldShadowing:1]]
[2019.04.29-13.56.46:294][  0]LogConfig: Setting CVar [[r.DistanceFieldAO:1]]
[2019.04.29-13.56.46:294][  0]LogConfig: Setting CVar [[r.AOQuality:2]]
[2019.04.29-13.56.46:294][  0]LogConfig: Setting CVar [[r.VolumetricFog:1]]
[2019.04.29-13.56.46:294][  0]LogConfig: Setting CVar [[r.VolumetricFog.GridPixelSize:8]]
[2019.04.29-13.56.46:294][  0]LogConfig: Setting CVar [[r.VolumetricFog.GridSizeZ:128]]
[2019.04.29-13.56.46:295][  0]LogConfig: Setting CVar [[r.VolumetricFog.HistoryMissSupersampleCount:4]]
[2019.04.29-13.56.46:295][  0]LogConfig: Setting CVar [[r.LightMaxDrawDistanceScale:1]]
[2019.04.29-13.56.46:295][  0]LogConfig: Setting CVar [[r.CapsuleShadows:1]]
[2019.04.29-13.56.46:295][  0]LogConfig: Applying CVar settings from Section [PostProcessQuality@3] File [C:/Users/falco/Desktop/CMP302_RNade/CMP302_RNade/Saved/Config/Windows/Scalability.ini]
[2019.04.29-13.56.46:295][  0]LogConfig: Setting CVar [[r.MotionBlurQuality:4]]
[2019.04.29-13.56.46:295][  0]LogConfig: Setting CVar [[r.AmbientOcclusionMipLevelFactor:0.4]]
[2019.04.29-13.56.46:295][  0]LogConfig: Setting CVar [[r.AmbientOcclusionMaxQuality:100]]
[2019.04.29-13.56.46:295][  0]LogConfig: Setting CVar [[r.AmbientOcclusionLevels:-1]]
[2019.04.29-13.56.46:295][  0]LogConfig: Setting CVar [[r.AmbientOcclusionRadiusScale:1.0]]
[2019.04.29-13.56.46:295][  0]LogConfig: Setting CVar [[r.DepthOfFieldQuality:2]]
[2019.04.29-13.56.46:296][  0]LogConfig: Setting CVar [[r.RenderTargetPoolMin:400]]
[2019.04.29-13.56.46:296][  0]LogConfig: Setting CVar [[r.LensFlareQuality:2]]
[2019.04.29-13.56.46:296][  0]LogConfig: Setting CVar [[r.SceneColorFringeQuality:1]]
[2019.04.29-13.56.46:296][  0]LogConfig: Setting CVar [[r.EyeAdaptationQuality:2]]
[2019.04.29-13.56.46:296][  0]LogConfig: Setting CVar [[r.BloomQuality:5]]
[2019.04.29-13.56.46:296][  0]LogConfig: Setting CVar [[r.FastBlurThreshold:100]]
[2019.04.29-13.56.46:296][  0]LogConfig: Setting CVar [[r.Upscale.Quality:3]]
[2019.04.29-13.56.46:296][  0]LogConfig: Setting CVar [[r.Tonemapper.GrainQuantization:1]]
[2019.04.29-13.56.46:296][  0]LogConfig: Setting CVar [[r.LightShaftQuality:1]]
[2019.04.29-13.56.46:296][  0]LogConfig: Setting CVar [[r.Filter.SizeScale:1]]
[2019.04.29-13.56.46:297][  0]LogConfig: Setting CVar [[r.Tonemapper.Quality:5]]
[2019.04.29-13.56.46:297][  0]LogConfig: Setting CVar [[r.DOF.Gather.AccumulatorQuality:1        ; higher gathering accumulator quality]]
[2019.04.29-13.56.46:297][  0]LogConfig: Setting CVar [[r.DOF.Gather.PostfilterMethod:1          ; Median3x3 postfilering method]]
[2019.04.29-13.56.46:297][  0]LogConfig: Setting CVar [[r.DOF.Gather.EnableBokehSettings:0       ; no bokeh simulation when gathering]]
[2019.04.29-13.56.46:297][  0]LogConfig: Setting CVar [[r.DOF.Gather.RingCount:4                 ; medium number of samples when gathering]]
[2019.04.29-13.56.46:297][  0]LogConfig: Setting CVar [[r.DOF.Scatter.ForegroundCompositing:1    ; additive foreground scattering]]
[2019.04.29-13.56.46:297][  0]LogConfig: Setting CVar [[r.DOF.Scatter.BackgroundCompositing:2    ; additive background scattering]]
[2019.04.29-13.56.46:297][  0]LogConfig: Setting CVar [[r.DOF.Scatter.EnableBokehSettings:1      ; bokeh simulation when scattering]]
[2019.04.29-13.56.46:297][  0]LogConfig: Setting CVar [[r.DOF.Scatter.MaxSpriteRatio:0.1         ; only a maximum of 10% of scattered bokeh]]
[2019.04.29-13.56.46:297][  0]LogConfig: Setting CVar [[r.DOF.Recombine.Quality:1                ; cheap slight out of focus]]
[2019.04.29-13.56.46:297][  0]LogConfig: Setting CVar [[r.DOF.Recombine.EnableBokehSettings:0    ; no bokeh simulation on slight out of focus]]
[2019.04.29-13.56.46:298][  0]LogConfig: Setting CVar [[r.DOF.TemporalAAQuality:1                ; more stable temporal accumulation]]
[2019.04.29-13.56.46:298][  0]LogConfig: Setting CVar [[r.DOF.Kernel.MaxForegroundRadius:0.025]]
[2019.04.29-13.56.46:298][  0]LogConfig: Setting CVar [[r.DOF.Kernel.MaxBackgroundRadius:0.025]]
[2019.04.29-13.56.46:298][  0]LogConfig: Applying CVar settings from Section [TextureQuality@3] File [C:/Users/falco/Desktop/CMP302_RNade/CMP302_RNade/Saved/Config/Windows/Scalability.ini]
[2019.04.29-13.56.46:298][  0]LogConfig: Setting CVar [[r.Streaming.MipBias:0]]
[2019.04.29-13.56.46:298][  0]LogConfig: Setting CVar [[r.Streaming.AmortizeCPUToGPUCopy:0]]
[2019.04.29-13.56.46:298][  0]LogConfig: Setting CVar [[r.Streaming.MaxNumTexturesToStreamPerFrame:0]]
[2019.04.29-13.56.46:298][  0]LogConfig: Setting CVar [[r.Streaming.Boost:1]]
[2019.04.29-13.56.46:298][  0]LogConfig: Setting CVar [[r.MaxAnisotropy:8]]
[2019.04.29-13.56.46:298][  0]LogConfig: Setting CVar [[r.Streaming.LimitPoolSizeToVRAM:0]]
[2019.04.29-13.56.46:298][  0]LogConfig: Setting CVar [[r.Streaming.PoolSize:1000]]
[2019.04.29-13.56.46:299][  0]LogConfig: Setting CVar [[r.Streaming.MaxEffectiveScreenSize:0]]
[2019.04.29-13.56.46:299][  0]LogConfig: Applying CVar settings from Section [EffectsQuality@3] File [C:/Users/falco/Desktop/CMP302_RNade/CMP302_RNade/Saved/Config/Windows/Scalability.ini]
[2019.04.29-13.56.46:299][  0]LogConfig: Setting CVar [[r.TranslucencyLightingVolumeDim:64]]
[2019.04.29-13.56.46:299][  0]LogConfig: Setting CVar [[r.RefractionQuality:2]]
[2019.04.29-13.56.46:299][  0]LogConfig: Setting CVar [[r.SSR.Quality:3]]
[2019.04.29-13.56.46:299][  0]LogConfig: Setting CVar [[r.SceneColorFormat:4]]
[2019.04.29-13.56.46:299][  0]LogConfig: Setting CVar [[r.DetailMode:2]]
[2019.04.29-13.56.46:299][  0]LogConfig: Setting CVar [[r.TranslucencyVolumeBlur:1]]
[2019.04.29-13.56.46:299][  0]LogConfig: Setting CVar [[r.MaterialQualityLevel:1 ; High quality]]
[2019.04.29-13.56.46:299][  0]LogConfig: Setting CVar [[r.SSS.Scale:1]]
[2019.04.29-13.56.46:300][  0]LogConfig: Setting CVar [[r.SSS.SampleSet:2]]
[2019.04.29-13.56.46:300][  0]LogConfig: Setting CVar [[r.SSS.Quality:1]]
[2019.04.29-13.56.46:300][  0]LogConfig: Setting CVar [[r.SSS.HalfRes:1]]
[2019.04.29-13.56.46:300][  0]LogConfig: Setting CVar [[r.EmitterSpawnRateScale:1.0]]
[2019.04.29-13.56.46:300][  0]LogConfig: Setting CVar [[r.ParticleLightQuality:2]]
[2019.04.29-13.56.46:300][  0]LogConfig: Applying CVar settings from Section [FoliageQuality@3] File [C:/Users/falco/Desktop/CMP302_RNade/CMP302_RNade/Saved/Config/Windows/Scalability.ini]
[2019.04.29-13.56.46:300][  0]LogConfig: Setting CVar [[foliage.DensityScale:1.0]]
[2019.04.29-13.56.46:300][  0]LogConfig: Setting CVar [[grass.DensityScale:1.0]]
[2019.04.29-13.56.46:300][  0]LogConfig: Applying CVar settings from Section [Startup] File [../../../Engine/Config/ConsoleVariables.ini]
[2019.04.29-13.56.46:301][  0]LogConfig: Setting CVar [[net.UseAdaptiveNetUpdateFrequency:0]]
[2019.04.29-13.56.46:301][  0]LogConfig: Setting CVar [[p.chaos.AllowCreatePhysxBodies:1]]
[2019.04.29-13.56.46:301][  0]LogConfig: Applying CVar settings from Section [ConsoleVariables] File [C:/Users/falco/Desktop/CMP302_RNade/CMP302_RNade/Saved/Config/Windows/Engine.ini]
[2019.04.29-13.56.46:301][  0]LogInit: Computer: CASSANDRA-V2
[2019.04.29-13.56.46:301][  0]LogInit: User: falco
[2019.04.29-13.56.46:302][  0]LogInit: CPU Page size=4096, Cores=4
[2019.04.29-13.56.46:302][  0]LogInit: High frequency timer resolution =3.433697 MHz
[2019.04.29-13.56.46:302][  0]LogMemory: Memory total: Physical=16.0GB (16GB approx)
[2019.04.29-13.56.46:302][  0]LogMemory: Platform Memory Stats for Windows
[2019.04.29-13.56.46:302][  0]LogMemory: Process Physical Memory: 98.19 MB used, 98.19 MB peak
[2019.04.29-13.56.46:302][  0]LogMemory: Process Virtual Memory: 97.80 MB used, 97.80 MB peak
[2019.04.29-13.56.46:303][  0]LogMemory: Physical Memory: 10010.11 MB used,  6338.52 MB free, 16348.62 MB total
[2019.04.29-13.56.46:303][  0]LogMemory: Virtual Memory: 4661.06 MB used,  134213064.00 MB free, 134217728.00 MB total
[2019.04.29-13.56.46:652][  0]LogInit: Using OS detected language (en-GB).
[2019.04.29-13.56.46:653][  0]LogInit: Using OS detected locale (en-GB).
[2019.04.29-13.56.46:654][  0]LogTextLocalizationManager: No specific localization for 'en-GB' exists, so the 'en' localization will be used.
[2019.04.29-13.56.46:995][  0]LogInit: Setting process to per monitor DPI aware
[2019.04.29-13.56.47:136][  0]LogSlate: New Slate User Created.  User Index 0, Is Virtual User: 0
[2019.04.29-13.56.47:136][  0]LogSlate: Slate User Registered.  User Index 0, Is Virtual User: 0
[2019.04.29-13.56.49:875][  0]LogHMD: Failed to initialize OpenVR with code 100
[2019.04.29-13.56.49:875][  0]LogD3D11RHI: D3D11 adapters:
[2019.04.29-13.56.50:586][  0]LogD3D11RHI:    0. 'NVIDIA GeForce GTX 1070' (Feature Level 11_0)
[2019.04.29-13.56.50:586][  0]LogD3D11RHI:       8088/0/8174 MB DedicatedVideo/DedicatedSystem/SharedSystem, Outputs:2, VendorId:0x10de
[2019.04.29-13.56.50:608][  0]LogD3D11RHI:    1. 'Microsoft Basic Render Driver' (Feature Level 11_0)
[2019.04.29-13.56.50:608][  0]LogD3D11RHI:       0/0/8174 MB DedicatedVideo/DedicatedSystem/SharedSystem, Outputs:0, VendorId:0x1414
[2019.04.29-13.56.50:609][  0]LogD3D11RHI: Chosen D3D11 Adapter: 0
[2019.04.29-13.56.50:624][  0]LogD3D11RHI: Creating new Direct3DDevice
[2019.04.29-13.56.50:624][  0]LogD3D11RHI:     GPU DeviceId: 0x1b81 (for the marketing name, search the web for "GPU Device Id")
[2019.04.29-13.56.50:624][  0]LogWindows: EnumDisplayDevices:
[2019.04.29-13.56.50:624][  0]LogWindows:    0. 'NVIDIA GeForce GTX 1070' (P:1 D:1)
[2019.04.29-13.56.50:625][  0]LogWindows:    1. 'NVIDIA GeForce GTX 1070' (P:0 D:1)
[2019.04.29-13.56.50:625][  0]LogWindows:    2. 'NVIDIA GeForce GTX 1070' (P:0 D:0)
[2019.04.29-13.56.50:625][  0]LogWindows:    3. 'NVIDIA GeForce GTX 1070' (P:0 D:0)
[2019.04.29-13.56.50:626][  0]LogWindows: DebugString: FoundDriverCount:4 
[2019.04.29-13.56.50:626][  0]LogD3D11RHI:     Adapter Name: NVIDIA GeForce GTX 1070
[2019.04.29-13.56.50:626][  0]LogD3D11RHI:   Driver Version: 390.77 (internal:23.21.13.9077, unified:390.77)
[2019.04.29-13.56.50:626][  0]LogD3D11RHI:      Driver Date: 1-23-2018
[2019.04.29-13.56.50:626][  0]LogRHI: Texture pool is 5661 MB (70% of 8088 MB)
[2019.04.29-13.56.50:679][  0]LogD3D11RHI: Async texture creation enabled
[2019.04.29-13.56.50:685][  0]LogRendererCore: FGlobalReadBuffer::InitRHI
[2019.04.29-13.56.50:686][  0]LogRendererCore: FGlobalReadBuffer::InitRHI
[2019.04.29-13.56.50:686][  0]LogRendererCore: FGlobalReadBuffer::InitRHI
[2019.04.29-13.56.50:702][  0]LogD3D11RHI: GPU Timing Frequency: 1000.000000 (Debug: 2 2)
[2019.04.29-13.56.51:205][  0]LogTemp: Display: Module 'AllDesktopTargetPlatform' loaded TargetPlatform 'AllDesktop'
[2019.04.29-13.56.51:233][  0]LogTemp: Display: Module 'MacClientTargetPlatform' loaded TargetPlatform 'MacClient'
[2019.04.29-13.56.51:261][  0]LogTemp: Display: Module 'MacNoEditorTargetPlatform' loaded TargetPlatform 'MacNoEditor'
[2019.04.29-13.56.51:290][  0]LogTemp: Display: Module 'MacServerTargetPlatform' loaded TargetPlatform 'MacServer'
[2019.04.29-13.56.51:325][  0]LogTemp: Display: Module 'MacTargetPlatform' loaded TargetPlatform 'Mac'
[2019.04.29-13.56.51:369][  0]LogTemp: Display: Module 'WindowsClientTargetPlatform' loaded TargetPlatform 'WindowsClient'
[2019.04.29-13.56.51:399][  0]LogTemp: Display: Module 'WindowsNoEditorTargetPlatform' loaded TargetPlatform 'WindowsNoEditor'
[2019.04.29-13.56.51:432][  0]LogTemp: Display: Module 'WindowsServerTargetPlatform' loaded TargetPlatform 'WindowsServer'
[2019.04.29-13.56.51:448][  0]LogTemp: Display: Module 'WindowsTargetPlatform' loaded TargetPlatform 'Windows'
[2019.04.29-13.56.51:621][  0]LogTemp: Display: Module 'AndroidTargetPlatform' loaded TargetPlatform 'Android'
[2019.04.29-13.56.51:621][  0]LogTemp: Display: Module 'AndroidTargetPlatform' loaded TargetPlatform 'Android_ASTC'
[2019.04.29-13.56.51:621][  0]LogTemp: Display: Module 'AndroidTargetPlatform' loaded TargetPlatform 'Android_ATC'
[2019.04.29-13.56.51:621][  0]LogTemp: Display: Module 'AndroidTargetPlatform' loaded TargetPlatform 'Android_DXT'
[2019.04.29-13.56.51:621][  0]LogTemp: Display: Module 'AndroidTargetPlatform' loaded TargetPlatform 'Android_ETC1'
[2019.04.29-13.56.51:621][  0]LogTemp: Display: Module 'AndroidTargetPlatform' loaded TargetPlatform 'Android_ETC1a'
[2019.04.29-13.56.51:621][  0]LogTemp: Display: Module 'AndroidTargetPlatform' loaded TargetPlatform 'Android_ETC2'
[2019.04.29-13.56.51:621][  0]LogTemp: Display: Module 'AndroidTargetPlatform' loaded TargetPlatform 'Android_PVRTC'
[2019.04.29-13.56.51:621][  0]LogTemp: Display: Module 'AndroidTargetPlatform' loaded TargetPlatform 'AndroidClient'
[2019.04.29-13.56.51:622][  0]LogTemp: Display: Module 'AndroidTargetPlatform' loaded TargetPlatform 'Android_ASTCClient'
[2019.04.29-13.56.51:622][  0]LogTemp: Display: Module 'AndroidTargetPlatform' loaded TargetPlatform 'Android_ATCClient'
[2019.04.29-13.56.51:622][  0]LogTemp: Display: Module 'AndroidTargetPlatform' loaded TargetPlatform 'Android_DXTClient'
[2019.04.29-13.56.51:622][  0]LogTemp: Display: Module 'AndroidTargetPlatform' loaded TargetPlatform 'Android_ETC1Client'
[2019.04.29-13.56.51:622][  0]LogTemp: Display: Module 'AndroidTargetPlatform' loaded TargetPlatform 'Android_ETC1aClient'
[2019.04.29-13.56.51:622][  0]LogTemp: Display: Module 'AndroidTargetPlatform' loaded TargetPlatform 'Android_ETC2Client'
[2019.04.29-13.56.51:622][  0]LogTemp: Display: Module 'AndroidTargetPlatform' loaded TargetPlatform 'Android_PVRTCClient'
[2019.04.29-13.56.51:622][  0]LogTemp: Display: Module 'AndroidTargetPlatform' loaded TargetPlatform 'Android_Multi'
[2019.04.29-13.56.51:622][  0]LogTemp: Display: Module 'AndroidTargetPlatform' loaded TargetPlatform 'Android_MultiClient'
[2019.04.29-13.56.51:627][  0]LogTemp: Display: Module 'HTML5TargetPlatform' loaded TargetPlatform 'HTML5'
[2019.04.29-13.56.51:725][  0]LogTemp: Display: Module 'IOSTargetPlatform' loaded TargetPlatform 'IOSClient'
[2019.04.29-13.56.51:725][  0]LogTemp: Display: Module 'IOSTargetPlatform' loaded TargetPlatform 'IOS'
[2019.04.29-13.56.51:780][  0]LogTemp: Display: Module 'TVOSTargetPlatform' loaded TargetPlatform 'TVOSClient'
[2019.04.29-13.56.51:780][  0]LogTemp: Display: Module 'TVOSTargetPlatform' loaded TargetPlatform 'TVOS'
[2019.04.29-13.56.51:809][  0]LogTemp: Display: Module 'LinuxClientTargetPlatform' loaded TargetPlatform 'LinuxClient'
[2019.04.29-13.56.51:835][  0]LogTemp: Display: Module 'LinuxNoEditorTargetPlatform' loaded TargetPlatform 'LinuxNoEditor'
[2019.04.29-13.56.51:859][  0]LogTemp: Display: Module 'LinuxServerTargetPlatform' loaded TargetPlatform 'LinuxServer'
[2019.04.29-13.56.51:896][  0]LogTemp: Display: Module 'LinuxTargetPlatform' loaded TargetPlatform 'Linux'
[2019.04.29-13.56.51:993][  0]LogTemp: Display: Module 'LuminTargetPlatform' loaded TargetPlatform 'Lumin'
[2019.04.29-13.56.51:993][  0]LogTemp: Display: Module 'LuminTargetPlatform' loaded TargetPlatform 'LuminClient'
[2019.04.29-13.56.51:994][  0]LogTargetPlatformManager: Display: Building Assets For Windows
[2019.04.29-13.56.52:065][  0]LogAudioDebug: Display: Lib vorbis DLL was dynamically loaded.
[2019.04.29-13.56.52:240][  0]LogShaderCompilers: Guid format shader working directory is -18 characters bigger than the processId version (../../../../../../Users/falco/Desktop/CMP302_RNade/CMP302_RNade/Intermediate/Shaders/WorkingDirectory/27660/).
[2019.04.29-13.56.52:240][  0]LogShaderCompilers: Cleaned the shader compiler working directory 'C:/Users/falco/AppData/Local/Temp/UnrealShaderWorkingDir/6F1235C04C7E242D4312EA90DA7015A8/'.
[2019.04.29-13.56.52:244][  0]LogXGEController: Cleaning working directory: C:/Users/falco/AppData/Local/Temp/UnrealXGEWorkingDir/
[2019.04.29-13.56.52:245][  0]LogXGEController: Cannot use XGE Controller as Incredibuild is not installed on this machine.
[2019.04.29-13.56.52:245][  0]LogShaderCompilers: Cannot use XGE Shader Compiler as Incredibuild is not installed on this machine.
[2019.04.29-13.56.52:245][  0]LogShaderCompilers: Display: Using Local Shader Compiler.
[2019.04.29-13.56.55:072][  0]LogDerivedDataCache: Display: Max Cache Size: 512 MB
[2019.04.29-13.56.55:170][  0]LogDerivedDataCache: Loaded boot cache 0.10s 75MB C:/Users/falco/AppData/Local/UnrealEngine/4.22/DerivedDataCache/Boot.ddc.
[2019.04.29-13.56.55:170][  0]LogDerivedDataCache: Display: Loaded Boot cache: C:/Users/falco/AppData/Local/UnrealEngine/4.22/DerivedDataCache/Boot.ddc
[2019.04.29-13.56.55:171][  0]LogDerivedDataCache: FDerivedDataBackendGraph:  Pak pak cache file ../../../../../../Users/falco/Desktop/CMP302_RNade/CMP302_RNade/DerivedDataCache/DDC.ddp not found, will not use a pak cache.
[2019.04.29-13.56.55:171][  0]LogDerivedDataCache: Unable to find inner node Pak for hierarchical cache Hierarchy.
[2019.04.29-13.56.55:171][  0]LogDerivedDataCache: FDerivedDataBackendGraph:  CompressedPak pak cache file ../../../../../../Users/falco/Desktop/CMP302_RNade/CMP302_RNade/DerivedDataCache/Compressed.ddp not found, will not use a pak cache.
[2019.04.29-13.56.55:171][  0]LogDerivedDataCache: Unable to find inner node CompressedPak for hierarchical cache Hierarchy.
[2019.04.29-13.56.55:196][  0]LogDerivedDataCache: Display: Pak cache opened for reading ../../../Engine/DerivedDataCache/Compressed.ddp.
[2019.04.29-13.56.55:196][  0]LogDerivedDataCache: FDerivedDataBackendGraph:  EnterprisePak pak cache file ../../../Enterprise/DerivedDataCache/Compressed.ddp not found, will not use a pak cache.
[2019.04.29-13.56.55:196][  0]LogDerivedDataCache: Unable to find inner node EnterprisePak for hierarchical cache Hierarchy.
[2019.04.29-13.56.55:211][  0]LogDerivedDataCache: Using Local data cache path C:/Users/falco/AppData/Local/UnrealEngine/Common/DerivedDataCache: Writable
[2019.04.29-13.56.55:211][  0]LogDerivedDataCache: Shared data cache path not found in *engine.ini, will not use an Shared cache.
[2019.04.29-13.56.55:211][  0]LogDerivedDataCache: Unable to find inner node Shared for hierarchical cache Hierarchy.
[2019.04.29-13.56.55:249][  0]LogMaterial: Verifying Global Shaders for PCD3D_SM5
[2019.04.29-13.56.55:252][  0]LogSlate: Using FreeType 2.6.0
[2019.04.29-13.56.55:266][  0]LogSlate: SlateFontServices - WITH_FREETYPE: 1, WITH_HARFBUZZ: 1
[2019.04.29-13.56.55:605][  0]LogAssetRegistry: FAssetRegistry took 0.0482 seconds to start up
[2019.04.29-13.56.56:284][  0]LogInit: Selected Device Profile: [Windows]
[2019.04.29-13.56.56:506][  0]LogMeshReduction: Using QuadricMeshReduction for automatic static mesh reduction
[2019.04.29-13.56.56:506][  0]LogMeshReduction: Using SimplygonMeshReduction for automatic skeletal mesh reduction
[2019.04.29-13.56.56:506][  0]LogMeshReduction: Using ProxyLODMeshReduction for automatic mesh merging
[2019.04.29-13.56.56:506][  0]LogMeshReduction: No distributed automatic mesh merging module available
[2019.04.29-13.56.56:506][  0]LogMeshMerging: No distributed automatic mesh merging module available
[2019.04.29-13.56.56:672][  0]LogNetVersion: CMP302_RNade 1.0.0, NetCL: 5660361, EngineNetVer: 10, GameNetVer: 0 (Checksum: 52348406)
[2019.04.29-13.56.58:136][  0]LogPackageLocalizationCache: Processed 10 localized package path(s) for 1 prioritized culture(s) in 0.135442 seconds
[2019.04.29-13.56.58:145][  0]LogUObjectArray: 42205 objects as part of root set at end of initial load.
[2019.04.29-13.56.58:145][  0]LogUObjectAllocator: 7325032 out of 0 bytes used by permanent object pool.
[2019.04.29-13.56.58:145][  0]LogUObjectArray: CloseDisregardForGC: 0/0 objects in disregard for GC pool
[2019.04.29-13.57.02:021][  0]LogTcpMessaging: Initializing TcpMessaging bridge
[2019.04.29-13.57.02:040][  0]LogUdpMessaging: Initializing bridge on interface 0.0.0.0:0 to multicast group 230.0.0.1:6666.
[2019.04.29-13.57.02:954][  0]SourceControl: Source control is disabled
[2019.04.29-13.57.02:955][  0]SourceControl: Source control is disabled
[2019.04.29-13.57.02:959][  0]SourceControl: Source control is disabled
[2019.04.29-13.57.02:963][  0]SourceControl: Source control is disabled
[2019.04.29-13.57.03:229][  0]LogAndroidPermission: UAndroidPermissionCallbackProxy::GetInstance
[2019.04.29-13.57.03:590][  0]LogOcInput: OculusInput pre-init called
[2019.04.29-13.57.04:692][  0]LogEngine: Initializing Engine...
[2019.04.29-13.57.04:694][  0]LogHMD: Failed to initialize OpenVR with code 100
[2019.04.29-13.57.04:696][  0]LogStats: UGameplayTagsManager::InitializeManager -  0.000 s
[2019.04.29-13.57.05:209][  0]LogInit: Initializing FReadOnlyCVARCache
[2019.04.29-13.57.05:237][  0]LogAIModule: Creating AISystem for world Untitled
[2019.04.29-13.57.05:324][  0]LogInit: XAudio2 using 'ASUS VP278 (NVIDIA High Definition Audio)' : 2 channels at 48 kHz using 16 bits per sample (channel mask 0x3)
[2019.04.29-13.57.05:356][  0]LogInit: FAudioDevice initialized.
[2019.04.29-13.57.05:356][  0]LogNetVersion: Set ProjectVersion to 1.0.0.0. Version Checksum will be recalculated on next use.
[2019.04.29-13.57.05:601][  0]LogDerivedDataCache: Saved boot cache 0.24s 75MB C:/Users/falco/AppData/Local/UnrealEngine/4.22/DerivedDataCache/Boot.ddc.
[2019.04.29-13.57.05:617][  0]LogInit: Texture streaming: Enabled
[2019.04.29-13.57.05:663][  0]LogEngineSessionManager: EngineSessionManager initialized
[2019.04.29-13.57.05:663][  0]LogEngineSessionManager: EngineSessionManager sent abnormal shutdown report. Type=Debugger, SessionId={90425074-4B3F-5741-4EFA-17947124DC27}
[2019.04.29-13.57.05:699][  0]LogInit: Transaction tracking system initialized
[2019.04.29-13.57.05:763][  0]BlueprintLog: New page: Editor Load
[2019.04.29-13.57.06:001][  0]LocalizationService: Localization service is disabled
[2019.04.29-13.57.06:878][  0]LogFileCache: Scanning file cache for directory 'C:/Users/falco/Desktop/CMP302_RNade/CMP302_RNade/Content/' took 0.03s
[2019.04.29-13.57.06:878][  0]LogCook: Display: Max memory allowance for cook 16384mb min free memory 0mb
[2019.04.29-13.57.06:879][  0]LogCook: Display: Mobile HDR setting 1
[2019.04.29-13.57.07:469][  0]SourceControl: Source control is disabled
[2019.04.29-13.57.07:470][  0]Cmd: MAP LOAD FILE="../../../../../../Users/falco/Desktop/CMP302_RNade/CMP302_RNade/Content/FirstPersonCPP/Maps/FirstPersonExampleMap.umap" TEMPLATE=0 SHOWPROGRESS=1 FEATURELEVEL=3
[2019.04.29-13.57.07:470][  0]LightingResults: New page: Lighting Build
[2019.04.29-13.57.07:476][  0]MapCheck: New page: Map Check
[2019.04.29-13.57.07:476][  0]LightingResults: New page: Lighting Build
[2019.04.29-13.57.07:606][  0]LogUObjectHash: Compacting FUObjectHashTables data took   5.01ms
[2019.04.29-13.57.07:913][  0]LogAIModule: Creating AISystem for world FirstPersonExampleMap
[2019.04.29-13.57.07:953][  0]LogEditorServer: Finished looking for orphan Actors (0.000 secs)
[2019.04.29-13.57.08:088][  0]LogUObjectHash: Compacting FUObjectHashTables data took   4.44ms
[2019.04.29-13.57.08:089][  0]Cmd: MAP CHECKDEP NOCLEARLOG
[2019.04.29-13.57.08:089][  0]MapCheck: Map check complete: 0 Error(s), 0 Warning(s), took 0.271ms to complete.
[2019.04.29-13.57.08:090][  0]LogFileHelpers: Loading map 'FirstPersonExampleMap' took 0.620
[2019.04.29-13.57.08:331][  0]LogSlate: Updating window title bar state: overlay mode, drag disabled, window buttons hidden, title bar hidden
[2019.04.29-13.57.08:344][  0]LogSlate: Updating window title bar state: overlay mode, drag disabled, window buttons hidden, title bar hidden
[2019.04.29-13.57.08:358][  0]LogSlate: Updating window title bar state: overlay mode, drag disabled, window buttons hidden, title bar hidden
[2019.04.29-13.57.08:370][  0]LogSlate: Updating window title bar state: overlay mode, drag disabled, window buttons hidden, title bar hidden
[2019.04.29-13.57.08:389][  0]LogCollectionManager: Loaded 0 collections in 0.004171 seconds
[2019.04.29-13.57.08:411][  0]LogFileCache: Scanning file cache for directory 'C:/Users/falco/Desktop/CMP302_RNade/CMP302_RNade/Saved/Collections/' took 0.01s
[2019.04.29-13.57.08:412][  0]LogFileCache: Scanning file cache for directory 'C:/Users/falco/Desktop/CMP302_RNade/CMP302_RNade/Content/Developers/falco/Collections/' took 0.00s
[2019.04.29-13.57.08:412][  0]LogFileCache: Scanning file cache for directory 'C:/Users/falco/Desktop/CMP302_RNade/CMP302_RNade/Content/Collections/' took 0.00s
[2019.04.29-13.57.08:412][  0]LogCollectionManager: Rebuilt the GUID cache for 0 collections in 0.000001 seconds
[2019.04.29-13.57.08:430][  0]LogContentBrowser: Native class hierarchy populated in 0.0180 seconds. Added 2743 classes and 661 folders.
[2019.04.29-13.57.08:446][  0]LogContentBrowser: Native class hierarchy updated for 'WidgetCarousel' in 0.0008 seconds. Added 0 classes and 0 folders.
[2019.04.29-13.57.08:458][  0]LogPakFile: Registered encryption key '00000000000000000000000000000000': 0 pak files mounted, 0 remain pending
[2019.04.29-13.57.08:471][  0]LogPakFile: Registered encryption key '00000000000000000000000000000000': 0 pak files mounted, 0 remain pending
[2019.04.29-13.57.08:497][  0]LogPakFile: Registered encryption key '00000000000000000000000000000000': 0 pak files mounted, 0 remain pending
[2019.04.29-13.57.08:504][  0]LogPakFile: Registered encryption key '00000000000000000000000000000000': 0 pak files mounted, 0 remain pending
[2019.04.29-13.57.08:510][  0]LogPakFile: Registered encryption key '00000000000000000000000000000000': 0 pak files mounted, 0 remain pending
[2019.04.29-13.57.08:516][  0]LogPakFile: Registered encryption key '00000000000000000000000000000000': 0 pak files mounted, 0 remain pending
[2019.04.29-13.57.08:522][  0]LogPakFile: Registered encryption key '00000000000000000000000000000000': 0 pak files mounted, 0 remain pending
[2019.04.29-13.57.08:528][  0]LogPakFile: Registered encryption key '00000000000000000000000000000000': 0 pak files mounted, 0 remain pending
[2019.04.29-13.57.08:536][  0]LogPakFile: Registered encryption key '00000000000000000000000000000000': 0 pak files mounted, 0 remain pending
[2019.04.29-13.57.08:543][  0]LogPakFile: Registered encryption key '00000000000000000000000000000000': 0 pak files mounted, 0 remain pending
[2019.04.29-13.57.08:550][  0]LogPakFile: Registered encryption key '00000000000000000000000000000000': 0 pak files mounted, 0 remain pending
[2019.04.29-13.57.08:556][  0]LogPakFile: Registered encryption key '00000000000000000000000000000000': 0 pak files mounted, 0 remain pending
[2019.04.29-13.57.08:565][  0]LogPakFile: Registered encryption key '00000000000000000000000000000000': 0 pak files mounted, 0 remain pending
[2019.04.29-13.57.08:572][  0]LogPakFile: Registered encryption key '00000000000000000000000000000000': 0 pak files mounted, 0 remain pending
[2019.04.29-13.57.08:578][  0]LogPakFile: Registered encryption key '00000000000000000000000000000000': 0 pak files mounted, 0 remain pending
[2019.04.29-13.57.08:584][  0]LogPakFile: Registered encryption key '00000000000000000000000000000000': 0 pak files mounted, 0 remain pending
[2019.04.29-13.57.08:621][  0]LogPakFile: Registered encryption key '00000000000000000000000000000000': 0 pak files mounted, 0 remain pending
[2019.04.29-13.57.08:628][  0]LogPakFile: Registered encryption key '00000000000000000000000000000000': 0 pak files mounted, 0 remain pending
[2019.04.29-13.57.08:635][  0]LogPakFile: Registered encryption key '00000000000000000000000000000000': 0 pak files mounted, 0 remain pending
[2019.04.29-13.57.08:642][  0]LogPakFile: Registered encryption key '00000000000000000000000000000000': 0 pak files mounted, 0 remain pending
[2019.04.29-13.57.08:650][  0]LogPakFile: Registered encryption key '00000000000000000000000000000000': 0 pak files mounted, 0 remain pending
[2019.04.29-13.57.08:657][  0]LogPakFile: Registered encryption key '00000000000000000000000000000000': 0 pak files mounted, 0 remain pending
[2019.04.29-13.57.08:665][  0]LogPakFile: Registered encryption key '00000000000000000000000000000000': 0 pak files mounted, 0 remain pending
[2019.04.29-13.57.08:673][  0]LogPakFile: Registered encryption key '00000000000000000000000000000000': 0 pak files mounted, 0 remain pending
[2019.04.29-13.57.08:679][  0]LogPakFile: Registered encryption key '00000000000000000000000000000000': 0 pak files mounted, 0 remain pending
[2019.04.29-13.57.08:686][  0]LogPakFile: Registered encryption key '00000000000000000000000000000000': 0 pak files mounted, 0 remain pending
[2019.04.29-13.57.08:863][  0]LogContentBrowser: Native class hierarchy updated for 'AddContentDialog' in 0.0007 seconds. Added 0 classes and 0 folders.
[2019.04.29-13.57.08:877][  0]LogContentBrowser: Native class hierarchy updated for 'SceneOutliner' in 0.0008 seconds. Added 1 classes and 2 folders.
[2019.04.29-13.57.08:908][  0]LogSlate: Took 0.006409 seconds to synchronously load lazily loaded font '../../../Engine/Content/Slate/Fonts/Roboto-Regular.ttf' (155K)
[2019.04.29-13.57.08:919][  0]LogSlate: Took 0.006863 seconds to synchronously load lazily loaded font '../../../Engine/Content/Slate/Fonts/Roboto-Bold.ttf' (160K)
[2019.04.29-13.57.08:932][  0]LogSlate: Took 0.005467 seconds to synchronously load lazily loaded font '../../../Engine/Content/Editor/Slate/Fonts/FontAwesome.ttf' (139K)
[2019.04.29-13.57.09:103][  0]LogRenderer: Reallocating scene render targets to support 1208x572 Format 10 NumSamples 1 (Frame:1).
[2019.04.29-13.57.09:339][  0]LogContentBrowser: Native class hierarchy updated for 'HierarchicalLODOutliner' in 0.0008 seconds. Added 0 classes and 0 folders.
[2019.04.29-13.57.09:340][  0]LogLoad: (Engine Initialization) Total time: 26.92 seconds
[2019.04.29-13.57.09:340][  0]LogLoad: (Engine Initialization) Total Blueprint compile time: 0.00 seconds
[2019.04.29-13.57.09:396][  0]LogAssetRegistry: Asset discovery search completed in 13.8157 seconds
[2019.04.29-13.57.09:400][  0]LogCollectionManager: Rebuilt the object cache for 0 collections in 0.000001 seconds (found 0 objects)
[2019.04.29-13.57.09:400][  0]LogCollectionManager: Fixed up redirectors for 0 collections in 0.000227 seconds (updated 0 objects)
[2019.04.29-13.57.09:403][  0]LogContentStreaming: Texture pool size now 1000 MB
[2019.04.29-13.57.09:461][  0]LogSlate: Took 0.000252 seconds to synchronously load lazily loaded font '../../../Engine/Content/Slate/Fonts/Roboto-Light.ttf' (167K)
[2019.04.29-13.57.12:641][312]LogSlate: FSceneViewport::OnFocusLost() reason 0
[2019.04.29-13.57.12:776][322]LogSlate: Took 0.000249 seconds to synchronously load lazily loaded font '../../../Engine/Content/Slate/Fonts/Roboto-Light.ttf' (167K)
[2019.04.29-13.57.12:786][322]LogAssetEditorManager: Opening Asset editor for Blueprint /Game/FirstPersonCPP/Blueprints/SonarScan_BP.SonarScan_BP
[2019.04.29-13.57.13:171][322]LogContentBrowser: Native class hierarchy updated for 'BlueprintGraph' in 0.0012 seconds. Added 121 classes and 0 folders.
[2019.04.29-13.57.24:260][285]LogSavePackage: Moving '../../../../../../Users/falco/Desktop/CMP302_RNade/CMP302_RNade/Saved/SonarScan_BPCA69D44145DABB605BBDABB07032C49F.tmp' to '../../../../../../Users/falco/Desktop/CMP302_RNade/CMP302_RNade/Content/FirstPersonCPP/Blueprints/SonarScan_BP.uasset'
[2019.04.29-13.57.26:126][482]Candidate modules for hot reload:
[2019.04.29-13.57.26:126][482]  CMP302_RNade
[2019.04.29-13.57.26:126][482]Launching UnrealBuildTool... [C:/Program Files/Epic Games/UE_4.22/Engine/Binaries/DotNET/UnrealBuildTool.exe  -ModuleWithSuffix=CMP302_RNade,5444 Win64 Development -TargetType=Editor -Project="C:/Users/falco/Desktop/CMP302_RNade/CMP302_RNade/CMP302_RNade.uproject" "C:/Users/falco/Desktop/CMP302_RNade/CMP302_RNade/CMP302_RNade.uproject"  -IgnoreJunk]
[2019.04.29-13.57.26:129][482]Warning: Starting HotReload took  0.0s.
[2019.04.29-13.57.46:894][891]CompilerResultsLog: New page: Compilation - 29 Apr 2019 15:57:46
[2019.04.29-13.57.46:894][891]CompilerResultsLog: Using 'git status' to determine working set for adaptive non-unity build (C:\Users\falco\Desktop\CMP302_RNade).
[2019.04.29-13.57.46:895][891]CompilerResultsLog: Creating makefile for CMP302_RNadeEditor (ini files are newer than makefile)
[2019.04.29-13.57.46:895][891]CompilerResultsLog: Parsing headers for CMP302_RNadeEditor
[2019.04.29-13.57.46:895][891]CompilerResultsLog:   Running UnrealHeaderTool "C:\Users\falco\Desktop\CMP302_RNade\CMP302_RNade\CMP302_RNade.uproject" "C:\Users\falco\Desktop\CMP302_RNade\CMP302_RNade\Intermediate\Build\Win64\CMP302_RNadeEditor\Development\CMP302_RNadeEditor.uhtmanifest" -LogCmds="loginit warning, logexit warning, logdatabase error" -Unattended -WarningsAsErrors -installed
[2019.04.29-13.57.46:895][891]CompilerResultsLog: Reflection code generated for CMP302_RNadeEditor in 12.1693055 seconds
[2019.04.29-13.57.46:895][891]CompilerResultsLog: Failed to delete file 'C:\Users\falco\Desktop\CMP302_RNade\CMP302_RNade\Binaries\Win64\UE4Editor-CMP302_RNade.pdb'
[2019.04.29-13.57.46:896][891]CompilerResultsLog:     Exception: Access to the path 'C:\Users\falco\Desktop\CMP302_RNade\CMP302_RNade\Binaries\Win64\UE4Editor-CMP302_RNade.pdb' is denied.
[2019.04.29-13.57.46:896][891]CompilerResultsLog: Attempting to retry...
[2019.04.29-13.57.46:896][891]CompilerResultsLog: Failed to delete file 'C:\Users\falco\Desktop\CMP302_RNade\CMP302_RNade\Binaries\Win64\UE4Editor-CMP302_RNade.pdb'
[2019.04.29-13.57.46:896][891]CompilerResultsLog:     Exception: Access to the path 'C:\Users\falco\Desktop\CMP302_RNade\CMP302_RNade\Binaries\Win64\UE4Editor-CMP302_RNade.pdb' is denied.
[2019.04.29-13.57.46:896][891]CompilerResultsLog: Attempting to retry...
[2019.04.29-13.57.46:896][891]CompilerResultsLog: Failed to delete file 'C:\Users\falco\Desktop\CMP302_RNade\CMP302_RNade\Binaries\Win64\UE4Editor-CMP302_RNade.pdb'
[2019.04.29-13.57.46:897][891]CompilerResultsLog:     Exception: Access to the path 'C:\Users\falco\Desktop\CMP302_RNade\CMP302_RNade\Binaries\Win64\UE4Editor-CMP302_RNade.pdb' is denied.
[2019.04.29-13.57.46:897][891]CompilerResultsLog: ERROR: Exhausted all retries!
[2019.04.29-13.57.46:897][891]CompilerResultsLog: Using Visual Studio 2017 14.16.27023 toolchain (C:\Program Files (x86)\Microsoft Visual Studio\2017\Community\VC\Tools\MSVC\14.16.27023) and Windows 10.0.17763.0 SDK (C:\Program Files (x86)\Windows Kits\10).
[2019.04.29-13.57.46:897][891]CompilerResultsLog: Building 3 actions with 8 processes...
[2019.04.29-13.57.46:897][891]CompilerResultsLog:   [1/3] UE4Editor-CMP302_RNade-5444.lib
[2019.04.29-13.57.46:897][891]CompilerResultsLog:      Creating library C:\Users\falco\Desktop\CMP302_RNade\CMP302_RNade\Intermediate\Build\Win64\UE4Editor\Development\CMP302_RNade\UE4Editor-CMP302_RNade-5444.lib and object C:\Users\falco\Desktop\CMP302_RNade\CMP302_RNade\Intermediate\Build\Win64\UE4Editor\Development\CMP302_RNade\UE4Editor-CMP302_RNade-5444.exp
[2019.04.29-13.57.46:898][891]CompilerResultsLog:   [2/3] UE4Editor-CMP302_RNade-5444.dll
[2019.04.29-13.57.46:898][891]CompilerResultsLog:      Creating library C:\Users\falco\Desktop\CMP302_RNade\CMP302_RNade\Intermediate\Build\Win64\UE4Editor\Development\CMP302_RNade\UE4Editor-CMP302_RNade-5444.suppressed.lib and object C:\Users\falco\Desktop\CMP302_RNade\CMP302_RNade\Intermediate\Build\Win64\UE4Editor\Development\CMP302_RNade\UE4Editor-CMP302_RNade-5444.suppressed.exp
[2019.04.29-13.57.46:898][891]CompilerResultsLog:   [3/3] CMP302_RNadeEditor.target
[2019.04.29-13.57.46:898][891]CompilerResultsLog: Total time in Parallel executor: 2.54 seconds
[2019.04.29-13.57.46:898][891]CompilerResultsLog: Total execution time: 20.65 seconds
[2019.04.29-13.57.46:898][891]LogMainFrame: MainFrame: Module compiling took 20.776 seconds
[2019.04.29-13.57.47:029][891]LogUObjectHash: Compacting FUObjectHashTables data took   6.61ms
[2019.04.29-13.57.47:125][891]LogContentBrowser: Native class hierarchy updated for 'CMP302_RNade' in 0.0008 seconds. Added 11 classes and 2 folders.
[2019.04.29-13.57.47:132][891]Display: HotReload successful (11 functions remapped  0 scriptstructs remapped)
[2019.04.29-13.57.47:436][891]LogUObjectHash: Compacting FUObjectHashTables data took   3.38ms
[2019.04.29-13.57.47:467][891]LogContentBrowser: Native class hierarchy populated in 0.0183 seconds. Added 2744 classes and 663 folders.
[2019.04.29-13.57.47:467][891]Display: HotReload took 21.4s.
[2019.04.29-13.57.51:573][277]LogTemp: Repeating last play command: Selected Viewport
[2019.04.29-13.57.51:624][277]LogBlueprintUserMessages: Early PlayInEditor Detection: Level '/Game/FirstPersonCPP/Maps/FirstPersonExampleMap.FirstPersonExampleMap:PersistentLevel' has LevelScriptBlueprint '/Game/FirstPersonCPP/Maps/FirstPersonExampleMap.FirstPersonExampleMap:PersistentLevel.FirstPersonExampleMap' with GeneratedClass '/Game/FirstPersonCPP/Maps/FirstPersonExampleMap.FirstPersonExampleMap_C' with ClassGeneratedBy '/Game/FirstPersonCPP/Maps/FirstPersonExampleMap.FirstPersonExampleMap:PersistentLevel.FirstPersonExampleMap'
[2019.04.29-13.57.51:624][277]LogPlayLevel: PlayLevel: No blueprints needed recompiling
[2019.04.29-13.57.51:624][277]PIE: New page: PIE session: FirstPersonExampleMap (29 Apr 2019 15:57:51)
[2019.04.29-13.57.51:639][277]LogPlayLevel: Creating play world package: /Game/FirstPersonCPP/Maps/UEDPIE_0_FirstPersonExampleMap
[2019.04.29-13.57.51:667][277]LogPlayLevel: PIE: StaticDuplicateObject took: (0.027613s)
[2019.04.29-13.57.51:669][277]LogAIModule: Creating AISystem for world FirstPersonExampleMap
[2019.04.29-13.57.51:669][277]LogPlayLevel: PIE: World Init took: (0.001481s)
[2019.04.29-13.57.51:670][277]LogPlayLevel: PIE: Created PIE world by copying editor world from /Game/FirstPersonCPP/Maps/FirstPersonExampleMap.FirstPersonExampleMap to /Game/FirstPersonCPP/Maps/UEDPIE_0_FirstPersonExampleMap.FirstPersonExampleMap (0.030115s)
[2019.04.29-13.57.51:831][277]LogUObjectHash: Compacting FUObjectHashTables data took   7.77ms
[2019.04.29-13.57.51:901][277]LogInit: XAudio2 using 'ASUS VP278 (NVIDIA High Definition Audio)' : 2 channels at 48 kHz using 16 bits per sample (channel mask 0x3)
[2019.04.29-13.57.51:917][277]LogInit: FAudioDevice initialized.
[2019.04.29-13.57.51:970][277]LogLoad: Game class is 'CMP302_RNadeGameMode'
[2019.04.29-13.57.51:978][277]LogWorld: Bringing World /Game/FirstPersonCPP/Maps/UEDPIE_0_FirstPersonExampleMap.FirstPersonExampleMap up for play (max tick rate 0) at 2019.04.29-14.57.51
[2019.04.29-13.57.51:981][277]LogWorld: Bringing up level for play took: 0.008699
[2019.04.29-13.57.52:040][277]LogContentBrowser: Native class hierarchy updated for 'MovieSceneCapture' in 0.0007 seconds. Added 20 classes and 0 folders.
[2019.04.29-13.57.52:041][277]PIE: Play in editor start time for /Game/FirstPersonCPP/Maps/UEDPIE_0_FirstPersonExampleMap 0.72
[2019.04.29-13.57.52:042][277]LogBlueprintUserMessages: Late PlayInEditor Detection: Level '/Game/FirstPersonCPP/Maps/FirstPersonExampleMap.FirstPersonExampleMap:PersistentLevel' has LevelScriptBlueprint '/Game/FirstPersonCPP/Maps/FirstPersonExampleMap.FirstPersonExampleMap:PersistentLevel.FirstPersonExampleMap' with GeneratedClass '/Game/FirstPersonCPP/Maps/FirstPersonExampleMap.FirstPersonExampleMap_C' with ClassGeneratedBy '/Game/FirstPersonCPP/Maps/FirstPersonExampleMap.FirstPersonExampleMap:PersistentLevel.FirstPersonExampleMap'
