Log file open, 04/29/19 01:37:57
LogWindows: Failed to load 'aqProf.dll' (GetLastError=126)
LogWindows: File 'aqProf.dll' does not exist
LogWindows: Failed to load 'VtuneApi.dll' (GetLastError=126)
LogWindows: File 'VtuneApi.dll' does not exist
LogWindows: Failed to load 'VtuneApi32e.dll' (GetLastError=126)
LogWindows: File 'VtuneApi32e.dll' does not exist
LogConsoleResponse: Display: Failed to find resolution value strings in scalability ini. Falling back to default.
LogInit: Display: Running engine for game: CMP302_RNade
LogPakFile: Registered encryption key '00000000000000000000000000000000': 0 pak files mounted, 0 remain pending
LogPlatformFile: Not using cached read wrapper
LogTaskGraph: Started task graph with 5 named threads and 23 total threads with 3 sets of task threads.
LogStats: Stats thread started at 0.528034
LogD3D11RHI: Loaded GFSDK_Aftermath_Lib.x64.dll
LogWindows: Failed to load '../../../Engine/Binaries/ThirdParty/libsndfile/Win64/libsndfile-1.dll' (GetLastError=126)
LogWindows: File '../../../Engine/Binaries/ThirdParty/libsndfile/Win64/libsndfile-1.dll' does not exist
LogAudioMixer: Display: Failed to load Sound File dll
LogAudioEditor: Display: LibSoundFile failed to load. Importing audio will not work correctly.
LogICUInternationalization: ICU TimeZone Detection - Raw Offset: +0:00, Platform Override: ''
LogPluginManager: Mounting plugin Paper2D
LogPluginManager: Mounting plugin AISupport
LogPluginManager: Mounting plugin LightPropagationVolume
LogPluginManager: Mounting plugin ActorLayerUtilities
LogPluginManager: Mounting plugin AnimationSharing
LogPluginManager: Mounting plugin CLionSourceCodeAccess
LogPluginManager: Mounting plugin CodeLiteSourceCodeAccess
LogPluginManager: Mounting plugin GitSourceControl
LogPluginManager: Mounting plugin KDevelopSourceCodeAccess
LogPluginManager: Mounting plugin NullSourceCodeAccess
LogPluginManager: Mounting plugin PerforceSourceControl
LogPluginManager: Mounting plugin SubversionSourceControl
LogPluginManager: Mounting plugin UObjectPlugin
LogPluginManager: Mounting plugin VisualStudioCodeSourceCodeAccess
LogPluginManager: Mounting plugin VisualStudioSourceCodeAccess
LogPluginManager: Mounting plugin XCodeSourceCodeAccess
LogPluginManager: Mounting plugin AssetManagerEditor
LogPluginManager: Mounting plugin CryptoKeys
LogPluginManager: Mounting plugin DataValidation
LogPluginManager: Mounting plugin FacialAnimation
LogPluginManager: Mounting plugin GameplayTagsEditor
LogPluginManager: Mounting plugin MacGraphicsSwitching
LogPluginManager: Mounting plugin MaterialAnalyzer
LogPluginManager: Mounting plugin MobileLauncherProfileWizard
LogPluginManager: Mounting plugin PluginBrowser
LogPluginManager: Mounting plugin SpeedTreeImporter
LogPluginManager: Mounting plugin DatasmithContent
LogPluginManager: Mounting plugin VariantManagerContent
LogPluginManager: Mounting plugin AlembicImporter
LogPluginManager: Mounting plugin AppleImageUtils
LogPluginManager: Mounting plugin AppleVision
LogPluginManager: Mounting plugin BackChannel
LogPluginManager: Mounting plugin CharacterAI
LogPluginManager: Mounting plugin GeometryCache
LogPluginManager: Mounting plugin HTML5Networking
LogPluginManager: Mounting plugin ProxyLODPlugin
LogPluginManager: Mounting plugin SkeletalReduction
LogPluginManager: Mounting plugin MagicLeap
LogPluginManager: Mounting plugin MagicLeapMedia
LogPluginManager: Mounting plugin AndroidMedia
LogPluginManager: Mounting plugin AvfMedia
LogPluginManager: Mounting plugin ImgMedia
LogPluginManager: Mounting plugin LinearTimecode
LogPluginManager: Mounting plugin MediaCompositing
LogPluginManager: Mounting plugin MediaPlayerEditor
LogPluginManager: Mounting plugin WebMMedia
LogPluginManager: Mounting plugin WmfMedia
LogPluginManager: Mounting plugin TcpMessaging
LogPluginManager: Mounting plugin UdpMessaging
LogPluginManager: Mounting plugin ActorSequence
LogPluginManager: Mounting plugin LevelSequenceEditor
LogPluginManager: Mounting plugin MatineeToLevelSequence
LogPluginManager: Mounting plugin NetcodeUnitTest
LogPluginManager: Mounting plugin NUTUnrealEngine4
LogPluginManager: Mounting plugin OnlineSubsystemGooglePlay
LogPluginManager: Mounting plugin OnlineSubsystemIOS
LogPluginManager: Mounting plugin OnlineSubsystem
LogPluginManager: Mounting plugin OnlineSubsystemNull
LogPluginManager: Mounting plugin OnlineSubsystemUtils
LogPluginManager: Mounting plugin LauncherChunkInstaller
LogPluginManager: Mounting plugin AndroidDeviceProfileSelector
LogPluginManager: Mounting plugin AndroidMoviePlayer
LogPluginManager: Mounting plugin AndroidPermission
LogPluginManager: Mounting plugin AppleMoviePlayer
LogPluginManager: Mounting plugin ArchVisCharacter
LogPluginManager: Mounting plugin AudioCapture
LogPluginManager: Mounting plugin CableComponent
LogPluginManager: Mounting plugin CustomMeshComponent
LogPluginManager: Mounting plugin EditableMesh
LogPluginManager: Mounting plugin ExampleDeviceProfileSelector
LogPluginManager: Mounting plugin Firebase
LogPluginManager: Mounting plugin GoogleCloudMessaging
LogPluginManager: Mounting plugin IOSDeviceProfileSelector
LogPluginManager: Mounting plugin LinuxDeviceProfileSelector
LogPluginManager: Mounting plugin LocationServicesBPLibrary
LogPluginManager: Mounting plugin MobilePatchingUtils
LogPluginManager: Mounting plugin OculusVR
LogPluginManager: Mounting plugin PhysXVehicles
LogPluginManager: Mounting plugin ProceduralMeshComponent
LogPluginManager: Mounting plugin RuntimePhysXCooking
LogPluginManager: Mounting plugin SignificanceManager
LogPluginManager: Mounting plugin SteamVR
LogPluginManager: Mounting plugin WebMMoviePlayer
LogPluginManager: Mounting plugin WindowsMoviePlayer
LogInit: Using libcurl 7.55.1-DEV
LogInit:  - built for x86_64-pc-win32
LogInit:  - supports SSL with OpenSSL/1.1.1
LogInit:  - supports HTTP deflate (compression) using libz 1.2.8
LogInit:  - other features:
LogInit:      CURL_VERSION_SSL
LogInit:      CURL_VERSION_LIBZ
LogInit:      CURL_VERSION_IPV6
LogInit:      CURL_VERSION_ASYNCHDNS
LogInit:      CURL_VERSION_LARGEFILE
LogInit:      CURL_VERSION_IDN
LogInit:  CurlRequestOptions (configurable via config and command line):
LogInit:  - bVerifyPeer = true  - Libcurl will verify peer certificate
LogInit:  - bUseHttpProxy = false  - Libcurl will NOT use HTTP proxy
LogInit:  - bDontReuseConnections = false  - Libcurl will reuse connections
LogInit:  - MaxHostConnections = 16  - Libcurl will limit the number of connections to a host
LogInit:  - LocalHostAddr = Default
LogInit:  - BufferSize = 65536
LogInit: WinSock: version 1.1 (2.2), MaxSocks=32767, MaxUdp=65467
LogInit: Build: ++UE4+Release-4.22-CL-5660361
LogInit: Engine Version: 4.22.0-5660361+++UE4+Release-4.22
LogInit: Compatible Engine Version: 4.22.0-5660361+++UE4+Release-4.22
LogInit: Net CL: 5660361
LogInit: OS: Windows 10 (Release 1803) (), CPU: AMD FX(tm)-8320 Eight-Core Processor           , GPU: NVIDIA GeForce GTX 1070
LogInit: Compiled (64-bit): Mar 31 2019 02:05:09
LogInit: Compiled with Visual C++: 19.16.27025.01
LogInit: Build Configuration: Development
LogInit: Branch Name: ++UE4+Release-4.22
LogInit: Command Line:  -skipcompile
LogInit: Base Directory: C:/Program Files/Epic Games/UE_4.22/Engine/Binaries/Win64/
LogInit: Installed Engine Build: 1
LogDevObjectVersion: Number of dev versions registered: 23
LogDevObjectVersion:   Dev-Blueprints (B0D832E4-1F89-4F0D-ACCF-7EB736FD4AA2): 10
LogDevObjectVersion:   Dev-Build (E1C64328-A22C-4D53-A36C-8E866417BD8C): 0
LogDevObjectVersion:   Dev-Core (375EC13C-06E4-48FB-B500-84F0262A717E): 3
LogDevObjectVersion:   Dev-Editor (E4B068ED-F494-42E9-A231-DA0B2E46BB41): 30
LogDevObjectVersion:   Dev-Framework (CFFC743F-43B0-4480-9391-14DF171D2073): 35
LogDevObjectVersion:   Dev-Mobile (B02B49B5-BB20-44E9-A304-32B752E40360): 2
LogDevObjectVersion:   Dev-Networking (A4E4105C-59A1-49B5-A7C5-40C4547EDFEE): 0
LogDevObjectVersion:   Dev-Online (39C831C9-5AE6-47DC-9A44-9C173E1C8E7C): 0
LogDevObjectVersion:   Dev-Physics (78F01B33-EBEA-4F98-B9B4-84EACCB95AA2): 0
LogDevObjectVersion:   Dev-Platform (6631380F-2D4D-43E0-8009-CF276956A95A): 0
LogDevObjectVersion:   Dev-Rendering (12F88B9F-8875-4AFC-A67C-D90C383ABD29): 28
LogDevObjectVersion:   Dev-Sequencer (7B5AE74C-D270-4C10-A958-57980B212A5A): 11
LogDevObjectVersion:   Dev-VR (D7296918-1DD6-4BDD-9DE2-64A83CC13884): 2
LogDevObjectVersion:   Dev-LoadTimes (C2A15278-BFE7-4AFE-6C17-90FF531DF755): 1
LogDevObjectVersion:   Private-Geometry (6EACA3D4-40EC-4CC1-B786-8BED09428FC5): 3
LogDevObjectVersion:   Dev-AnimPhys (29E575DD-E0A3-4627-9D10-D276232CDCEA): 17
LogDevObjectVersion:   Dev-Anim (AF43A65D-7FD3-4947-9873-3E8ED9C1BB05): 2
LogDevObjectVersion:   Dev-ReflectionCapture (6B266CEC-1EC7-4B8F-A30B-E4D90942FC07): 1
LogDevObjectVersion:   Dev-Automation (0DF73D61-A23F-47EA-B727-89E90C41499A): 1
LogDevObjectVersion:   FortniteMain (601D1886-AC64-4F84-AA16-D3DE0DEAC7D6): 25
LogDevObjectVersion:   Dev-Enterprise (9DFFBCD6-494F-0158-E221-12823C92A888): 6
LogDevObjectVersion:   Dev-Niagara (F2AED0AC-9AFE-416F-8664-AA7FFA26D6FC): 1
LogDevObjectVersion:   Dev-Destruction (174F1F0B-B4C6-45A5-B13F-2EE8D0FB917D): 2
LogInit: Presizing for max 16777216 objects, including 0 objects not considered by GC, pre-allocating 0 bytes for permanent pool.
LogInit: Object subsystem initialized
LogConfig: Setting CVar [[con.DebugEarlyDefault:1]]
LogConfig: Setting CVar [[r.setres:1280x720]]
[2019.04.29-00.37.58:535][  0]LogConfig: Setting CVar [[r.VSync:0]]
[2019.04.29-00.37.58:536][  0]LogConfig: Setting CVar [[r.RHICmdBypass:0]]
[2019.04.29-00.37.58:536][  0]LogConfig: Applying CVar settings from Section [/Script/Engine.RendererSettings] File [C:/Users/falco/Desktop/CMP302_RNade/CMP302_RNade/Saved/Config/Windows/Engine.ini]
[2019.04.29-00.37.58:536][  0]LogConfig: Setting CVar [[r.GPUCrashDebugging:0]]
[2019.04.29-00.37.58:536][  0]LogConfig: Applying CVar settings from Section [/Script/Engine.RendererOverrideSettings] File [C:/Users/falco/Desktop/CMP302_RNade/CMP302_RNade/Saved/Config/Windows/Engine.ini]
[2019.04.29-00.37.58:536][  0]LogConfig: Applying CVar settings from Section [/Script/Engine.StreamingSettings] File [C:/Users/falco/Desktop/CMP302_RNade/CMP302_RNade/Saved/Config/Windows/Engine.ini]
[2019.04.29-00.37.58:536][  0]LogConfig: Setting CVar [[s.MinBulkDataSizeForAsyncLoading:131072]]
[2019.04.29-00.37.58:536][  0]LogConfig: Setting CVar [[s.AsyncLoadingThreadEnabled:0]]
[2019.04.29-00.37.58:536][  0]LogConfig: Setting CVar [[s.EventDrivenLoaderEnabled:1]]
[2019.04.29-00.37.58:537][  0]LogConfig: Setting CVar [[s.WarnIfTimeLimitExceeded:0]]
[2019.04.29-00.37.58:537][  0]LogConfig: Setting CVar [[s.TimeLimitExceededMultiplier:1.5]]
[2019.04.29-00.37.58:537][  0]LogConfig: Setting CVar [[s.TimeLimitExceededMinTime:0.005]]
[2019.04.29-00.37.58:537][  0]LogConfig: Setting CVar [[s.UseBackgroundLevelStreaming:1]]
[2019.04.29-00.37.58:537][  0]LogConfig: Setting CVar [[s.PriorityAsyncLoadingExtraTime:15.0]]
[2019.04.29-00.37.58:537][  0]LogConfig: Setting CVar [[s.LevelStreamingActorsUpdateTimeLimit:5.0]]
[2019.04.29-00.37.58:537][  0]LogConfig: Setting CVar [[s.PriorityLevelStreamingActorsUpdateExtraTime:5.0]]
[2019.04.29-00.37.58:537][  0]LogConfig: Setting CVar [[s.LevelStreamingComponentsRegistrationGranularity:10]]
[2019.04.29-00.37.58:537][  0]LogConfig: Setting CVar [[s.UnregisterComponentsTimeLimit:1.0]]
[2019.04.29-00.37.58:538][  0]LogConfig: Setting CVar [[s.LevelStreamingComponentsUnregistrationGranularity:5]]
[2019.04.29-00.37.58:538][  0]LogConfig: Applying CVar settings from Section [/Script/Engine.GarbageCollectionSettings] File [C:/Users/falco/Desktop/CMP302_RNade/CMP302_RNade/Saved/Config/Windows/Engine.ini]
[2019.04.29-00.37.58:538][  0]LogConfig: Setting CVar [[gc.MaxObjectsNotConsideredByGC:1]]
[2019.04.29-00.37.58:538][  0]LogConfig: Setting CVar [[gc.SizeOfPermanentObjectPool:0]]
[2019.04.29-00.37.58:538][  0]LogConfig: Setting CVar [[gc.FlushStreamingOnGC:0]]
[2019.04.29-00.37.58:538][  0]LogConfig: Setting CVar [[gc.NumRetriesBeforeForcingGC:10]]
[2019.04.29-00.37.58:538][  0]LogConfig: Setting CVar [[gc.AllowParallelGC:1]]
[2019.04.29-00.37.58:538][  0]LogConfig: Setting CVar [[gc.TimeBetweenPurgingPendingKillObjects:61.1]]
[2019.04.29-00.37.58:538][  0]LogConfig: Setting CVar [[gc.MaxObjectsInEditor:16777216]]
[2019.04.29-00.37.58:538][  0]LogConfig: Setting CVar [[gc.IncrementalBeginDestroyEnabled:1]]
[2019.04.29-00.37.58:539][  0]LogConfig: Setting CVar [[gc.CreateGCClusters:1]]
[2019.04.29-00.37.58:539][  0]LogConfig: Setting CVar [[gc.MinGCClusterSize:5]]
[2019.04.29-00.37.58:539][  0]LogConfig: Setting CVar [[gc.ActorClusteringEnabled:0]]
[2019.04.29-00.37.58:539][  0]LogConfig: Setting CVar [[gc.BlueprintClusteringEnabled:0]]
[2019.04.29-00.37.58:539][  0]LogConfig: Setting CVar [[gc.UseDisregardForGCOnDedicatedServers:0]]
[2019.04.29-00.37.58:539][  0]LogConfig: Applying CVar settings from Section [/Script/Engine.NetworkSettings] File [C:/Users/falco/Desktop/CMP302_RNade/CMP302_RNade/Saved/Config/Windows/Engine.ini]
[2019.04.29-00.37.58:539][  0]LogConfig: Applying CVar settings from Section [/Script/UnrealEd.CookerSettings] File [C:/Users/falco/Desktop/CMP302_RNade/CMP302_RNade/Saved/Config/Windows/Engine.ini]
[2019.04.29-00.37.58:569][  0]LogConfig: Applying CVar settings from Section [ViewDistanceQuality@3] File [C:/Users/falco/Desktop/CMP302_RNade/CMP302_RNade/Saved/Config/Windows/Scalability.ini]
[2019.04.29-00.37.58:569][  0]LogConfig: Setting CVar [[r.SkeletalMeshLODBias:0]]
[2019.04.29-00.37.58:569][  0]LogConfig: Setting CVar [[r.ViewDistanceScale:1.0]]
[2019.04.29-00.37.58:569][  0]LogConfig: Applying CVar settings from Section [AntiAliasingQuality@3] File [C:/Users/falco/Desktop/CMP302_RNade/CMP302_RNade/Saved/Config/Windows/Scalability.ini]
[2019.04.29-00.37.58:570][  0]LogConfig: Setting CVar [[r.PostProcessAAQuality:4]]
[2019.04.29-00.37.58:570][  0]LogConfig: Applying CVar settings from Section [ShadowQuality@3] File [C:/Users/falco/Desktop/CMP302_RNade/CMP302_RNade/Saved/Config/Windows/Scalability.ini]
[2019.04.29-00.37.58:570][  0]LogConfig: Setting CVar [[r.LightFunctionQuality:1]]
[2019.04.29-00.37.58:570][  0]LogConfig: Setting CVar [[r.ShadowQuality:5]]
[2019.04.29-00.37.58:570][  0]LogConfig: Setting CVar [[r.Shadow.CSM.MaxCascades:10]]
[2019.04.29-00.37.58:570][  0]LogConfig: Setting CVar [[r.Shadow.MaxResolution:2048]]
[2019.04.29-00.37.58:570][  0]LogConfig: Setting CVar [[r.Shadow.MaxCSMResolution:2048]]
[2019.04.29-00.37.58:570][  0]LogConfig: Setting CVar [[r.Shadow.RadiusThreshold:0.01]]
[2019.04.29-00.37.58:571][  0]LogConfig: Setting CVar [[r.Shadow.DistanceScale:1.0]]
[2019.04.29-00.37.58:571][  0]LogConfig: Setting CVar [[r.Shadow.CSM.TransitionScale:1.0]]
[2019.04.29-00.37.58:571][  0]LogConfig: Setting CVar [[r.Shadow.PreShadowResolutionFactor:1.0]]
[2019.04.29-00.37.58:571][  0]LogConfig: Setting CVar [[r.DistanceFieldShadowing:1]]
[2019.04.29-00.37.58:571][  0]LogConfig: Setting CVar [[r.DistanceFieldAO:1]]
[2019.04.29-00.37.58:572][  0]LogConfig: Setting CVar [[r.AOQuality:2]]
[2019.04.29-00.37.58:572][  0]LogConfig: Setting CVar [[r.VolumetricFog:1]]
[2019.04.29-00.37.58:572][  0]LogConfig: Setting CVar [[r.VolumetricFog.GridPixelSize:8]]
[2019.04.29-00.37.58:572][  0]LogConfig: Setting CVar [[r.VolumetricFog.GridSizeZ:128]]
[2019.04.29-00.37.58:572][  0]LogConfig: Setting CVar [[r.VolumetricFog.HistoryMissSupersampleCount:4]]
[2019.04.29-00.37.58:572][  0]LogConfig: Setting CVar [[r.LightMaxDrawDistanceScale:1]]
[2019.04.29-00.37.58:572][  0]LogConfig: Setting CVar [[r.CapsuleShadows:1]]
[2019.04.29-00.37.58:572][  0]LogConfig: Applying CVar settings from Section [PostProcessQuality@3] File [C:/Users/falco/Desktop/CMP302_RNade/CMP302_RNade/Saved/Config/Windows/Scalability.ini]
[2019.04.29-00.37.58:572][  0]LogConfig: Setting CVar [[r.MotionBlurQuality:4]]
[2019.04.29-00.37.58:572][  0]LogConfig: Setting CVar [[r.AmbientOcclusionMipLevelFactor:0.4]]
[2019.04.29-00.37.58:572][  0]LogConfig: Setting CVar [[r.AmbientOcclusionMaxQuality:100]]
[2019.04.29-00.37.58:573][  0]LogConfig: Setting CVar [[r.AmbientOcclusionLevels:-1]]
[2019.04.29-00.37.58:573][  0]LogConfig: Setting CVar [[r.AmbientOcclusionRadiusScale:1.0]]
[2019.04.29-00.37.58:573][  0]LogConfig: Setting CVar [[r.DepthOfFieldQuality:2]]
[2019.04.29-00.37.58:573][  0]LogConfig: Setting CVar [[r.RenderTargetPoolMin:400]]
[2019.04.29-00.37.58:573][  0]LogConfig: Setting CVar [[r.LensFlareQuality:2]]
[2019.04.29-00.37.58:573][  0]LogConfig: Setting CVar [[r.SceneColorFringeQuality:1]]
[2019.04.29-00.37.58:573][  0]LogConfig: Setting CVar [[r.EyeAdaptationQuality:2]]
[2019.04.29-00.37.58:573][  0]LogConfig: Setting CVar [[r.BloomQuality:5]]
[2019.04.29-00.37.58:573][  0]LogConfig: Setting CVar [[r.FastBlurThreshold:100]]
[2019.04.29-00.37.58:574][  0]LogConfig: Setting CVar [[r.Upscale.Quality:3]]
[2019.04.29-00.37.58:574][  0]LogConfig: Setting CVar [[r.Tonemapper.GrainQuantization:1]]
[2019.04.29-00.37.58:574][  0]LogConfig: Setting CVar [[r.LightShaftQuality:1]]
[2019.04.29-00.37.58:574][  0]LogConfig: Setting CVar [[r.Filter.SizeScale:1]]
[2019.04.29-00.37.58:574][  0]LogConfig: Setting CVar [[r.Tonemapper.Quality:5]]
[2019.04.29-00.37.58:574][  0]LogConfig: Setting CVar [[r.DOF.Gather.AccumulatorQuality:1        ; higher gathering accumulator quality]]
[2019.04.29-00.37.58:574][  0]LogConfig: Setting CVar [[r.DOF.Gather.PostfilterMethod:1          ; Median3x3 postfilering method]]
[2019.04.29-00.37.58:574][  0]LogConfig: Setting CVar [[r.DOF.Gather.EnableBokehSettings:0       ; no bokeh simulation when gathering]]
[2019.04.29-00.37.58:574][  0]LogConfig: Setting CVar [[r.DOF.Gather.RingCount:4                 ; medium number of samples when gathering]]
[2019.04.29-00.37.58:574][  0]LogConfig: Setting CVar [[r.DOF.Scatter.ForegroundCompositing:1    ; additive foreground scattering]]
[2019.04.29-00.37.58:575][  0]LogConfig: Setting CVar [[r.DOF.Scatter.BackgroundCompositing:2    ; additive background scattering]]
[2019.04.29-00.37.58:575][  0]LogConfig: Setting CVar [[r.DOF.Scatter.EnableBokehSettings:1      ; bokeh simulation when scattering]]
[2019.04.29-00.37.58:575][  0]LogConfig: Setting CVar [[r.DOF.Scatter.MaxSpriteRatio:0.1         ; only a maximum of 10% of scattered bokeh]]
[2019.04.29-00.37.58:575][  0]LogConfig: Setting CVar [[r.DOF.Recombine.Quality:1                ; cheap slight out of focus]]
[2019.04.29-00.37.58:575][  0]LogConfig: Setting CVar [[r.DOF.Recombine.EnableBokehSettings:0    ; no bokeh simulation on slight out of focus]]
[2019.04.29-00.37.58:575][  0]LogConfig: Setting CVar [[r.DOF.TemporalAAQuality:1                ; more stable temporal accumulation]]
[2019.04.29-00.37.58:576][  0]LogConfig: Setting CVar [[r.DOF.Kernel.MaxForegroundRadius:0.025]]
[2019.04.29-00.37.58:576][  0]LogConfig: Setting CVar [[r.DOF.Kernel.MaxBackgroundRadius:0.025]]
[2019.04.29-00.37.58:576][  0]LogConfig: Applying CVar settings from Section [TextureQuality@3] File [C:/Users/falco/Desktop/CMP302_RNade/CMP302_RNade/Saved/Config/Windows/Scalability.ini]
[2019.04.29-00.37.58:576][  0]LogConfig: Setting CVar [[r.Streaming.MipBias:0]]
[2019.04.29-00.37.58:576][  0]LogConfig: Setting CVar [[r.Streaming.AmortizeCPUToGPUCopy:0]]
[2019.04.29-00.37.58:576][  0]LogConfig: Setting CVar [[r.Streaming.MaxNumTexturesToStreamPerFrame:0]]
[2019.04.29-00.37.58:577][  0]LogConfig: Setting CVar [[r.Streaming.Boost:1]]
[2019.04.29-00.37.58:577][  0]LogConfig: Setting CVar [[r.MaxAnisotropy:8]]
[2019.04.29-00.37.58:577][  0]LogConfig: Setting CVar [[r.Streaming.LimitPoolSizeToVRAM:0]]
[2019.04.29-00.37.58:577][  0]LogConfig: Setting CVar [[r.Streaming.PoolSize:1000]]
[2019.04.29-00.37.58:577][  0]LogConfig: Setting CVar [[r.Streaming.MaxEffectiveScreenSize:0]]
[2019.04.29-00.37.58:577][  0]LogConfig: Applying CVar settings from Section [EffectsQuality@3] File [C:/Users/falco/Desktop/CMP302_RNade/CMP302_RNade/Saved/Config/Windows/Scalability.ini]
[2019.04.29-00.37.58:577][  0]LogConfig: Setting CVar [[r.TranslucencyLightingVolumeDim:64]]
[2019.04.29-00.37.58:577][  0]LogConfig: Setting CVar [[r.RefractionQuality:2]]
[2019.04.29-00.37.58:578][  0]LogConfig: Setting CVar [[r.SSR.Quality:3]]
[2019.04.29-00.37.58:578][  0]LogConfig: Setting CVar [[r.SceneColorFormat:4]]
[2019.04.29-00.37.58:578][  0]LogConfig: Setting CVar [[r.DetailMode:2]]
[2019.04.29-00.37.58:578][  0]LogConfig: Setting CVar [[r.TranslucencyVolumeBlur:1]]
[2019.04.29-00.37.58:578][  0]LogConfig: Setting CVar [[r.MaterialQualityLevel:1 ; High quality]]
[2019.04.29-00.37.58:578][  0]LogConfig: Setting CVar [[r.SSS.Scale:1]]
[2019.04.29-00.37.58:578][  0]LogConfig: Setting CVar [[r.SSS.SampleSet:2]]
[2019.04.29-00.37.58:578][  0]LogConfig: Setting CVar [[r.SSS.Quality:1]]
[2019.04.29-00.37.58:578][  0]LogConfig: Setting CVar [[r.SSS.HalfRes:1]]
[2019.04.29-00.37.58:578][  0]LogConfig: Setting CVar [[r.EmitterSpawnRateScale:1.0]]
[2019.04.29-00.37.58:579][  0]LogConfig: Setting CVar [[r.ParticleLightQuality:2]]
[2019.04.29-00.37.58:579][  0]LogConfig: Applying CVar settings from Section [FoliageQuality@3] File [C:/Users/falco/Desktop/CMP302_RNade/CMP302_RNade/Saved/Config/Windows/Scalability.ini]
[2019.04.29-00.37.58:579][  0]LogConfig: Setting CVar [[foliage.DensityScale:1.0]]
[2019.04.29-00.37.58:579][  0]LogConfig: Setting CVar [[grass.DensityScale:1.0]]
[2019.04.29-00.37.58:579][  0]LogInit: Selected Device Profile: [Windows]
[2019.04.29-00.37.58:579][  0]LogInit: Applying CVar settings loaded from the selected device profile: [Windows]
[2019.04.29-00.37.58:613][  0]LogHAL: Display: Platform has ~ 16 GB [17142771712 / 17179869184 / 16], which maps to Larger [LargestMinGB=32, LargerMinGB=12, DefaultMinGB=8, SmallerMinGB=6, SmallestMinGB=0)
[2019.04.29-00.37.58:613][  0]LogConfig: Setting CVar [[r.Vulkan.UseRealUBs:0		; Required until we fix HLR fall-out]]
[2019.04.29-00.37.58:613][  0]LogInit: Going up to parent DeviceProfile []
[2019.04.29-00.37.58:614][  0]LogConfig: Applying CVar settings from Section [ViewDistanceQuality@3] File [C:/Users/falco/Desktop/CMP302_RNade/CMP302_RNade/Saved/Config/Windows/Scalability.ini]
[2019.04.29-00.37.58:614][  0]LogConfig: Setting CVar [[r.SkeletalMeshLODBias:0]]
[2019.04.29-00.37.58:614][  0]LogConfig: Setting CVar [[r.ViewDistanceScale:1.0]]
[2019.04.29-00.37.58:614][  0]LogConfig: Applying CVar settings from Section [AntiAliasingQuality@3] File [C:/Users/falco/Desktop/CMP302_RNade/CMP302_RNade/Saved/Config/Windows/Scalability.ini]
[2019.04.29-00.37.58:614][  0]LogConfig: Setting CVar [[r.PostProcessAAQuality:4]]
[2019.04.29-00.37.58:614][  0]LogConfig: Applying CVar settings from Section [ShadowQuality@3] File [C:/Users/falco/Desktop/CMP302_RNade/CMP302_RNade/Saved/Config/Windows/Scalability.ini]
[2019.04.29-00.37.58:614][  0]LogConfig: Setting CVar [[r.LightFunctionQuality:1]]
[2019.04.29-00.37.58:614][  0]LogConfig: Setting CVar [[r.ShadowQuality:5]]
[2019.04.29-00.37.58:614][  0]LogConfig: Setting CVar [[r.Shadow.CSM.MaxCascades:10]]
[2019.04.29-00.37.58:615][  0]LogConfig: Setting CVar [[r.Shadow.MaxResolution:2048]]
[2019.04.29-00.37.58:615][  0]LogConfig: Setting CVar [[r.Shadow.MaxCSMResolution:2048]]
[2019.04.29-00.37.58:615][  0]LogConfig: Setting CVar [[r.Shadow.RadiusThreshold:0.01]]
[2019.04.29-00.37.58:615][  0]LogConfig: Setting CVar [[r.Shadow.DistanceScale:1.0]]
[2019.04.29-00.37.58:615][  0]LogConfig: Setting CVar [[r.Shadow.CSM.TransitionScale:1.0]]
[2019.04.29-00.37.58:615][  0]LogConfig: Setting CVar [[r.Shadow.PreShadowResolutionFactor:1.0]]
[2019.04.29-00.37.58:615][  0]LogConfig: Setting CVar [[r.DistanceFieldShadowing:1]]
[2019.04.29-00.37.58:616][  0]LogConfig: Setting CVar [[r.DistanceFieldAO:1]]
[2019.04.29-00.37.58:617][  0]LogConfig: Setting CVar [[r.AOQuality:2]]
[2019.04.29-00.37.58:617][  0]LogConfig: Setting CVar [[r.VolumetricFog:1]]
[2019.04.29-00.37.58:617][  0]LogConfig: Setting CVar [[r.VolumetricFog.GridPixelSize:8]]
[2019.04.29-00.37.58:617][  0]LogConfig: Setting CVar [[r.VolumetricFog.GridSizeZ:128]]
[2019.04.29-00.37.58:618][  0]LogConfig: Setting CVar [[r.VolumetricFog.HistoryMissSupersampleCount:4]]
[2019.04.29-00.37.58:618][  0]LogConfig: Setting CVar [[r.LightMaxDrawDistanceScale:1]]
[2019.04.29-00.37.58:618][  0]LogConfig: Setting CVar [[r.CapsuleShadows:1]]
[2019.04.29-00.37.58:618][  0]LogConfig: Applying CVar settings from Section [PostProcessQuality@3] File [C:/Users/falco/Desktop/CMP302_RNade/CMP302_RNade/Saved/Config/Windows/Scalability.ini]
[2019.04.29-00.37.58:618][  0]LogConfig: Setting CVar [[r.MotionBlurQuality:4]]
[2019.04.29-00.37.58:619][  0]LogConfig: Setting CVar [[r.AmbientOcclusionMipLevelFactor:0.4]]
[2019.04.29-00.37.58:619][  0]LogConfig: Setting CVar [[r.AmbientOcclusionMaxQuality:100]]
[2019.04.29-00.37.58:619][  0]LogConfig: Setting CVar [[r.AmbientOcclusionLevels:-1]]
[2019.04.29-00.37.58:619][  0]LogConfig: Setting CVar [[r.AmbientOcclusionRadiusScale:1.0]]
[2019.04.29-00.37.58:619][  0]LogConfig: Setting CVar [[r.DepthOfFieldQuality:2]]
[2019.04.29-00.37.58:619][  0]LogConfig: Setting CVar [[r.RenderTargetPoolMin:400]]
[2019.04.29-00.37.58:620][  0]LogConfig: Setting CVar [[r.LensFlareQuality:2]]
[2019.04.29-00.37.58:620][  0]LogConfig: Setting CVar [[r.SceneColorFringeQuality:1]]
[2019.04.29-00.37.58:620][  0]LogConfig: Setting CVar [[r.EyeAdaptationQuality:2]]
[2019.04.29-00.37.58:621][  0]LogConfig: Setting CVar [[r.BloomQuality:5]]
[2019.04.29-00.37.58:621][  0]LogConfig: Setting CVar [[r.FastBlurThreshold:100]]
[2019.04.29-00.37.58:621][  0]LogConfig: Setting CVar [[r.Upscale.Quality:3]]
[2019.04.29-00.37.58:621][  0]LogConfig: Setting CVar [[r.Tonemapper.GrainQuantization:1]]
[2019.04.29-00.37.58:621][  0]LogConfig: Setting CVar [[r.LightShaftQuality:1]]
[2019.04.29-00.37.58:621][  0]LogConfig: Setting CVar [[r.Filter.SizeScale:1]]
[2019.04.29-00.37.58:622][  0]LogConfig: Setting CVar [[r.Tonemapper.Quality:5]]
[2019.04.29-00.37.58:622][  0]LogConfig: Setting CVar [[r.DOF.Gather.AccumulatorQuality:1        ; higher gathering accumulator quality]]
[2019.04.29-00.37.58:622][  0]LogConfig: Setting CVar [[r.DOF.Gather.PostfilterMethod:1          ; Median3x3 postfilering method]]
[2019.04.29-00.37.58:622][  0]LogConfig: Setting CVar [[r.DOF.Gather.EnableBokehSettings:0       ; no bokeh simulation when gathering]]
[2019.04.29-00.37.58:622][  0]LogConfig: Setting CVar [[r.DOF.Gather.RingCount:4                 ; medium number of samples when gathering]]
[2019.04.29-00.37.58:622][  0]LogConfig: Setting CVar [[r.DOF.Scatter.ForegroundCompositing:1    ; additive foreground scattering]]
[2019.04.29-00.37.58:622][  0]LogConfig: Setting CVar [[r.DOF.Scatter.BackgroundCompositing:2    ; additive background scattering]]
[2019.04.29-00.37.58:623][  0]LogConfig: Setting CVar [[r.DOF.Scatter.EnableBokehSettings:1      ; bokeh simulation when scattering]]
[2019.04.29-00.37.58:623][  0]LogConfig: Setting CVar [[r.DOF.Scatter.MaxSpriteRatio:0.1         ; only a maximum of 10% of scattered bokeh]]
[2019.04.29-00.37.58:623][  0]LogConfig: Setting CVar [[r.DOF.Recombine.Quality:1                ; cheap slight out of focus]]
[2019.04.29-00.37.58:623][  0]LogConfig: Setting CVar [[r.DOF.Recombine.EnableBokehSettings:0    ; no bokeh simulation on slight out of focus]]
[2019.04.29-00.37.58:623][  0]LogConfig: Setting CVar [[r.DOF.TemporalAAQuality:1                ; more stable temporal accumulation]]
[2019.04.29-00.37.58:623][  0]LogConfig: Setting CVar [[r.DOF.Kernel.MaxForegroundRadius:0.025]]
[2019.04.29-00.37.58:623][  0]LogConfig: Setting CVar [[r.DOF.Kernel.MaxBackgroundRadius:0.025]]
[2019.04.29-00.37.58:624][  0]LogConfig: Applying CVar settings from Section [TextureQuality@3] File [C:/Users/falco/Desktop/CMP302_RNade/CMP302_RNade/Saved/Config/Windows/Scalability.ini]
[2019.04.29-00.37.58:624][  0]LogConfig: Setting CVar [[r.Streaming.MipBias:0]]
[2019.04.29-00.37.58:624][  0]LogConfig: Setting CVar [[r.Streaming.AmortizeCPUToGPUCopy:0]]
[2019.04.29-00.37.58:624][  0]LogConfig: Setting CVar [[r.Streaming.MaxNumTexturesToStreamPerFrame:0]]
[2019.04.29-00.37.58:624][  0]LogConfig: Setting CVar [[r.Streaming.Boost:1]]
[2019.04.29-00.37.58:624][  0]LogConfig: Setting CVar [[r.MaxAnisotropy:8]]
[2019.04.29-00.37.58:624][  0]LogConfig: Setting CVar [[r.Streaming.LimitPoolSizeToVRAM:0]]
[2019.04.29-00.37.58:624][  0]LogConfig: Setting CVar [[r.Streaming.PoolSize:1000]]
[2019.04.29-00.37.58:624][  0]LogConfig: Setting CVar [[r.Streaming.MaxEffectiveScreenSize:0]]
[2019.04.29-00.37.58:624][  0]LogConfig: Applying CVar settings from Section [EffectsQuality@3] File [C:/Users/falco/Desktop/CMP302_RNade/CMP302_RNade/Saved/Config/Windows/Scalability.ini]
[2019.04.29-00.37.58:625][  0]LogConfig: Setting CVar [[r.TranslucencyLightingVolumeDim:64]]
[2019.04.29-00.37.58:625][  0]LogConfig: Setting CVar [[r.RefractionQuality:2]]
[2019.04.29-00.37.58:625][  0]LogConfig: Setting CVar [[r.SSR.Quality:3]]
[2019.04.29-00.37.58:625][  0]LogConfig: Setting CVar [[r.SceneColorFormat:4]]
[2019.04.29-00.37.58:625][  0]LogConfig: Setting CVar [[r.DetailMode:2]]
[2019.04.29-00.37.58:625][  0]LogConfig: Setting CVar [[r.TranslucencyVolumeBlur:1]]
[2019.04.29-00.37.58:626][  0]LogConfig: Setting CVar [[r.MaterialQualityLevel:1 ; High quality]]
[2019.04.29-00.37.58:626][  0]LogConfig: Setting CVar [[r.SSS.Scale:1]]
[2019.04.29-00.37.58:626][  0]LogConfig: Setting CVar [[r.SSS.SampleSet:2]]
[2019.04.29-00.37.58:626][  0]LogConfig: Setting CVar [[r.SSS.Quality:1]]
[2019.04.29-00.37.58:626][  0]LogConfig: Setting CVar [[r.SSS.HalfRes:1]]
[2019.04.29-00.37.58:626][  0]LogConfig: Setting CVar [[r.EmitterSpawnRateScale:1.0]]
[2019.04.29-00.37.58:627][  0]LogConfig: Setting CVar [[r.ParticleLightQuality:2]]
[2019.04.29-00.37.58:627][  0]LogConfig: Applying CVar settings from Section [FoliageQuality@3] File [C:/Users/falco/Desktop/CMP302_RNade/CMP302_RNade/Saved/Config/Windows/Scalability.ini]
[2019.04.29-00.37.58:627][  0]LogConfig: Setting CVar [[foliage.DensityScale:1.0]]
[2019.04.29-00.37.58:627][  0]LogConfig: Setting CVar [[grass.DensityScale:1.0]]
[2019.04.29-00.37.58:627][  0]LogConfig: Applying CVar settings from Section [Startup] File [../../../Engine/Config/ConsoleVariables.ini]
[2019.04.29-00.37.58:627][  0]LogConfig: Setting CVar [[net.UseAdaptiveNetUpdateFrequency:0]]
[2019.04.29-00.37.58:627][  0]LogConfig: Setting CVar [[p.chaos.AllowCreatePhysxBodies:1]]
[2019.04.29-00.37.58:628][  0]LogConfig: Applying CVar settings from Section [ConsoleVariables] File [C:/Users/falco/Desktop/CMP302_RNade/CMP302_RNade/Saved/Config/Windows/Engine.ini]
[2019.04.29-00.37.58:628][  0]LogInit: Computer: CASSANDRA-V2
[2019.04.29-00.37.58:628][  0]LogInit: User: falco
[2019.04.29-00.37.58:628][  0]LogInit: CPU Page size=4096, Cores=4
[2019.04.29-00.37.58:628][  0]LogInit: High frequency timer resolution =3.433697 MHz
[2019.04.29-00.37.58:629][  0]LogMemory: Memory total: Physical=16.0GB (16GB approx)
[2019.04.29-00.37.58:629][  0]LogMemory: Platform Memory Stats for Windows
[2019.04.29-00.37.58:629][  0]LogMemory: Process Physical Memory: 98.05 MB used, 98.05 MB peak
[2019.04.29-00.37.58:629][  0]LogMemory: Process Virtual Memory: 97.50 MB used, 97.50 MB peak
[2019.04.29-00.37.58:629][  0]LogMemory: Physical Memory: 10959.71 MB used,  5388.91 MB free, 16348.62 MB total
[2019.04.29-00.37.58:629][  0]LogMemory: Virtual Memory: 4661.06 MB used,  134213064.00 MB free, 134217728.00 MB total
[2019.04.29-00.37.58:854][  0]LogInit: Using OS detected language (en-GB).
[2019.04.29-00.37.58:854][  0]LogInit: Using OS detected locale (en-GB).
[2019.04.29-00.37.58:858][  0]LogTextLocalizationManager: No specific localization for 'en-GB' exists, so the 'en' localization will be used.
[2019.04.29-00.37.59:209][  0]LogInit: Setting process to per monitor DPI aware
[2019.04.29-00.37.59:327][  0]LogSlate: New Slate User Created.  User Index 0, Is Virtual User: 0
[2019.04.29-00.37.59:327][  0]LogSlate: Slate User Registered.  User Index 0, Is Virtual User: 0
[2019.04.29-00.37.59:680][  0]LogHMD: Failed to initialize OpenVR with code 100
[2019.04.29-00.37.59:680][  0]LogD3D11RHI: D3D11 adapters:
[2019.04.29-00.37.59:803][  0]LogD3D11RHI:    0. 'NVIDIA GeForce GTX 1070' (Feature Level 11_0)
[2019.04.29-00.37.59:803][  0]LogD3D11RHI:       8088/0/8174 MB DedicatedVideo/DedicatedSystem/SharedSystem, Outputs:2, VendorId:0x10de
[2019.04.29-00.37.59:813][  0]LogD3D11RHI:    1. 'Microsoft Basic Render Driver' (Feature Level 11_0)
[2019.04.29-00.37.59:813][  0]LogD3D11RHI:       0/0/8174 MB DedicatedVideo/DedicatedSystem/SharedSystem, Outputs:0, VendorId:0x1414
[2019.04.29-00.37.59:813][  0]LogD3D11RHI: Chosen D3D11 Adapter: 0
[2019.04.29-00.37.59:835][  0]LogD3D11RHI: Creating new Direct3DDevice
[2019.04.29-00.37.59:836][  0]LogD3D11RHI:     GPU DeviceId: 0x1b81 (for the marketing name, search the web for "GPU Device Id")
[2019.04.29-00.37.59:836][  0]LogWindows: EnumDisplayDevices:
[2019.04.29-00.37.59:836][  0]LogWindows:    0. 'NVIDIA GeForce GTX 1070' (P:1 D:1)
[2019.04.29-00.37.59:837][  0]LogWindows:    1. 'NVIDIA GeForce GTX 1070' (P:0 D:1)
[2019.04.29-00.37.59:838][  0]LogWindows:    2. 'NVIDIA GeForce GTX 1070' (P:0 D:0)
[2019.04.29-00.37.59:838][  0]LogWindows:    3. 'NVIDIA GeForce GTX 1070' (P:0 D:0)
[2019.04.29-00.37.59:839][  0]LogWindows: DebugString: FoundDriverCount:4 
[2019.04.29-00.37.59:839][  0]LogD3D11RHI:     Adapter Name: NVIDIA GeForce GTX 1070
[2019.04.29-00.37.59:839][  0]LogD3D11RHI:   Driver Version: 390.77 (internal:23.21.13.9077, unified:390.77)
[2019.04.29-00.37.59:839][  0]LogD3D11RHI:      Driver Date: 1-23-2018
[2019.04.29-00.37.59:839][  0]LogRHI: Texture pool is 5661 MB (70% of 8088 MB)
[2019.04.29-00.37.59:904][  0]LogD3D11RHI: Async texture creation enabled
[2019.04.29-00.37.59:912][  0]LogRendererCore: FGlobalReadBuffer::InitRHI
[2019.04.29-00.37.59:913][  0]LogRendererCore: FGlobalReadBuffer::InitRHI
[2019.04.29-00.37.59:913][  0]LogRendererCore: FGlobalReadBuffer::InitRHI
[2019.04.29-00.37.59:928][  0]LogD3D11RHI: GPU Timing Frequency: 1000.000000 (Debug: 2 2)
[2019.04.29-00.38.00:550][  0]LogTemp: Display: Module 'AllDesktopTargetPlatform' loaded TargetPlatform 'AllDesktop'
[2019.04.29-00.38.00:582][  0]LogTemp: Display: Module 'MacClientTargetPlatform' loaded TargetPlatform 'MacClient'
[2019.04.29-00.38.00:619][  0]LogTemp: Display: Module 'MacNoEditorTargetPlatform' loaded TargetPlatform 'MacNoEditor'
[2019.04.29-00.38.00:654][  0]LogTemp: Display: Module 'MacServerTargetPlatform' loaded TargetPlatform 'MacServer'
[2019.04.29-00.38.00:687][  0]LogTemp: Display: Module 'MacTargetPlatform' loaded TargetPlatform 'Mac'
[2019.04.29-00.38.00:721][  0]LogTemp: Display: Module 'WindowsClientTargetPlatform' loaded TargetPlatform 'WindowsClient'
[2019.04.29-00.38.00:757][  0]LogTemp: Display: Module 'WindowsNoEditorTargetPlatform' loaded TargetPlatform 'WindowsNoEditor'
[2019.04.29-00.38.00:793][  0]LogTemp: Display: Module 'WindowsServerTargetPlatform' loaded TargetPlatform 'WindowsServer'
[2019.04.29-00.38.00:815][  0]LogTemp: Display: Module 'WindowsTargetPlatform' loaded TargetPlatform 'Windows'
[2019.04.29-00.38.01:005][  0]LogTemp: Display: Module 'AndroidTargetPlatform' loaded TargetPlatform 'Android'
[2019.04.29-00.38.01:005][  0]LogTemp: Display: Module 'AndroidTargetPlatform' loaded TargetPlatform 'Android_ASTC'
[2019.04.29-00.38.01:005][  0]LogTemp: Display: Module 'AndroidTargetPlatform' loaded TargetPlatform 'Android_ATC'
[2019.04.29-00.38.01:005][  0]LogTemp: Display: Module 'AndroidTargetPlatform' loaded TargetPlatform 'Android_DXT'
[2019.04.29-00.38.01:006][  0]LogTemp: Display: Module 'AndroidTargetPlatform' loaded TargetPlatform 'Android_ETC1'
[2019.04.29-00.38.01:006][  0]LogTemp: Display: Module 'AndroidTargetPlatform' loaded TargetPlatform 'Android_ETC1a'
[2019.04.29-00.38.01:006][  0]LogTemp: Display: Module 'AndroidTargetPlatform' loaded TargetPlatform 'Android_ETC2'
[2019.04.29-00.38.01:006][  0]LogTemp: Display: Module 'AndroidTargetPlatform' loaded TargetPlatform 'Android_PVRTC'
[2019.04.29-00.38.01:006][  0]LogTemp: Display: Module 'AndroidTargetPlatform' loaded TargetPlatform 'AndroidClient'
[2019.04.29-00.38.01:006][  0]LogTemp: Display: Module 'AndroidTargetPlatform' loaded TargetPlatform 'Android_ASTCClient'
[2019.04.29-00.38.01:006][  0]LogTemp: Display: Module 'AndroidTargetPlatform' loaded TargetPlatform 'Android_ATCClient'
[2019.04.29-00.38.01:006][  0]LogTemp: Display: Module 'AndroidTargetPlatform' loaded TargetPlatform 'Android_DXTClient'
[2019.04.29-00.38.01:007][  0]LogTemp: Display: Module 'AndroidTargetPlatform' loaded TargetPlatform 'Android_ETC1Client'
[2019.04.29-00.38.01:007][  0]LogTemp: Display: Module 'AndroidTargetPlatform' loaded TargetPlatform 'Android_ETC1aClient'
[2019.04.29-00.38.01:007][  0]LogTemp: Display: Module 'AndroidTargetPlatform' loaded TargetPlatform 'Android_ETC2Client'
[2019.04.29-00.38.01:007][  0]LogTemp: Display: Module 'AndroidTargetPlatform' loaded TargetPlatform 'Android_PVRTCClient'
[2019.04.29-00.38.01:007][  0]LogTemp: Display: Module 'AndroidTargetPlatform' loaded TargetPlatform 'Android_Multi'
[2019.04.29-00.38.01:007][  0]LogTemp: Display: Module 'AndroidTargetPlatform' loaded TargetPlatform 'Android_MultiClient'
[2019.04.29-00.38.01:015][  0]LogTemp: Display: Module 'HTML5TargetPlatform' loaded TargetPlatform 'HTML5'
[2019.04.29-00.38.01:112][  0]LogTemp: Display: Module 'IOSTargetPlatform' loaded TargetPlatform 'IOSClient'
[2019.04.29-00.38.01:112][  0]LogTemp: Display: Module 'IOSTargetPlatform' loaded TargetPlatform 'IOS'
[2019.04.29-00.38.01:162][  0]LogTemp: Display: Module 'TVOSTargetPlatform' loaded TargetPlatform 'TVOSClient'
[2019.04.29-00.38.01:163][  0]LogTemp: Display: Module 'TVOSTargetPlatform' loaded TargetPlatform 'TVOS'
[2019.04.29-00.38.01:195][  0]LogTemp: Display: Module 'LinuxClientTargetPlatform' loaded TargetPlatform 'LinuxClient'
[2019.04.29-00.38.01:233][  0]LogTemp: Display: Module 'LinuxNoEditorTargetPlatform' loaded TargetPlatform 'LinuxNoEditor'
[2019.04.29-00.38.01:272][  0]LogTemp: Display: Module 'LinuxServerTargetPlatform' loaded TargetPlatform 'LinuxServer'
[2019.04.29-00.38.01:315][  0]LogTemp: Display: Module 'LinuxTargetPlatform' loaded TargetPlatform 'Linux'
[2019.04.29-00.38.01:411][  0]LogTemp: Display: Module 'LuminTargetPlatform' loaded TargetPlatform 'Lumin'
[2019.04.29-00.38.01:412][  0]LogTemp: Display: Module 'LuminTargetPlatform' loaded TargetPlatform 'LuminClient'
[2019.04.29-00.38.01:412][  0]LogTargetPlatformManager: Display: Building Assets For Windows
[2019.04.29-00.38.01:447][  0]LogAudioDebug: Display: Lib vorbis DLL was dynamically loaded.
[2019.04.29-00.38.01:658][  0]LogShaderCompilers: Guid format shader working directory is -18 characters bigger than the processId version (../../../../../../Users/falco/Desktop/CMP302_RNade/CMP302_RNade/Intermediate/Shaders/WorkingDirectory/35828/).
[2019.04.29-00.38.01:658][  0]LogShaderCompilers: Cleaned the shader compiler working directory 'C:/Users/falco/AppData/Local/Temp/UnrealShaderWorkingDir/E2169378487AA26CB35E5992C866CD97/'.
[2019.04.29-00.38.01:663][  0]LogXGEController: Cleaning working directory: C:/Users/falco/AppData/Local/Temp/UnrealXGEWorkingDir/
[2019.04.29-00.38.01:663][  0]LogXGEController: Cannot use XGE Controller as Incredibuild is not installed on this machine.
[2019.04.29-00.38.01:664][  0]LogShaderCompilers: Cannot use XGE Shader Compiler as Incredibuild is not installed on this machine.
[2019.04.29-00.38.01:664][  0]LogShaderCompilers: Display: Using Local Shader Compiler.
[2019.04.29-00.38.02:791][  0]LogDerivedDataCache: Display: Max Cache Size: 512 MB
[2019.04.29-00.38.02:919][  0]LogDerivedDataCache: Loaded boot cache 0.13s 75MB C:/Users/falco/AppData/Local/UnrealEngine/4.22/DerivedDataCache/Boot.ddc.
[2019.04.29-00.38.02:920][  0]LogDerivedDataCache: Display: Loaded Boot cache: C:/Users/falco/AppData/Local/UnrealEngine/4.22/DerivedDataCache/Boot.ddc
[2019.04.29-00.38.02:920][  0]LogDerivedDataCache: FDerivedDataBackendGraph:  Pak pak cache file ../../../../../../Users/falco/Desktop/CMP302_RNade/CMP302_RNade/DerivedDataCache/DDC.ddp not found, will not use a pak cache.
[2019.04.29-00.38.02:921][  0]LogDerivedDataCache: Unable to find inner node Pak for hierarchical cache Hierarchy.
[2019.04.29-00.38.02:921][  0]LogDerivedDataCache: FDerivedDataBackendGraph:  CompressedPak pak cache file ../../../../../../Users/falco/Desktop/CMP302_RNade/CMP302_RNade/DerivedDataCache/Compressed.ddp not found, will not use a pak cache.
[2019.04.29-00.38.02:921][  0]LogDerivedDataCache: Unable to find inner node CompressedPak for hierarchical cache Hierarchy.
[2019.04.29-00.38.02:942][  0]LogDerivedDataCache: Display: Pak cache opened for reading ../../../Engine/DerivedDataCache/Compressed.ddp.
[2019.04.29-00.38.02:942][  0]LogDerivedDataCache: FDerivedDataBackendGraph:  EnterprisePak pak cache file ../../../Enterprise/DerivedDataCache/Compressed.ddp not found, will not use a pak cache.
[2019.04.29-00.38.02:942][  0]LogDerivedDataCache: Unable to find inner node EnterprisePak for hierarchical cache Hierarchy.
[2019.04.29-00.38.02:962][  0]LogDerivedDataCache: Using Local data cache path C:/Users/falco/AppData/Local/UnrealEngine/Common/DerivedDataCache: Writable
[2019.04.29-00.38.02:962][  0]LogDerivedDataCache: Shared data cache path not found in *engine.ini, will not use an Shared cache.
[2019.04.29-00.38.02:962][  0]LogDerivedDataCache: Unable to find inner node Shared for hierarchical cache Hierarchy.
[2019.04.29-00.38.03:013][  0]LogMaterial: Verifying Global Shaders for PCD3D_SM5
[2019.04.29-00.38.03:016][  0]LogSlate: Using FreeType 2.6.0
[2019.04.29-00.38.03:018][  0]LogSlate: SlateFontServices - WITH_FREETYPE: 1, WITH_HARFBUZZ: 1
[2019.04.29-00.38.03:164][  0]LogAssetRegistry: FAssetRegistry took 0.0563 seconds to start up
[2019.04.29-00.38.03:872][  0]LogInit: Selected Device Profile: [Windows]
[2019.04.29-00.38.04:022][  0]LogMeshReduction: Using QuadricMeshReduction for automatic static mesh reduction
[2019.04.29-00.38.04:022][  0]LogMeshReduction: Using SimplygonMeshReduction for automatic skeletal mesh reduction
[2019.04.29-00.38.04:022][  0]LogMeshReduction: Using ProxyLODMeshReduction for automatic mesh merging
[2019.04.29-00.38.04:022][  0]LogMeshReduction: No distributed automatic mesh merging module available
[2019.04.29-00.38.04:022][  0]LogMeshMerging: No distributed automatic mesh merging module available
[2019.04.29-00.38.04:184][  0]LogNetVersion: CMP302_RNade 1.0.0, NetCL: 5660361, EngineNetVer: 10, GameNetVer: 0 (Checksum: 52348406)
[2019.04.29-00.38.05:037][  0]LogPackageLocalizationCache: Processed 10 localized package path(s) for 1 prioritized culture(s) in 0.179470 seconds
[2019.04.29-00.38.05:048][  0]LogUObjectArray: 42205 objects as part of root set at end of initial load.
[2019.04.29-00.38.05:048][  0]LogUObjectAllocator: 7325032 out of 0 bytes used by permanent object pool.
[2019.04.29-00.38.05:048][  0]LogUObjectArray: CloseDisregardForGC: 0/0 objects in disregard for GC pool
[2019.04.29-00.38.06:750][  0]LogTcpMessaging: Initializing TcpMessaging bridge
[2019.04.29-00.38.06:774][  0]LogUdpMessaging: Initializing bridge on interface 0.0.0.0:0 to multicast group 230.0.0.1:6666.
[2019.04.29-00.38.07:388][  0]SourceControl: Source control is disabled
[2019.04.29-00.38.07:388][  0]SourceControl: Source control is disabled
[2019.04.29-00.38.07:393][  0]SourceControl: Source control is disabled
[2019.04.29-00.38.07:397][  0]SourceControl: Source control is disabled
[2019.04.29-00.38.07:737][  0]LogAndroidPermission: UAndroidPermissionCallbackProxy::GetInstance
[2019.04.29-00.38.08:171][  0]LogOcInput: OculusInput pre-init called
[2019.04.29-00.38.09:249][  0]LogEngine: Initializing Engine...
[2019.04.29-00.38.09:251][  0]LogHMD: Failed to initialize OpenVR with code 100
[2019.04.29-00.38.09:253][  0]LogStats: UGameplayTagsManager::InitializeManager -  0.000 s
[2019.04.29-00.38.09:672][  0]LogInit: Initializing FReadOnlyCVARCache
[2019.04.29-00.38.09:709][  0]LogAIModule: Creating AISystem for world Untitled
[2019.04.29-00.38.09:914][  0]LogInit: XAudio2 using 'ASUS VP278 (NVIDIA High Definition Audio)' : 2 channels at 48 kHz using 16 bits per sample (channel mask 0x3)
[2019.04.29-00.38.09:951][  0]LogInit: FAudioDevice initialized.
[2019.04.29-00.38.09:952][  0]LogNetVersion: Set ProjectVersion to 1.0.0.0. Version Checksum will be recalculated on next use.
[2019.04.29-00.38.10:203][  0]LogDerivedDataCache: Saved boot cache 0.25s 75MB C:/Users/falco/AppData/Local/UnrealEngine/4.22/DerivedDataCache/Boot.ddc.
[2019.04.29-00.38.10:224][  0]LogInit: Texture streaming: Enabled
[2019.04.29-00.38.10:299][  0]LogEngineSessionManager: EngineSessionManager initialized
[2019.04.29-00.38.10:300][  0]LogEngineSessionManager: EngineSessionManager sent abnormal shutdown report. Type=Debugger, SessionId={1F816805-4790-AECC-0FB3-59ACFE2890EE}
[2019.04.29-00.38.10:300][  0]LogEngineSessionManager: EngineSessionManager sent abnormal shutdown report. Type=Debugger, SessionId={75FF0B3E-49B5-E656-0DCA-8B99960E1AAE}
[2019.04.29-00.38.10:348][  0]LogInit: Transaction tracking system initialized
[2019.04.29-00.38.10:420][  0]BlueprintLog: New page: Editor Load
[2019.04.29-00.38.10:680][  0]LocalizationService: Localization service is disabled
[2019.04.29-00.38.11:337][  0]LogFileCache: Scanning file cache for directory 'C:/Users/falco/Desktop/CMP302_RNade/CMP302_RNade/Content/' took 0.02s
[2019.04.29-00.38.11:337][  0]LogCook: Display: Max memory allowance for cook 16384mb min free memory 0mb
[2019.04.29-00.38.11:338][  0]LogCook: Display: Mobile HDR setting 1
[2019.04.29-00.38.11:857][  0]SourceControl: Source control is disabled
[2019.04.29-00.38.11:858][  0]Cmd: MAP LOAD FILE="../../../../../../Users/falco/Desktop/CMP302_RNade/CMP302_RNade/Content/FirstPersonCPP/Maps/FirstPersonExampleMap.umap" TEMPLATE=0 SHOWPROGRESS=1 FEATURELEVEL=3
[2019.04.29-00.38.11:859][  0]LightingResults: New page: Lighting Build
[2019.04.29-00.38.11:863][  0]MapCheck: New page: Map Check
[2019.04.29-00.38.11:863][  0]LightingResults: New page: Lighting Build
[2019.04.29-00.38.12:006][  0]LogUObjectHash: Compacting FUObjectHashTables data took   5.22ms
[2019.04.29-00.38.12:212][  0]LogAIModule: Creating AISystem for world FirstPersonExampleMap
[2019.04.29-00.38.12:295][  0]LogEditorServer: Finished looking for orphan Actors (0.000 secs)
[2019.04.29-00.38.12:418][  0]LogUObjectHash: Compacting FUObjectHashTables data took   6.91ms
[2019.04.29-00.38.12:419][  0]Cmd: MAP CHECKDEP NOCLEARLOG
[2019.04.29-00.38.12:420][  0]MapCheck: Map check complete: 0 Error(s), 0 Warning(s), took 0.282ms to complete.
[2019.04.29-00.38.12:420][  0]LogFileHelpers: Loading map 'FirstPersonExampleMap' took 0.562
[2019.04.29-00.38.12:653][  0]LogSlate: Updating window title bar state: overlay mode, drag disabled, window buttons hidden, title bar hidden
[2019.04.29-00.38.12:670][  0]LogSlate: Updating window title bar state: overlay mode, drag disabled, window buttons hidden, title bar hidden
[2019.04.29-00.38.12:690][  0]LogSlate: Updating window title bar state: overlay mode, drag disabled, window buttons hidden, title bar hidden
[2019.04.29-00.38.12:708][  0]LogSlate: Updating window title bar state: overlay mode, drag disabled, window buttons hidden, title bar hidden
[2019.04.29-00.38.12:734][  0]LogCollectionManager: Loaded 0 collections in 0.004717 seconds
[2019.04.29-00.38.12:797][  0]LogFileCache: Scanning file cache for directory 'C:/Users/falco/Desktop/CMP302_RNade/CMP302_RNade/Saved/Collections/' took 0.02s
[2019.04.29-00.38.12:797][  0]LogFileCache: Scanning file cache for directory 'C:/Users/falco/Desktop/CMP302_RNade/CMP302_RNade/Content/Developers/falco/Collections/' took 0.02s
[2019.04.29-00.38.12:797][  0]LogFileCache: Scanning file cache for directory 'C:/Users/falco/Desktop/CMP302_RNade/CMP302_RNade/Content/Collections/' took 0.02s
[2019.04.29-00.38.12:797][  0]LogCollectionManager: Rebuilt the GUID cache for 0 collections in 0.000001 seconds
[2019.04.29-00.38.12:821][  0]LogContentBrowser: Native class hierarchy populated in 0.0236 seconds. Added 2743 classes and 661 folders.
[2019.04.29-00.38.12:838][  0]LogContentBrowser: Native class hierarchy updated for 'WidgetCarousel' in 0.0007 seconds. Added 0 classes and 0 folders.
[2019.04.29-00.38.12:841][  0]LogPakFile: Registered encryption key '00000000000000000000000000000000': 0 pak files mounted, 0 remain pending
[2019.04.29-00.38.12:843][  0]LogPakFile: Registered encryption key '00000000000000000000000000000000': 0 pak files mounted, 0 remain pending
[2019.04.29-00.38.12:845][  0]LogPakFile: Registered encryption key '00000000000000000000000000000000': 0 pak files mounted, 0 remain pending
[2019.04.29-00.38.12:847][  0]LogPakFile: Registered encryption key '00000000000000000000000000000000': 0 pak files mounted, 0 remain pending
[2019.04.29-00.38.12:848][  0]LogPakFile: Registered encryption key '00000000000000000000000000000000': 0 pak files mounted, 0 remain pending
[2019.04.29-00.38.12:849][  0]LogPakFile: Registered encryption key '00000000000000000000000000000000': 0 pak files mounted, 0 remain pending
[2019.04.29-00.38.12:851][  0]LogPakFile: Registered encryption key '00000000000000000000000000000000': 0 pak files mounted, 0 remain pending
[2019.04.29-00.38.12:853][  0]LogPakFile: Registered encryption key '00000000000000000000000000000000': 0 pak files mounted, 0 remain pending
[2019.04.29-00.38.12:854][  0]LogPakFile: Registered encryption key '00000000000000000000000000000000': 0 pak files mounted, 0 remain pending
[2019.04.29-00.38.12:855][  0]LogPakFile: Registered encryption key '00000000000000000000000000000000': 0 pak files mounted, 0 remain pending
[2019.04.29-00.38.12:857][  0]LogPakFile: Registered encryption key '00000000000000000000000000000000': 0 pak files mounted, 0 remain pending
[2019.04.29-00.38.12:858][  0]LogPakFile: Registered encryption key '00000000000000000000000000000000': 0 pak files mounted, 0 remain pending
[2019.04.29-00.38.12:860][  0]LogPakFile: Registered encryption key '00000000000000000000000000000000': 0 pak files mounted, 0 remain pending
[2019.04.29-00.38.12:861][  0]LogPakFile: Registered encryption key '00000000000000000000000000000000': 0 pak files mounted, 0 remain pending
[2019.04.29-00.38.12:863][  0]LogPakFile: Registered encryption key '00000000000000000000000000000000': 0 pak files mounted, 0 remain pending
[2019.04.29-00.38.12:864][  0]LogPakFile: Registered encryption key '00000000000000000000000000000000': 0 pak files mounted, 0 remain pending
[2019.04.29-00.38.12:865][  0]LogPakFile: Registered encryption key '00000000000000000000000000000000': 0 pak files mounted, 0 remain pending
[2019.04.29-00.38.12:866][  0]LogPakFile: Registered encryption key '00000000000000000000000000000000': 0 pak files mounted, 0 remain pending
[2019.04.29-00.38.12:867][  0]LogPakFile: Registered encryption key '00000000000000000000000000000000': 0 pak files mounted, 0 remain pending
[2019.04.29-00.38.12:868][  0]LogPakFile: Registered encryption key '00000000000000000000000000000000': 0 pak files mounted, 0 remain pending
[2019.04.29-00.38.12:872][  0]LogPakFile: Registered encryption key '00000000000000000000000000000000': 0 pak files mounted, 0 remain pending
[2019.04.29-00.38.12:874][  0]LogPakFile: Registered encryption key '00000000000000000000000000000000': 0 pak files mounted, 0 remain pending
[2019.04.29-00.38.12:876][  0]LogPakFile: Registered encryption key '00000000000000000000000000000000': 0 pak files mounted, 0 remain pending
[2019.04.29-00.38.12:878][  0]LogPakFile: Registered encryption key '00000000000000000000000000000000': 0 pak files mounted, 0 remain pending
[2019.04.29-00.38.12:879][  0]LogPakFile: Registered encryption key '00000000000000000000000000000000': 0 pak files mounted, 0 remain pending
[2019.04.29-00.38.12:881][  0]LogPakFile: Registered encryption key '00000000000000000000000000000000': 0 pak files mounted, 0 remain pending
[2019.04.29-00.38.12:972][  0]LogContentBrowser: Native class hierarchy updated for 'AddContentDialog' in 0.0008 seconds. Added 0 classes and 0 folders.
[2019.04.29-00.38.12:991][  0]LogContentBrowser: Native class hierarchy updated for 'SceneOutliner' in 0.0009 seconds. Added 1 classes and 2 folders.
[2019.04.29-00.38.13:024][  0]LogSlate: Took 0.000287 seconds to synchronously load lazily loaded font '../../../Engine/Content/Slate/Fonts/Roboto-Regular.ttf' (155K)
[2019.04.29-00.38.13:028][  0]LogSlate: Took 0.000403 seconds to synchronously load lazily loaded font '../../../Engine/Content/Slate/Fonts/Roboto-Bold.ttf' (160K)
[2019.04.29-00.38.13:043][  0]LogSlate: Took 0.000432 seconds to synchronously load lazily loaded font '../../../Engine/Content/Editor/Slate/Fonts/FontAwesome.ttf' (139K)
[2019.04.29-00.38.13:181][  0]LogRenderer: Reallocating scene render targets to support 1208x572 Format 10 NumSamples 1 (Frame:1).
[2019.04.29-00.38.13:482][  0]LogContentBrowser: Native class hierarchy updated for 'HierarchicalLODOutliner' in 0.0008 seconds. Added 0 classes and 0 folders.
[2019.04.29-00.38.13:482][  0]LogLoad: (Engine Initialization) Total time: 19.12 seconds
[2019.04.29-00.38.13:483][  0]LogLoad: (Engine Initialization) Total Blueprint compile time: 0.00 seconds
[2019.04.29-00.38.13:498][  0]LogWindowsTextInputMethodSystem: Display: IME system now deactivated.
[2019.04.29-00.38.13:548][  0]LogAssetRegistry: Asset discovery search completed in 10.4107 seconds
[2019.04.29-00.38.13:551][  0]LogCollectionManager: Rebuilt the object cache for 0 collections in 0.000001 seconds (found 0 objects)
[2019.04.29-00.38.13:551][  0]LogCollectionManager: Fixed up redirectors for 0 collections in 0.000229 seconds (updated 0 objects)
[2019.04.29-00.38.13:554][  0]LogContentStreaming: Texture pool size now 1000 MB
[2019.04.29-00.38.13:616][  0]LogSlate: Took 0.000213 seconds to synchronously load lazily loaded font '../../../Engine/Content/Slate/Fonts/Roboto-Light.ttf' (167K)
[2019.04.29-00.38.20:302][632]LogSlate: FSceneViewport::OnFocusLost() reason 0
[2019.04.29-00.38.20:352][637]LogTemp: Repeating last play command: Selected Viewport
[2019.04.29-00.38.20:413][637]LogBlueprintUserMessages: Early PlayInEditor Detection: Level '/Game/FirstPersonCPP/Maps/FirstPersonExampleMap.FirstPersonExampleMap:PersistentLevel' has LevelScriptBlueprint '/Game/FirstPersonCPP/Maps/FirstPersonExampleMap.FirstPersonExampleMap:PersistentLevel.FirstPersonExampleMap' with GeneratedClass '/Game/FirstPersonCPP/Maps/FirstPersonExampleMap.FirstPersonExampleMap_C' with ClassGeneratedBy '/Game/FirstPersonCPP/Maps/FirstPersonExampleMap.FirstPersonExampleMap:PersistentLevel.FirstPersonExampleMap'
[2019.04.29-00.38.20:413][637]LogPlayLevel: PlayLevel: No blueprints needed recompiling
[2019.04.29-00.38.20:414][637]PIE: New page: PIE session: FirstPersonExampleMap (29 Apr 2019 02:38:20)
[2019.04.29-00.38.20:433][637]LogPlayLevel: Creating play world package: /Game/FirstPersonCPP/Maps/UEDPIE_0_FirstPersonExampleMap
[2019.04.29-00.38.20:472][637]LogPlayLevel: PIE: StaticDuplicateObject took: (0.038213s)
[2019.04.29-00.38.20:474][637]LogAIModule: Creating AISystem for world FirstPersonExampleMap
[2019.04.29-00.38.20:474][637]LogPlayLevel: PIE: World Init took: (0.001473s)
[2019.04.29-00.38.20:475][637]LogPlayLevel: PIE: Created PIE world by copying editor world from /Game/FirstPersonCPP/Maps/FirstPersonExampleMap.FirstPersonExampleMap to /Game/FirstPersonCPP/Maps/UEDPIE_0_FirstPersonExampleMap.FirstPersonExampleMap (0.041553s)
[2019.04.29-00.38.20:592][637]LogUObjectHash: Compacting FUObjectHashTables data took   2.92ms
[2019.04.29-00.38.20:673][637]LogInit: XAudio2 using 'ASUS VP278 (NVIDIA High Definition Audio)' : 2 channels at 48 kHz using 16 bits per sample (channel mask 0x3)
[2019.04.29-00.38.20:693][637]LogInit: FAudioDevice initialized.
[2019.04.29-00.38.20:744][637]LogLoad: Game class is 'CMP302_RNadeGameMode'
[2019.04.29-00.38.20:755][637]LogWorld: Bringing World /Game/FirstPersonCPP/Maps/UEDPIE_0_FirstPersonExampleMap.FirstPersonExampleMap up for play (max tick rate 0) at 2019.04.29-01.38.20
[2019.04.29-00.38.20:759][637]LogWorld: Bringing up level for play took: 0.012342
[2019.04.29-00.38.20:784][637]LogContentBrowser: Native class hierarchy updated for 'MovieSceneCapture' in 0.0011 seconds. Added 20 classes and 0 folders.
[2019.04.29-00.38.20:786][637]PIE: Play in editor start time for /Game/FirstPersonCPP/Maps/UEDPIE_0_FirstPersonExampleMap 0.977
[2019.04.29-00.38.20:787][637]LogBlueprintUserMessages: Late PlayInEditor Detection: Level '/Game/FirstPersonCPP/Maps/FirstPersonExampleMap.FirstPersonExampleMap:PersistentLevel' has LevelScriptBlueprint '/Game/FirstPersonCPP/Maps/FirstPersonExampleMap.FirstPersonExampleMap:PersistentLevel.FirstPersonExampleMap' with GeneratedClass '/Game/FirstPersonCPP/Maps/FirstPersonExampleMap.FirstPersonExampleMap_C' with ClassGeneratedBy '/Game/FirstPersonCPP/Maps/FirstPersonExampleMap.FirstPersonExampleMap:PersistentLevel.FirstPersonExampleMap'
[2019.04.29-00.38.25:067][ 16]LogBlueprintUserMessages: Early EndPlayMap Detection: Level '/Game/FirstPersonCPP/Maps/FirstPersonExampleMap.FirstPersonExampleMap:PersistentLevel' has LevelScriptBlueprint '/Game/FirstPersonCPP/Maps/FirstPersonExampleMap.FirstPersonExampleMap:PersistentLevel.FirstPersonExampleMap' with GeneratedClass '/Game/FirstPersonCPP/Maps/FirstPersonExampleMap.FirstPersonExampleMap_C' with ClassGeneratedBy '/Game/FirstPersonCPP/Maps/FirstPersonExampleMap.FirstPersonExampleMap:PersistentLevel.FirstPersonExampleMap'
[2019.04.29-00.38.25:068][ 16]LogSlate: Updating window title bar state: overlay mode, drag disabled, window buttons hidden, title bar hidden
[2019.04.29-00.38.25:115][ 16]LogPlayLevel: Display: Shutting down PIE online subsystems
[2019.04.29-00.38.25:115][ 16]LogBlueprintUserMessages: Late EndPlayMap Detection: Level '/Game/FirstPersonCPP/Maps/FirstPersonExampleMap.FirstPersonExampleMap:PersistentLevel' has LevelScriptBlueprint '/Game/FirstPersonCPP/Maps/FirstPersonExampleMap.FirstPersonExampleMap:PersistentLevel.FirstPersonExampleMap' with GeneratedClass '/Game/FirstPersonCPP/Maps/FirstPersonExampleMap.FirstPersonExampleMap_C' with ClassGeneratedBy '/Game/FirstPersonCPP/Maps/FirstPersonExampleMap.FirstPersonExampleMap:PersistentLevel.FirstPersonExampleMap'
[2019.04.29-00.38.25:277][ 16]LogSlate: Updating window title bar state: overlay mode, drag disabled, window buttons hidden, title bar hidden
[2019.04.29-00.38.25:286][ 16]LogUObjectHash: Compacting FUObjectHashTables data took   3.90ms
[2019.04.29-00.38.25:325][ 17]LogPlayLevel: Display: Destroying online subsystem :Context_6
[2019.04.29-00.38.27:894][150]LogSlate: FSceneViewport::OnFocusLost() reason 0
[2019.04.29-00.38.28:184][165]LogSlate: Took 0.000439 seconds to synchronously load lazily loaded font '../../../Engine/Content/Slate/Fonts/Roboto-Light.ttf' (167K)
[2019.04.29-00.38.28:200][165]LogAssetEditorManager: Opening Asset editor for Blueprint /Game/FirstPersonCPP/Blueprints/SonarScan_BP.SonarScan_BP
[2019.04.29-00.38.28:694][165]LogContentBrowser: Native class hierarchy updated for 'BlueprintGraph' in 0.0015 seconds. Added 121 classes and 0 folders.
[2019.04.29-00.39.11:256][186]LogAssetEditorManager: Opening Asset editor for Blueprint /Game/FirstPersonCPP/Blueprints/FirstPersonCharacter.FirstPersonCharacter
[2019.04.29-00.39.48:347][157]LogSavePackage: Moving '../../../../../../Users/falco/Desktop/CMP302_RNade/CMP302_RNade/Saved/FirstPersonCharacterDB4D63624A63E950E478F78FC189FE6E.tmp' to '../../../../../../Users/falco/Desktop/CMP302_RNade/CMP302_RNade/Content/FirstPersonCPP/Blueprints/FirstPersonCharacter.uasset'
[2019.04.29-00.39.48:849][178]BlueprintLog: New page: Compile FirstPersonCharacter
[2019.04.29-00.39.49:520][178]LogUObjectHash: Compacting FUObjectHashTables data took   7.68ms
[2019.04.29-00.40.32:086][ 12]LogSlate: Prevented a slow task dialog from being summoned while a context menu was open
[2019.04.29-00.40.34:726][136]LogSavePackage: Moving '../../../../../../Users/falco/Desktop/CMP302_RNade/CMP302_RNade/Saved/FirstPersonCharacterA8DE196C4C8200EA3FA0B99D5897EE83.tmp' to '../../../../../../Users/falco/Desktop/CMP302_RNade/CMP302_RNade/Content/FirstPersonCPP/Blueprints/FirstPersonCharacter.uasset'
[2019.04.29-00.40.34:899][141]BlueprintLog: New page: Compile FirstPersonCharacter
[2019.04.29-00.40.35:550][141]LogUObjectHash: Compacting FUObjectHashTables data took   7.16ms
[2019.04.29-00.40.37:947][226]Candidate modules for hot reload:
[2019.04.29-00.40.37:947][226]  CMP302_RNade
[2019.04.29-00.40.37:948][226]Launching UnrealBuildTool... [C:/Program Files/Epic Games/UE_4.22/Engine/Binaries/DotNET/UnrealBuildTool.exe  -ModuleWithSuffix=CMP302_RNade,4958 Win64 Development -TargetType=Editor -Project="C:/Users/falco/Desktop/CMP302_RNade/CMP302_RNade/CMP302_RNade.uproject" "C:/Users/falco/Desktop/CMP302_RNade/CMP302_RNade/CMP302_RNade.uproject"  -IgnoreJunk]
[2019.04.29-00.40.37:951][226]Warning: Starting HotReload took  0.0s.
[2019.04.29-00.41.08:182][814]CompilerResultsLog: New page: Compilation - 29 Apr 2019 02:41:08
[2019.04.29-00.41.08:182][814]CompilerResultsLog: Using 'git status' to determine working set for adaptive non-unity build (C:\Users\falco\Desktop\CMP302_RNade).
[2019.04.29-00.41.08:183][814]CompilerResultsLog: Creating makefile for CMP302_RNadeEditor (ini files are newer than makefile)
[2019.04.29-00.41.08:183][814]CompilerResultsLog: Parsing headers for CMP302_RNadeEditor
[2019.04.29-00.41.08:183][814]CompilerResultsLog:   Running UnrealHeaderTool "C:\Users\falco\Desktop\CMP302_RNade\CMP302_RNade\CMP302_RNade.uproject" "C:\Users\falco\Desktop\CMP302_RNade\CMP302_RNade\Intermediate\Build\Win64\CMP302_RNadeEditor\Development\CMP302_RNadeEditor.uhtmanifest" -LogCmds="loginit warning, logexit warning, logdatabase error" -Unattended -WarningsAsErrors -installed
[2019.04.29-00.41.08:183][814]CompilerResultsLog: Reflection code generated for CMP302_RNadeEditor in 14.9994682 seconds
[2019.04.29-00.41.08:183][814]CompilerResultsLog: Failed to delete file 'C:\Users\falco\Desktop\CMP302_RNade\CMP302_RNade\Binaries\Win64\UE4Editor-CMP302_RNade.pdb'
[2019.04.29-00.41.08:184][814]CompilerResultsLog:     Exception: Access to the path 'C:\Users\falco\Desktop\CMP302_RNade\CMP302_RNade\Binaries\Win64\UE4Editor-CMP302_RNade.pdb' is denied.
[2019.04.29-00.41.08:184][814]CompilerResultsLog: Attempting to retry...
[2019.04.29-00.41.08:184][814]CompilerResultsLog: Failed to delete file 'C:\Users\falco\Desktop\CMP302_RNade\CMP302_RNade\Binaries\Win64\UE4Editor-CMP302_RNade.pdb'
[2019.04.29-00.41.08:184][814]CompilerResultsLog:     Exception: Access to the path 'C:\Users\falco\Desktop\CMP302_RNade\CMP302_RNade\Binaries\Win64\UE4Editor-CMP302_RNade.pdb' is denied.
[2019.04.29-00.41.08:185][814]CompilerResultsLog: Attempting to retry...
[2019.04.29-00.41.08:187][814]CompilerResultsLog: Failed to delete file 'C:\Users\falco\Desktop\CMP302_RNade\CMP302_RNade\Binaries\Win64\UE4Editor-CMP302_RNade.pdb'
[2019.04.29-00.41.08:187][814]CompilerResultsLog:     Exception: Access to the path 'C:\Users\falco\Desktop\CMP302_RNade\CMP302_RNade\Binaries\Win64\UE4Editor-CMP302_RNade.pdb' is denied.
[2019.04.29-00.41.08:187][814]CompilerResultsLog: ERROR: Exhausted all retries!
[2019.04.29-00.41.08:188][814]CompilerResultsLog: Using Visual Studio 2017 14.16.27023 toolchain (C:\Program Files (x86)\Microsoft Visual Studio\2017\Community\VC\Tools\MSVC\14.16.27023) and Windows 10.0.17763.0 SDK (C:\Program Files (x86)\Windows Kits\10).
[2019.04.29-00.41.08:188][814]CompilerResultsLog: Building 4 actions with 8 processes...
[2019.04.29-00.41.08:188][814]CompilerResultsLog:   [1/4] SonarScan.cpp
[2019.04.29-00.41.08:188][814]CompilerResultsLog:   [2/4] UE4Editor-CMP302_RNade-4958.lib
[2019.04.29-00.41.08:189][814]CompilerResultsLog:      Creating library C:\Users\falco\Desktop\CMP302_RNade\CMP302_RNade\Intermediate\Build\Win64\UE4Editor\Development\CMP302_RNade\UE4Editor-CMP302_RNade-4958.lib and object C:\Users\falco\Desktop\CMP302_RNade\CMP302_RNade\Intermediate\Build\Win64\UE4Editor\Development\CMP302_RNade\UE4Editor-CMP302_RNade-4958.exp
[2019.04.29-00.41.08:189][814]CompilerResultsLog:   [3/4] UE4Editor-CMP302_RNade-4958.dll
[2019.04.29-00.41.08:189][814]CompilerResultsLog:      Creating library C:\Users\falco\Desktop\CMP302_RNade\CMP302_RNade\Intermediate\Build\Win64\UE4Editor\Development\CMP302_RNade\UE4Editor-CMP302_RNade-4958.suppressed.lib and object C:\Users\falco\Desktop\CMP302_RNade\CMP302_RNade\Intermediate\Build\Win64\UE4Editor\Development\CMP302_RNade\UE4Editor-CMP302_RNade-4958.suppressed.exp
[2019.04.29-00.41.08:189][814]CompilerResultsLog:   [4/4] CMP302_RNadeEditor.target
[2019.04.29-00.41.08:189][814]CompilerResultsLog: Total time in Parallel executor: 7.36 seconds
[2019.04.29-00.41.08:190][814]CompilerResultsLog: Total execution time: 30.00 seconds
[2019.04.29-00.41.08:190][814]LogMainFrame: MainFrame: Module compiling took 30.250 seconds
[2019.04.29-00.41.08:305][814]LogUObjectHash: Compacting FUObjectHashTables data took   5.07ms
[2019.04.29-00.41.08:445][814]LogHotReload: Re-instancing SonarScan after hot-reload.
[2019.04.29-00.41.08:981][814]LogContentBrowser: Native class hierarchy updated for 'CMP302_RNade' in 0.0012 seconds. Added 11 classes and 2 folders.
[2019.04.29-00.41.08:991][814]Display: HotReload successful (11 functions remapped  0 scriptstructs remapped)
[2019.04.29-00.41.09:306][814]LogUObjectHash: Compacting FUObjectHashTables data took   6.99ms
[2019.04.29-00.41.09:336][814]LogContentBrowser: Native class hierarchy populated in 0.0176 seconds. Added 2744 classes and 663 folders.
[2019.04.29-00.41.09:336][814]Display: HotReload took 31.4s.
[2019.04.29-00.41.18:795][295]LogTemp: Repeating last play command: Selected Viewport
[2019.04.29-00.41.18:873][295]LogBlueprintUserMessages: Early PlayInEditor Detection: Level '/Game/FirstPersonCPP/Maps/FirstPersonExampleMap.FirstPersonExampleMap:PersistentLevel' has LevelScriptBlueprint '/Game/FirstPersonCPP/Maps/FirstPersonExampleMap.FirstPersonExampleMap:PersistentLevel.FirstPersonExampleMap' with GeneratedClass '/Game/FirstPersonCPP/Maps/FirstPersonExampleMap.FirstPersonExampleMap_C' with ClassGeneratedBy '/Game/FirstPersonCPP/Maps/FirstPersonExampleMap.FirstPersonExampleMap:PersistentLevel.FirstPersonExampleMap'
[2019.04.29-00.41.18:874][295]LogPlayLevel: PlayLevel: No blueprints needed recompiling
[2019.04.29-00.41.18:874][295]PIE: New page: PIE session: FirstPersonExampleMap (29 Apr 2019 02:41:18)
[2019.04.29-00.41.18:874][295]LogPlayLevel: Creating play world package: /Game/FirstPersonCPP/Maps/UEDPIE_0_FirstPersonExampleMap
[2019.04.29-00.41.18:906][295]LogPlayLevel: PIE: StaticDuplicateObject took: (0.031122s)
[2019.04.29-00.41.18:907][295]LogAIModule: Creating AISystem for world FirstPersonExampleMap
[2019.04.29-00.41.18:907][295]LogPlayLevel: PIE: World Init took: (0.001290s)
[2019.04.29-00.41.18:908][295]LogPlayLevel: PIE: Created PIE world by copying editor world from /Game/FirstPersonCPP/Maps/FirstPersonExampleMap.FirstPersonExampleMap to /Game/FirstPersonCPP/Maps/UEDPIE_0_FirstPersonExampleMap.FirstPersonExampleMap (0.033233s)
[2019.04.29-00.41.19:072][295]LogUObjectHash: Compacting FUObjectHashTables data took  10.22ms
[2019.04.29-00.41.19:150][295]LogInit: XAudio2 using 'ASUS VP278 (NVIDIA High Definition Audio)' : 2 channels at 48 kHz using 16 bits per sample (channel mask 0x3)
[2019.04.29-00.41.19:168][295]LogInit: FAudioDevice initialized.
[2019.04.29-00.41.19:204][295]LogLoad: Game class is 'CMP302_RNadeGameMode'
[2019.04.29-00.41.19:213][295]LogWorld: Bringing World /Game/FirstPersonCPP/Maps/UEDPIE_0_FirstPersonExampleMap.FirstPersonExampleMap up for play (max tick rate 0) at 2019.04.29-01.41.19
[2019.04.29-00.41.19:217][295]LogWorld: Bringing up level for play took: 0.011892
[2019.04.29-00.41.19:233][295]PIE: Play in editor start time for /Game/FirstPersonCPP/Maps/UEDPIE_0_FirstPersonExampleMap -0.576
[2019.04.29-00.41.19:233][295]LogBlueprintUserMessages: Late PlayInEditor Detection: Level '/Game/FirstPersonCPP/Maps/FirstPersonExampleMap.FirstPersonExampleMap:PersistentLevel' has LevelScriptBlueprint '/Game/FirstPersonCPP/Maps/FirstPersonExampleMap.FirstPersonExampleMap:PersistentLevel.FirstPersonExampleMap' with GeneratedClass '/Game/FirstPersonCPP/Maps/FirstPersonExampleMap.FirstPersonExampleMap_C' with ClassGeneratedBy '/Game/FirstPersonCPP/Maps/FirstPersonExampleMap.FirstPersonExampleMap:PersistentLevel.FirstPersonExampleMap'
