Log file open, 04/23/19 14:43:34
LogWindows: Failed to load 'aqProf.dll' (GetLastError=126)
LogWindows: File 'aqProf.dll' does not exist
LogWindows: Failed to load 'VtuneApi.dll' (GetLastError=126)
LogWindows: File 'VtuneApi.dll' does not exist
LogWindows: Failed to load 'VtuneApi32e.dll' (GetLastError=126)
LogWindows: File 'VtuneApi32e.dll' does not exist
LogConsoleResponse: Display: Failed to find resolution value strings in scalability ini. Falling back to default.
LogInit: Display: Running engine for game: CMP302_RNade
LogPakFile: Registered encryption key '00000000000000000000000000000000': 0 pak files mounted, 0 remain pending
LogPlatformFile: Not using cached read wrapper
LogTaskGraph: Started task graph with 5 named threads and 23 total threads with 3 sets of task threads.
LogStats: Stats thread started at 0.332584
LogD3D11RHI: Loaded GFSDK_Aftermath_Lib.x64.dll
LogWindows: Failed to load '../../../Engine/Binaries/ThirdParty/libsndfile/Win64/libsndfile-1.dll' (GetLastError=126)
LogWindows: File '../../../Engine/Binaries/ThirdParty/libsndfile/Win64/libsndfile-1.dll' does not exist
LogAudioMixer: Display: Failed to load Sound File dll
LogAudioEditor: Display: LibSoundFile failed to load. Importing audio will not work correctly.
LogICUInternationalization: ICU TimeZone Detection - Raw Offset: +0:00, Platform Override: ''
LogPluginManager: Mounting plugin Paper2D
LogPluginManager: Mounting plugin AISupport
LogPluginManager: Mounting plugin LightPropagationVolume
LogPluginManager: Mounting plugin ActorLayerUtilities
LogPluginManager: Mounting plugin AnimationSharing
LogPluginManager: Mounting plugin CLionSourceCodeAccess
LogPluginManager: Mounting plugin CodeLiteSourceCodeAccess
LogPluginManager: Mounting plugin GitSourceControl
LogPluginManager: Mounting plugin KDevelopSourceCodeAccess
LogPluginManager: Mounting plugin NullSourceCodeAccess
LogPluginManager: Mounting plugin PerforceSourceControl
LogPluginManager: Mounting plugin SubversionSourceControl
LogPluginManager: Mounting plugin UObjectPlugin
LogPluginManager: Mounting plugin VisualStudioCodeSourceCodeAccess
LogPluginManager: Mounting plugin VisualStudioSourceCodeAccess
LogPluginManager: Mounting plugin XCodeSourceCodeAccess
LogPluginManager: Mounting plugin AssetManagerEditor
LogPluginManager: Mounting plugin CryptoKeys
LogPluginManager: Mounting plugin DataValidation
LogPluginManager: Mounting plugin FacialAnimation
LogPluginManager: Mounting plugin GameplayTagsEditor
LogPluginManager: Mounting plugin MacGraphicsSwitching
LogPluginManager: Mounting plugin MaterialAnalyzer
LogPluginManager: Mounting plugin MobileLauncherProfileWizard
LogPluginManager: Mounting plugin PluginBrowser
LogPluginManager: Mounting plugin SpeedTreeImporter
LogPluginManager: Mounting plugin DatasmithContent
LogPluginManager: Mounting plugin VariantManagerContent
LogPluginManager: Mounting plugin AlembicImporter
LogPluginManager: Mounting plugin AppleImageUtils
LogPluginManager: Mounting plugin AppleVision
LogPluginManager: Mounting plugin BackChannel
LogPluginManager: Mounting plugin CharacterAI
LogPluginManager: Mounting plugin GeometryCache
LogPluginManager: Mounting plugin HTML5Networking
LogPluginManager: Mounting plugin ProxyLODPlugin
LogPluginManager: Mounting plugin SkeletalReduction
LogPluginManager: Mounting plugin MagicLeap
LogPluginManager: Mounting plugin MagicLeapMedia
LogPluginManager: Mounting plugin AndroidMedia
LogPluginManager: Mounting plugin AvfMedia
LogPluginManager: Mounting plugin ImgMedia
LogPluginManager: Mounting plugin LinearTimecode
LogPluginManager: Mounting plugin MediaCompositing
LogPluginManager: Mounting plugin MediaPlayerEditor
LogPluginManager: Mounting plugin WebMMedia
LogPluginManager: Mounting plugin WmfMedia
LogPluginManager: Mounting plugin TcpMessaging
LogPluginManager: Mounting plugin UdpMessaging
LogPluginManager: Mounting plugin ActorSequence
LogPluginManager: Mounting plugin LevelSequenceEditor
LogPluginManager: Mounting plugin MatineeToLevelSequence
LogPluginManager: Mounting plugin NetcodeUnitTest
LogPluginManager: Mounting plugin NUTUnrealEngine4
LogPluginManager: Mounting plugin OnlineSubsystemGooglePlay
LogPluginManager: Mounting plugin OnlineSubsystemIOS
LogPluginManager: Mounting plugin OnlineSubsystem
LogPluginManager: Mounting plugin OnlineSubsystemNull
LogPluginManager: Mounting plugin OnlineSubsystemUtils
LogPluginManager: Mounting plugin LauncherChunkInstaller
LogPluginManager: Mounting plugin AndroidDeviceProfileSelector
LogPluginManager: Mounting plugin AndroidMoviePlayer
LogPluginManager: Mounting plugin AndroidPermission
LogPluginManager: Mounting plugin AppleMoviePlayer
LogPluginManager: Mounting plugin ArchVisCharacter
LogPluginManager: Mounting plugin AudioCapture
LogPluginManager: Mounting plugin CableComponent
LogPluginManager: Mounting plugin CustomMeshComponent
LogPluginManager: Mounting plugin EditableMesh
LogPluginManager: Mounting plugin ExampleDeviceProfileSelector
LogPluginManager: Mounting plugin Firebase
LogPluginManager: Mounting plugin GoogleCloudMessaging
LogPluginManager: Mounting plugin IOSDeviceProfileSelector
LogPluginManager: Mounting plugin LinuxDeviceProfileSelector
LogPluginManager: Mounting plugin LocationServicesBPLibrary
LogPluginManager: Mounting plugin MobilePatchingUtils
LogPluginManager: Mounting plugin OculusVR
LogPluginManager: Mounting plugin PhysXVehicles
LogPluginManager: Mounting plugin ProceduralMeshComponent
LogPluginManager: Mounting plugin RuntimePhysXCooking
LogPluginManager: Mounting plugin SignificanceManager
LogPluginManager: Mounting plugin SteamVR
LogPluginManager: Mounting plugin WebMMoviePlayer
LogPluginManager: Mounting plugin WindowsMoviePlayer
LogInit: Using libcurl 7.55.1-DEV
LogInit:  - built for x86_64-pc-win32
LogInit:  - supports SSL with OpenSSL/1.1.1
LogInit:  - supports HTTP deflate (compression) using libz 1.2.8
LogInit:  - other features:
LogInit:      CURL_VERSION_SSL
LogInit:      CURL_VERSION_LIBZ
LogInit:      CURL_VERSION_IPV6
LogInit:      CURL_VERSION_ASYNCHDNS
LogInit:      CURL_VERSION_LARGEFILE
LogInit:      CURL_VERSION_IDN
LogInit:  CurlRequestOptions (configurable via config and command line):
LogInit:  - bVerifyPeer = true  - Libcurl will verify peer certificate
LogInit:  - bUseHttpProxy = false  - Libcurl will NOT use HTTP proxy
LogInit:  - bDontReuseConnections = false  - Libcurl will reuse connections
LogInit:  - MaxHostConnections = 16  - Libcurl will limit the number of connections to a host
LogInit:  - LocalHostAddr = Default
LogInit:  - BufferSize = 65536
LogInit: WinSock: version 1.1 (2.2), MaxSocks=32767, MaxUdp=65467
LogInit: Build: ++UE4+Release-4.22-CL-5660361
LogInit: Engine Version: 4.22.0-5660361+++UE4+Release-4.22
LogInit: Compatible Engine Version: 4.22.0-5660361+++UE4+Release-4.22
LogInit: Net CL: 5660361
LogInit: OS: Windows 10 (Release 1803) (), CPU: AMD FX(tm)-8320 Eight-Core Processor           , GPU: NVIDIA GeForce GTX 1070
LogInit: Compiled (64-bit): Mar 31 2019 02:05:09
LogInit: Compiled with Visual C++: 19.16.27025.01
LogInit: Build Configuration: Development
LogInit: Branch Name: ++UE4+Release-4.22
LogInit: Command Line:  -EpicPortal -epicusername=Cpt_Falconator -epicuserid=1ca5619b68f641f0894301f1adf86ca1 -epiclocale=en-GB
LogInit: Base Directory: C:/Program Files/Epic Games/UE_4.22/Engine/Binaries/Win64/
LogInit: Installed Engine Build: 1
LogDevObjectVersion: Number of dev versions registered: 23
LogDevObjectVersion:   Dev-Blueprints (B0D832E4-1F89-4F0D-ACCF-7EB736FD4AA2): 10
LogDevObjectVersion:   Dev-Build (E1C64328-A22C-4D53-A36C-8E866417BD8C): 0
LogDevObjectVersion:   Dev-Core (375EC13C-06E4-48FB-B500-84F0262A717E): 3
LogDevObjectVersion:   Dev-Editor (E4B068ED-F494-42E9-A231-DA0B2E46BB41): 30
LogDevObjectVersion:   Dev-Framework (CFFC743F-43B0-4480-9391-14DF171D2073): 35
LogDevObjectVersion:   Dev-Mobile (B02B49B5-BB20-44E9-A304-32B752E40360): 2
LogDevObjectVersion:   Dev-Networking (A4E4105C-59A1-49B5-A7C5-40C4547EDFEE): 0
LogDevObjectVersion:   Dev-Online (39C831C9-5AE6-47DC-9A44-9C173E1C8E7C): 0
LogDevObjectVersion:   Dev-Physics (78F01B33-EBEA-4F98-B9B4-84EACCB95AA2): 0
LogDevObjectVersion:   Dev-Platform (6631380F-2D4D-43E0-8009-CF276956A95A): 0
LogDevObjectVersion:   Dev-Rendering (12F88B9F-8875-4AFC-A67C-D90C383ABD29): 28
LogDevObjectVersion:   Dev-Sequencer (7B5AE74C-D270-4C10-A958-57980B212A5A): 11
LogDevObjectVersion:   Dev-VR (D7296918-1DD6-4BDD-9DE2-64A83CC13884): 2
LogDevObjectVersion:   Dev-LoadTimes (C2A15278-BFE7-4AFE-6C17-90FF531DF755): 1
LogDevObjectVersion:   Private-Geometry (6EACA3D4-40EC-4CC1-B786-8BED09428FC5): 3
LogDevObjectVersion:   Dev-AnimPhys (29E575DD-E0A3-4627-9D10-D276232CDCEA): 17
LogDevObjectVersion:   Dev-Anim (AF43A65D-7FD3-4947-9873-3E8ED9C1BB05): 2
LogDevObjectVersion:   Dev-ReflectionCapture (6B266CEC-1EC7-4B8F-A30B-E4D90942FC07): 1
LogDevObjectVersion:   Dev-Automation (0DF73D61-A23F-47EA-B727-89E90C41499A): 1
LogDevObjectVersion:   FortniteMain (601D1886-AC64-4F84-AA16-D3DE0DEAC7D6): 25
LogDevObjectVersion:   Dev-Enterprise (9DFFBCD6-494F-0158-E221-12823C92A888): 6
LogDevObjectVersion:   Dev-Niagara (F2AED0AC-9AFE-416F-8664-AA7FFA26D6FC): 1
LogDevObjectVersion:   Dev-Destruction (174F1F0B-B4C6-45A5-B13F-2EE8D0FB917D): 2
LogInit: Presizing for max 16777216 objects, including 0 objects not considered by GC, pre-allocating 0 bytes for permanent pool.
LogInit: Object subsystem initialized
LogConfig: Setting CVar [[con.DebugEarlyDefault:1]]
LogConfig: Setting CVar [[r.setres:1280x720]]
[2019.04.23-13.43.34:951][  0]LogConfig: Setting CVar [[r.VSync:0]]
[2019.04.23-13.43.34:951][  0]LogConfig: Setting CVar [[r.RHICmdBypass:0]]
[2019.04.23-13.43.34:951][  0]LogConfig: Applying CVar settings from Section [/Script/Engine.RendererSettings] File [C:/Users/falco/Desktop/CMP302_RNade/CMP302_RNade/Saved/Config/Windows/Engine.ini]
[2019.04.23-13.43.34:951][  0]LogConfig: Setting CVar [[r.GPUCrashDebugging:0]]
[2019.04.23-13.43.34:951][  0]LogConfig: Applying CVar settings from Section [/Script/Engine.RendererOverrideSettings] File [C:/Users/falco/Desktop/CMP302_RNade/CMP302_RNade/Saved/Config/Windows/Engine.ini]
[2019.04.23-13.43.34:951][  0]LogConfig: Applying CVar settings from Section [/Script/Engine.StreamingSettings] File [C:/Users/falco/Desktop/CMP302_RNade/CMP302_RNade/Saved/Config/Windows/Engine.ini]
[2019.04.23-13.43.34:951][  0]LogConfig: Setting CVar [[s.MinBulkDataSizeForAsyncLoading:131072]]
[2019.04.23-13.43.34:951][  0]LogConfig: Setting CVar [[s.AsyncLoadingThreadEnabled:0]]
[2019.04.23-13.43.34:951][  0]LogConfig: Setting CVar [[s.EventDrivenLoaderEnabled:1]]
[2019.04.23-13.43.34:951][  0]LogConfig: Setting CVar [[s.WarnIfTimeLimitExceeded:0]]
[2019.04.23-13.43.34:951][  0]LogConfig: Setting CVar [[s.TimeLimitExceededMultiplier:1.5]]
[2019.04.23-13.43.34:951][  0]LogConfig: Setting CVar [[s.TimeLimitExceededMinTime:0.005]]
[2019.04.23-13.43.34:951][  0]LogConfig: Setting CVar [[s.UseBackgroundLevelStreaming:1]]
[2019.04.23-13.43.34:951][  0]LogConfig: Setting CVar [[s.PriorityAsyncLoadingExtraTime:15.0]]
[2019.04.23-13.43.34:951][  0]LogConfig: Setting CVar [[s.LevelStreamingActorsUpdateTimeLimit:5.0]]
[2019.04.23-13.43.34:951][  0]LogConfig: Setting CVar [[s.PriorityLevelStreamingActorsUpdateExtraTime:5.0]]
[2019.04.23-13.43.34:951][  0]LogConfig: Setting CVar [[s.LevelStreamingComponentsRegistrationGranularity:10]]
[2019.04.23-13.43.34:951][  0]LogConfig: Setting CVar [[s.UnregisterComponentsTimeLimit:1.0]]
[2019.04.23-13.43.34:951][  0]LogConfig: Setting CVar [[s.LevelStreamingComponentsUnregistrationGranularity:5]]
[2019.04.23-13.43.34:951][  0]LogConfig: Applying CVar settings from Section [/Script/Engine.GarbageCollectionSettings] File [C:/Users/falco/Desktop/CMP302_RNade/CMP302_RNade/Saved/Config/Windows/Engine.ini]
[2019.04.23-13.43.34:951][  0]LogConfig: Setting CVar [[gc.MaxObjectsNotConsideredByGC:1]]
[2019.04.23-13.43.34:951][  0]LogConfig: Setting CVar [[gc.SizeOfPermanentObjectPool:0]]
[2019.04.23-13.43.34:951][  0]LogConfig: Setting CVar [[gc.FlushStreamingOnGC:0]]
[2019.04.23-13.43.34:952][  0]LogConfig: Setting CVar [[gc.NumRetriesBeforeForcingGC:10]]
[2019.04.23-13.43.34:952][  0]LogConfig: Setting CVar [[gc.AllowParallelGC:1]]
[2019.04.23-13.43.34:952][  0]LogConfig: Setting CVar [[gc.TimeBetweenPurgingPendingKillObjects:61.1]]
[2019.04.23-13.43.34:952][  0]LogConfig: Setting CVar [[gc.MaxObjectsInEditor:16777216]]
[2019.04.23-13.43.34:952][  0]LogConfig: Setting CVar [[gc.IncrementalBeginDestroyEnabled:1]]
[2019.04.23-13.43.34:952][  0]LogConfig: Setting CVar [[gc.CreateGCClusters:1]]
[2019.04.23-13.43.34:952][  0]LogConfig: Setting CVar [[gc.MinGCClusterSize:5]]
[2019.04.23-13.43.34:952][  0]LogConfig: Setting CVar [[gc.ActorClusteringEnabled:0]]
[2019.04.23-13.43.34:952][  0]LogConfig: Setting CVar [[gc.BlueprintClusteringEnabled:0]]
[2019.04.23-13.43.34:952][  0]LogConfig: Setting CVar [[gc.UseDisregardForGCOnDedicatedServers:0]]
[2019.04.23-13.43.34:952][  0]LogConfig: Applying CVar settings from Section [/Script/Engine.NetworkSettings] File [C:/Users/falco/Desktop/CMP302_RNade/CMP302_RNade/Saved/Config/Windows/Engine.ini]
[2019.04.23-13.43.34:952][  0]LogConfig: Applying CVar settings from Section [/Script/UnrealEd.CookerSettings] File [C:/Users/falco/Desktop/CMP302_RNade/CMP302_RNade/Saved/Config/Windows/Engine.ini]
[2019.04.23-13.43.34:964][  0]LogConfig: Applying CVar settings from Section [ViewDistanceQuality@3] File [C:/Users/falco/Desktop/CMP302_RNade/CMP302_RNade/Saved/Config/Windows/Scalability.ini]
[2019.04.23-13.43.34:964][  0]LogConfig: Setting CVar [[r.SkeletalMeshLODBias:0]]
[2019.04.23-13.43.34:964][  0]LogConfig: Setting CVar [[r.ViewDistanceScale:1.0]]
[2019.04.23-13.43.34:964][  0]LogConfig: Applying CVar settings from Section [AntiAliasingQuality@3] File [C:/Users/falco/Desktop/CMP302_RNade/CMP302_RNade/Saved/Config/Windows/Scalability.ini]
[2019.04.23-13.43.34:964][  0]LogConfig: Setting CVar [[r.PostProcessAAQuality:4]]
[2019.04.23-13.43.34:964][  0]LogConfig: Applying CVar settings from Section [ShadowQuality@3] File [C:/Users/falco/Desktop/CMP302_RNade/CMP302_RNade/Saved/Config/Windows/Scalability.ini]
[2019.04.23-13.43.34:964][  0]LogConfig: Setting CVar [[r.LightFunctionQuality:1]]
[2019.04.23-13.43.34:964][  0]LogConfig: Setting CVar [[r.ShadowQuality:5]]
[2019.04.23-13.43.34:964][  0]LogConfig: Setting CVar [[r.Shadow.CSM.MaxCascades:10]]
[2019.04.23-13.43.34:964][  0]LogConfig: Setting CVar [[r.Shadow.MaxResolution:2048]]
[2019.04.23-13.43.34:964][  0]LogConfig: Setting CVar [[r.Shadow.MaxCSMResolution:2048]]
[2019.04.23-13.43.34:964][  0]LogConfig: Setting CVar [[r.Shadow.RadiusThreshold:0.01]]
[2019.04.23-13.43.34:965][  0]LogConfig: Setting CVar [[r.Shadow.DistanceScale:1.0]]
[2019.04.23-13.43.34:965][  0]LogConfig: Setting CVar [[r.Shadow.CSM.TransitionScale:1.0]]
[2019.04.23-13.43.34:965][  0]LogConfig: Setting CVar [[r.Shadow.PreShadowResolutionFactor:1.0]]
[2019.04.23-13.43.34:965][  0]LogConfig: Setting CVar [[r.DistanceFieldShadowing:1]]
[2019.04.23-13.43.34:965][  0]LogConfig: Setting CVar [[r.DistanceFieldAO:1]]
[2019.04.23-13.43.34:965][  0]LogConfig: Setting CVar [[r.AOQuality:2]]
[2019.04.23-13.43.34:965][  0]LogConfig: Setting CVar [[r.VolumetricFog:1]]
[2019.04.23-13.43.34:965][  0]LogConfig: Setting CVar [[r.VolumetricFog.GridPixelSize:8]]
[2019.04.23-13.43.34:965][  0]LogConfig: Setting CVar [[r.VolumetricFog.GridSizeZ:128]]
[2019.04.23-13.43.34:965][  0]LogConfig: Setting CVar [[r.VolumetricFog.HistoryMissSupersampleCount:4]]
[2019.04.23-13.43.34:965][  0]LogConfig: Setting CVar [[r.LightMaxDrawDistanceScale:1]]
[2019.04.23-13.43.34:965][  0]LogConfig: Setting CVar [[r.CapsuleShadows:1]]
[2019.04.23-13.43.34:965][  0]LogConfig: Applying CVar settings from Section [PostProcessQuality@3] File [C:/Users/falco/Desktop/CMP302_RNade/CMP302_RNade/Saved/Config/Windows/Scalability.ini]
[2019.04.23-13.43.34:965][  0]LogConfig: Setting CVar [[r.MotionBlurQuality:4]]
[2019.04.23-13.43.34:965][  0]LogConfig: Setting CVar [[r.AmbientOcclusionMipLevelFactor:0.4]]
[2019.04.23-13.43.34:965][  0]LogConfig: Setting CVar [[r.AmbientOcclusionMaxQuality:100]]
[2019.04.23-13.43.34:965][  0]LogConfig: Setting CVar [[r.AmbientOcclusionLevels:-1]]
[2019.04.23-13.43.34:965][  0]LogConfig: Setting CVar [[r.AmbientOcclusionRadiusScale:1.0]]
[2019.04.23-13.43.34:965][  0]LogConfig: Setting CVar [[r.DepthOfFieldQuality:2]]
[2019.04.23-13.43.34:965][  0]LogConfig: Setting CVar [[r.RenderTargetPoolMin:400]]
[2019.04.23-13.43.34:965][  0]LogConfig: Setting CVar [[r.LensFlareQuality:2]]
[2019.04.23-13.43.34:965][  0]LogConfig: Setting CVar [[r.SceneColorFringeQuality:1]]
[2019.04.23-13.43.34:965][  0]LogConfig: Setting CVar [[r.EyeAdaptationQuality:2]]
[2019.04.23-13.43.34:965][  0]LogConfig: Setting CVar [[r.BloomQuality:5]]
[2019.04.23-13.43.34:965][  0]LogConfig: Setting CVar [[r.FastBlurThreshold:100]]
[2019.04.23-13.43.34:965][  0]LogConfig: Setting CVar [[r.Upscale.Quality:3]]
[2019.04.23-13.43.34:965][  0]LogConfig: Setting CVar [[r.Tonemapper.GrainQuantization:1]]
[2019.04.23-13.43.34:965][  0]LogConfig: Setting CVar [[r.LightShaftQuality:1]]
[2019.04.23-13.43.34:965][  0]LogConfig: Setting CVar [[r.Filter.SizeScale:1]]
[2019.04.23-13.43.34:965][  0]LogConfig: Setting CVar [[r.Tonemapper.Quality:5]]
[2019.04.23-13.43.34:965][  0]LogConfig: Setting CVar [[r.DOF.Gather.AccumulatorQuality:1        ; higher gathering accumulator quality]]
[2019.04.23-13.43.34:965][  0]LogConfig: Setting CVar [[r.DOF.Gather.PostfilterMethod:1          ; Median3x3 postfilering method]]
[2019.04.23-13.43.34:965][  0]LogConfig: Setting CVar [[r.DOF.Gather.EnableBokehSettings:0       ; no bokeh simulation when gathering]]
[2019.04.23-13.43.34:965][  0]LogConfig: Setting CVar [[r.DOF.Gather.RingCount:4                 ; medium number of samples when gathering]]
[2019.04.23-13.43.34:965][  0]LogConfig: Setting CVar [[r.DOF.Scatter.ForegroundCompositing:1    ; additive foreground scattering]]
[2019.04.23-13.43.34:965][  0]LogConfig: Setting CVar [[r.DOF.Scatter.BackgroundCompositing:2    ; additive background scattering]]
[2019.04.23-13.43.34:965][  0]LogConfig: Setting CVar [[r.DOF.Scatter.EnableBokehSettings:1      ; bokeh simulation when scattering]]
[2019.04.23-13.43.34:965][  0]LogConfig: Setting CVar [[r.DOF.Scatter.MaxSpriteRatio:0.1         ; only a maximum of 10% of scattered bokeh]]
[2019.04.23-13.43.34:965][  0]LogConfig: Setting CVar [[r.DOF.Recombine.Quality:1                ; cheap slight out of focus]]
[2019.04.23-13.43.34:966][  0]LogConfig: Setting CVar [[r.DOF.Recombine.EnableBokehSettings:0    ; no bokeh simulation on slight out of focus]]
[2019.04.23-13.43.34:966][  0]LogConfig: Setting CVar [[r.DOF.TemporalAAQuality:1                ; more stable temporal accumulation]]
[2019.04.23-13.43.34:966][  0]LogConfig: Setting CVar [[r.DOF.Kernel.MaxForegroundRadius:0.025]]
[2019.04.23-13.43.34:966][  0]LogConfig: Setting CVar [[r.DOF.Kernel.MaxBackgroundRadius:0.025]]
[2019.04.23-13.43.34:966][  0]LogConfig: Applying CVar settings from Section [TextureQuality@3] File [C:/Users/falco/Desktop/CMP302_RNade/CMP302_RNade/Saved/Config/Windows/Scalability.ini]
[2019.04.23-13.43.34:966][  0]LogConfig: Setting CVar [[r.Streaming.MipBias:0]]
[2019.04.23-13.43.34:966][  0]LogConfig: Setting CVar [[r.Streaming.AmortizeCPUToGPUCopy:0]]
[2019.04.23-13.43.34:966][  0]LogConfig: Setting CVar [[r.Streaming.MaxNumTexturesToStreamPerFrame:0]]
[2019.04.23-13.43.34:966][  0]LogConfig: Setting CVar [[r.Streaming.Boost:1]]
[2019.04.23-13.43.34:966][  0]LogConfig: Setting CVar [[r.MaxAnisotropy:8]]
[2019.04.23-13.43.34:966][  0]LogConfig: Setting CVar [[r.Streaming.LimitPoolSizeToVRAM:0]]
[2019.04.23-13.43.34:966][  0]LogConfig: Setting CVar [[r.Streaming.PoolSize:1000]]
[2019.04.23-13.43.34:966][  0]LogConfig: Setting CVar [[r.Streaming.MaxEffectiveScreenSize:0]]
[2019.04.23-13.43.34:966][  0]LogConfig: Applying CVar settings from Section [EffectsQuality@3] File [C:/Users/falco/Desktop/CMP302_RNade/CMP302_RNade/Saved/Config/Windows/Scalability.ini]
[2019.04.23-13.43.34:966][  0]LogConfig: Setting CVar [[r.TranslucencyLightingVolumeDim:64]]
[2019.04.23-13.43.34:966][  0]LogConfig: Setting CVar [[r.RefractionQuality:2]]
[2019.04.23-13.43.34:966][  0]LogConfig: Setting CVar [[r.SSR.Quality:3]]
[2019.04.23-13.43.34:966][  0]LogConfig: Setting CVar [[r.SceneColorFormat:4]]
[2019.04.23-13.43.34:966][  0]LogConfig: Setting CVar [[r.DetailMode:2]]
[2019.04.23-13.43.34:966][  0]LogConfig: Setting CVar [[r.TranslucencyVolumeBlur:1]]
[2019.04.23-13.43.34:966][  0]LogConfig: Setting CVar [[r.MaterialQualityLevel:1 ; High quality]]
[2019.04.23-13.43.34:966][  0]LogConfig: Setting CVar [[r.SSS.Scale:1]]
[2019.04.23-13.43.34:966][  0]LogConfig: Setting CVar [[r.SSS.SampleSet:2]]
[2019.04.23-13.43.34:966][  0]LogConfig: Setting CVar [[r.SSS.Quality:1]]
[2019.04.23-13.43.34:966][  0]LogConfig: Setting CVar [[r.SSS.HalfRes:1]]
[2019.04.23-13.43.34:966][  0]LogConfig: Setting CVar [[r.EmitterSpawnRateScale:1.0]]
[2019.04.23-13.43.34:966][  0]LogConfig: Setting CVar [[r.ParticleLightQuality:2]]
[2019.04.23-13.43.34:966][  0]LogConfig: Applying CVar settings from Section [FoliageQuality@3] File [C:/Users/falco/Desktop/CMP302_RNade/CMP302_RNade/Saved/Config/Windows/Scalability.ini]
[2019.04.23-13.43.34:966][  0]LogConfig: Setting CVar [[foliage.DensityScale:1.0]]
[2019.04.23-13.43.34:966][  0]LogConfig: Setting CVar [[grass.DensityScale:1.0]]
[2019.04.23-13.43.34:966][  0]LogInit: Selected Device Profile: [Windows]
[2019.04.23-13.43.34:966][  0]LogInit: Applying CVar settings loaded from the selected device profile: [Windows]
[2019.04.23-13.43.35:001][  0]LogHAL: Display: Platform has ~ 16 GB [17142771712 / 17179869184 / 16], which maps to Larger [LargestMinGB=32, LargerMinGB=12, DefaultMinGB=8, SmallerMinGB=6, SmallestMinGB=0)
[2019.04.23-13.43.35:001][  0]LogConfig: Setting CVar [[r.Vulkan.UseRealUBs:0		; Required until we fix HLR fall-out]]
[2019.04.23-13.43.35:001][  0]LogInit: Going up to parent DeviceProfile []
[2019.04.23-13.43.35:001][  0]LogConfig: Applying CVar settings from Section [ViewDistanceQuality@3] File [C:/Users/falco/Desktop/CMP302_RNade/CMP302_RNade/Saved/Config/Windows/Scalability.ini]
[2019.04.23-13.43.35:001][  0]LogConfig: Setting CVar [[r.SkeletalMeshLODBias:0]]
[2019.04.23-13.43.35:001][  0]LogConfig: Setting CVar [[r.ViewDistanceScale:1.0]]
[2019.04.23-13.43.35:001][  0]LogConfig: Applying CVar settings from Section [AntiAliasingQuality@3] File [C:/Users/falco/Desktop/CMP302_RNade/CMP302_RNade/Saved/Config/Windows/Scalability.ini]
[2019.04.23-13.43.35:001][  0]LogConfig: Setting CVar [[r.PostProcessAAQuality:4]]
[2019.04.23-13.43.35:001][  0]LogConfig: Applying CVar settings from Section [ShadowQuality@3] File [C:/Users/falco/Desktop/CMP302_RNade/CMP302_RNade/Saved/Config/Windows/Scalability.ini]
[2019.04.23-13.43.35:001][  0]LogConfig: Setting CVar [[r.LightFunctionQuality:1]]
[2019.04.23-13.43.35:001][  0]LogConfig: Setting CVar [[r.ShadowQuality:5]]
[2019.04.23-13.43.35:002][  0]LogConfig: Setting CVar [[r.Shadow.CSM.MaxCascades:10]]
[2019.04.23-13.43.35:002][  0]LogConfig: Setting CVar [[r.Shadow.MaxResolution:2048]]
[2019.04.23-13.43.35:002][  0]LogConfig: Setting CVar [[r.Shadow.MaxCSMResolution:2048]]
[2019.04.23-13.43.35:002][  0]LogConfig: Setting CVar [[r.Shadow.RadiusThreshold:0.01]]
[2019.04.23-13.43.35:002][  0]LogConfig: Setting CVar [[r.Shadow.DistanceScale:1.0]]
[2019.04.23-13.43.35:002][  0]LogConfig: Setting CVar [[r.Shadow.CSM.TransitionScale:1.0]]
[2019.04.23-13.43.35:002][  0]LogConfig: Setting CVar [[r.Shadow.PreShadowResolutionFactor:1.0]]
[2019.04.23-13.43.35:002][  0]LogConfig: Setting CVar [[r.DistanceFieldShadowing:1]]
[2019.04.23-13.43.35:002][  0]LogConfig: Setting CVar [[r.DistanceFieldAO:1]]
[2019.04.23-13.43.35:002][  0]LogConfig: Setting CVar [[r.AOQuality:2]]
[2019.04.23-13.43.35:002][  0]LogConfig: Setting CVar [[r.VolumetricFog:1]]
[2019.04.23-13.43.35:002][  0]LogConfig: Setting CVar [[r.VolumetricFog.GridPixelSize:8]]
[2019.04.23-13.43.35:002][  0]LogConfig: Setting CVar [[r.VolumetricFog.GridSizeZ:128]]
[2019.04.23-13.43.35:002][  0]LogConfig: Setting CVar [[r.VolumetricFog.HistoryMissSupersampleCount:4]]
[2019.04.23-13.43.35:002][  0]LogConfig: Setting CVar [[r.LightMaxDrawDistanceScale:1]]
[2019.04.23-13.43.35:002][  0]LogConfig: Setting CVar [[r.CapsuleShadows:1]]
[2019.04.23-13.43.35:002][  0]LogConfig: Applying CVar settings from Section [PostProcessQuality@3] File [C:/Users/falco/Desktop/CMP302_RNade/CMP302_RNade/Saved/Config/Windows/Scalability.ini]
[2019.04.23-13.43.35:002][  0]LogConfig: Setting CVar [[r.MotionBlurQuality:4]]
[2019.04.23-13.43.35:002][  0]LogConfig: Setting CVar [[r.AmbientOcclusionMipLevelFactor:0.4]]
[2019.04.23-13.43.35:002][  0]LogConfig: Setting CVar [[r.AmbientOcclusionMaxQuality:100]]
[2019.04.23-13.43.35:002][  0]LogConfig: Setting CVar [[r.AmbientOcclusionLevels:-1]]
[2019.04.23-13.43.35:002][  0]LogConfig: Setting CVar [[r.AmbientOcclusionRadiusScale:1.0]]
[2019.04.23-13.43.35:002][  0]LogConfig: Setting CVar [[r.DepthOfFieldQuality:2]]
[2019.04.23-13.43.35:002][  0]LogConfig: Setting CVar [[r.RenderTargetPoolMin:400]]
[2019.04.23-13.43.35:002][  0]LogConfig: Setting CVar [[r.LensFlareQuality:2]]
[2019.04.23-13.43.35:002][  0]LogConfig: Setting CVar [[r.SceneColorFringeQuality:1]]
[2019.04.23-13.43.35:002][  0]LogConfig: Setting CVar [[r.EyeAdaptationQuality:2]]
[2019.04.23-13.43.35:002][  0]LogConfig: Setting CVar [[r.BloomQuality:5]]
[2019.04.23-13.43.35:002][  0]LogConfig: Setting CVar [[r.FastBlurThreshold:100]]
[2019.04.23-13.43.35:002][  0]LogConfig: Setting CVar [[r.Upscale.Quality:3]]
[2019.04.23-13.43.35:002][  0]LogConfig: Setting CVar [[r.Tonemapper.GrainQuantization:1]]
[2019.04.23-13.43.35:002][  0]LogConfig: Setting CVar [[r.LightShaftQuality:1]]
[2019.04.23-13.43.35:003][  0]LogConfig: Setting CVar [[r.Filter.SizeScale:1]]
[2019.04.23-13.43.35:003][  0]LogConfig: Setting CVar [[r.Tonemapper.Quality:5]]
[2019.04.23-13.43.35:003][  0]LogConfig: Setting CVar [[r.DOF.Gather.AccumulatorQuality:1        ; higher gathering accumulator quality]]
[2019.04.23-13.43.35:003][  0]LogConfig: Setting CVar [[r.DOF.Gather.PostfilterMethod:1          ; Median3x3 postfilering method]]
[2019.04.23-13.43.35:003][  0]LogConfig: Setting CVar [[r.DOF.Gather.EnableBokehSettings:0       ; no bokeh simulation when gathering]]
[2019.04.23-13.43.35:003][  0]LogConfig: Setting CVar [[r.DOF.Gather.RingCount:4                 ; medium number of samples when gathering]]
[2019.04.23-13.43.35:003][  0]LogConfig: Setting CVar [[r.DOF.Scatter.ForegroundCompositing:1    ; additive foreground scattering]]
[2019.04.23-13.43.35:003][  0]LogConfig: Setting CVar [[r.DOF.Scatter.BackgroundCompositing:2    ; additive background scattering]]
[2019.04.23-13.43.35:003][  0]LogConfig: Setting CVar [[r.DOF.Scatter.EnableBokehSettings:1      ; bokeh simulation when scattering]]
[2019.04.23-13.43.35:003][  0]LogConfig: Setting CVar [[r.DOF.Scatter.MaxSpriteRatio:0.1         ; only a maximum of 10% of scattered bokeh]]
[2019.04.23-13.43.35:003][  0]LogConfig: Setting CVar [[r.DOF.Recombine.Quality:1                ; cheap slight out of focus]]
[2019.04.23-13.43.35:003][  0]LogConfig: Setting CVar [[r.DOF.Recombine.EnableBokehSettings:0    ; no bokeh simulation on slight out of focus]]
[2019.04.23-13.43.35:003][  0]LogConfig: Setting CVar [[r.DOF.TemporalAAQuality:1                ; more stable temporal accumulation]]
[2019.04.23-13.43.35:003][  0]LogConfig: Setting CVar [[r.DOF.Kernel.MaxForegroundRadius:0.025]]
[2019.04.23-13.43.35:003][  0]LogConfig: Setting CVar [[r.DOF.Kernel.MaxBackgroundRadius:0.025]]
[2019.04.23-13.43.35:003][  0]LogConfig: Applying CVar settings from Section [TextureQuality@3] File [C:/Users/falco/Desktop/CMP302_RNade/CMP302_RNade/Saved/Config/Windows/Scalability.ini]
[2019.04.23-13.43.35:003][  0]LogConfig: Setting CVar [[r.Streaming.MipBias:0]]
[2019.04.23-13.43.35:003][  0]LogConfig: Setting CVar [[r.Streaming.AmortizeCPUToGPUCopy:0]]
[2019.04.23-13.43.35:003][  0]LogConfig: Setting CVar [[r.Streaming.MaxNumTexturesToStreamPerFrame:0]]
[2019.04.23-13.43.35:003][  0]LogConfig: Setting CVar [[r.Streaming.Boost:1]]
[2019.04.23-13.43.35:003][  0]LogConfig: Setting CVar [[r.MaxAnisotropy:8]]
[2019.04.23-13.43.35:003][  0]LogConfig: Setting CVar [[r.Streaming.LimitPoolSizeToVRAM:0]]
[2019.04.23-13.43.35:003][  0]LogConfig: Setting CVar [[r.Streaming.PoolSize:1000]]
[2019.04.23-13.43.35:003][  0]LogConfig: Setting CVar [[r.Streaming.MaxEffectiveScreenSize:0]]
[2019.04.23-13.43.35:003][  0]LogConfig: Applying CVar settings from Section [EffectsQuality@3] File [C:/Users/falco/Desktop/CMP302_RNade/CMP302_RNade/Saved/Config/Windows/Scalability.ini]
[2019.04.23-13.43.35:003][  0]LogConfig: Setting CVar [[r.TranslucencyLightingVolumeDim:64]]
[2019.04.23-13.43.35:003][  0]LogConfig: Setting CVar [[r.RefractionQuality:2]]
[2019.04.23-13.43.35:003][  0]LogConfig: Setting CVar [[r.SSR.Quality:3]]
[2019.04.23-13.43.35:003][  0]LogConfig: Setting CVar [[r.SceneColorFormat:4]]
[2019.04.23-13.43.35:003][  0]LogConfig: Setting CVar [[r.DetailMode:2]]
[2019.04.23-13.43.35:003][  0]LogConfig: Setting CVar [[r.TranslucencyVolumeBlur:1]]
[2019.04.23-13.43.35:003][  0]LogConfig: Setting CVar [[r.MaterialQualityLevel:1 ; High quality]]
[2019.04.23-13.43.35:003][  0]LogConfig: Setting CVar [[r.SSS.Scale:1]]
[2019.04.23-13.43.35:003][  0]LogConfig: Setting CVar [[r.SSS.SampleSet:2]]
[2019.04.23-13.43.35:003][  0]LogConfig: Setting CVar [[r.SSS.Quality:1]]
[2019.04.23-13.43.35:003][  0]LogConfig: Setting CVar [[r.SSS.HalfRes:1]]
[2019.04.23-13.43.35:003][  0]LogConfig: Setting CVar [[r.EmitterSpawnRateScale:1.0]]
[2019.04.23-13.43.35:003][  0]LogConfig: Setting CVar [[r.ParticleLightQuality:2]]
[2019.04.23-13.43.35:003][  0]LogConfig: Applying CVar settings from Section [FoliageQuality@3] File [C:/Users/falco/Desktop/CMP302_RNade/CMP302_RNade/Saved/Config/Windows/Scalability.ini]
[2019.04.23-13.43.35:003][  0]LogConfig: Setting CVar [[foliage.DensityScale:1.0]]
[2019.04.23-13.43.35:003][  0]LogConfig: Setting CVar [[grass.DensityScale:1.0]]
[2019.04.23-13.43.35:003][  0]LogConfig: Applying CVar settings from Section [Startup] File [../../../Engine/Config/ConsoleVariables.ini]
[2019.04.23-13.43.35:004][  0]LogConfig: Setting CVar [[net.UseAdaptiveNetUpdateFrequency:0]]
[2019.04.23-13.43.35:004][  0]LogConfig: Setting CVar [[p.chaos.AllowCreatePhysxBodies:1]]
[2019.04.23-13.43.35:004][  0]LogConfig: Applying CVar settings from Section [ConsoleVariables] File [C:/Users/falco/Desktop/CMP302_RNade/CMP302_RNade/Saved/Config/Windows/Engine.ini]
[2019.04.23-13.43.35:004][  0]LogInit: Computer: CASSANDRA-V2
[2019.04.23-13.43.35:004][  0]LogInit: User: falco
[2019.04.23-13.43.35:004][  0]LogInit: CPU Page size=4096, Cores=4
[2019.04.23-13.43.35:004][  0]LogInit: High frequency timer resolution =3.433696 MHz
[2019.04.23-13.43.35:005][  0]LogMemory: Memory total: Physical=16.0GB (16GB approx)
[2019.04.23-13.43.35:005][  0]LogMemory: Platform Memory Stats for Windows
[2019.04.23-13.43.35:005][  0]LogMemory: Process Physical Memory: 95.68 MB used, 95.68 MB peak
[2019.04.23-13.43.35:005][  0]LogMemory: Process Virtual Memory: 90.43 MB used, 90.43 MB peak
[2019.04.23-13.43.35:005][  0]LogMemory: Physical Memory: 10193.89 MB used,  6154.73 MB free, 16348.62 MB total
[2019.04.23-13.43.35:005][  0]LogMemory: Virtual Memory: 4654.00 MB used,  134213072.00 MB free, 134217728.00 MB total
[2019.04.23-13.43.35:042][  0]LogInit: Using OS detected language (en-GB).
[2019.04.23-13.43.35:042][  0]LogInit: Using OS detected locale (en-GB).
[2019.04.23-13.43.35:043][  0]LogTextLocalizationManager: No specific localization for 'en-GB' exists, so the 'en' localization will be used.
[2019.04.23-13.43.35:337][  0]LogInit: Setting process to per monitor DPI aware
[2019.04.23-13.43.35:388][  0]LogSlate: New Slate User Created.  User Index 0, Is Virtual User: 0
[2019.04.23-13.43.35:388][  0]LogSlate: Slate User Registered.  User Index 0, Is Virtual User: 0
[2019.04.23-13.43.35:643][  0]LogHMD: Failed to initialize OpenVR with code 100
[2019.04.23-13.43.35:643][  0]LogD3D11RHI: D3D11 adapters:
[2019.04.23-13.43.35:715][  0]LogD3D11RHI:    0. 'NVIDIA GeForce GTX 1070' (Feature Level 11_0)
[2019.04.23-13.43.35:715][  0]LogD3D11RHI:       8088/0/8174 MB DedicatedVideo/DedicatedSystem/SharedSystem, Outputs:2, VendorId:0x10de
[2019.04.23-13.43.35:718][  0]LogD3D11RHI:    1. 'Microsoft Basic Render Driver' (Feature Level 11_0)
[2019.04.23-13.43.35:718][  0]LogD3D11RHI:       0/0/8174 MB DedicatedVideo/DedicatedSystem/SharedSystem, Outputs:0, VendorId:0x1414
[2019.04.23-13.43.35:718][  0]LogD3D11RHI: Chosen D3D11 Adapter: 0
[2019.04.23-13.43.35:733][  0]LogD3D11RHI: Creating new Direct3DDevice
[2019.04.23-13.43.35:733][  0]LogD3D11RHI:     GPU DeviceId: 0x1b81 (for the marketing name, search the web for "GPU Device Id")
[2019.04.23-13.43.35:733][  0]LogWindows: EnumDisplayDevices:
[2019.04.23-13.43.35:733][  0]LogWindows:    0. 'NVIDIA GeForce GTX 1070' (P:1 D:1)
[2019.04.23-13.43.35:733][  0]LogWindows:    1. 'NVIDIA GeForce GTX 1070' (P:0 D:1)
[2019.04.23-13.43.35:734][  0]LogWindows:    2. 'NVIDIA GeForce GTX 1070' (P:0 D:0)
[2019.04.23-13.43.35:734][  0]LogWindows:    3. 'NVIDIA GeForce GTX 1070' (P:0 D:0)
[2019.04.23-13.43.35:734][  0]LogWindows: DebugString: FoundDriverCount:4 
[2019.04.23-13.43.35:734][  0]LogD3D11RHI:     Adapter Name: NVIDIA GeForce GTX 1070
[2019.04.23-13.43.35:734][  0]LogD3D11RHI:   Driver Version: 390.77 (internal:23.21.13.9077, unified:390.77)
[2019.04.23-13.43.35:734][  0]LogD3D11RHI:      Driver Date: 1-23-2018
[2019.04.23-13.43.35:734][  0]LogRHI: Texture pool is 5661 MB (70% of 8088 MB)
[2019.04.23-13.43.35:776][  0]LogD3D11RHI: Async texture creation enabled
[2019.04.23-13.43.35:781][  0]LogRendererCore: FGlobalReadBuffer::InitRHI
[2019.04.23-13.43.35:781][  0]LogRendererCore: FGlobalReadBuffer::InitRHI
[2019.04.23-13.43.35:781][  0]LogRendererCore: FGlobalReadBuffer::InitRHI
[2019.04.23-13.43.35:817][  0]LogD3D11RHI: GPU Timing Frequency: 1000.000000 (Debug: 2 4)
[2019.04.23-13.43.36:356][  0]LogTemp: Display: Module 'AllDesktopTargetPlatform' loaded TargetPlatform 'AllDesktop'
[2019.04.23-13.43.36:380][  0]LogTemp: Display: Module 'MacClientTargetPlatform' loaded TargetPlatform 'MacClient'
[2019.04.23-13.43.36:404][  0]LogTemp: Display: Module 'MacNoEditorTargetPlatform' loaded TargetPlatform 'MacNoEditor'
[2019.04.23-13.43.36:428][  0]LogTemp: Display: Module 'MacServerTargetPlatform' loaded TargetPlatform 'MacServer'
[2019.04.23-13.43.36:452][  0]LogTemp: Display: Module 'MacTargetPlatform' loaded TargetPlatform 'Mac'
[2019.04.23-13.43.36:477][  0]LogTemp: Display: Module 'WindowsClientTargetPlatform' loaded TargetPlatform 'WindowsClient'
[2019.04.23-13.43.36:501][  0]LogTemp: Display: Module 'WindowsNoEditorTargetPlatform' loaded TargetPlatform 'WindowsNoEditor'
[2019.04.23-13.43.36:528][  0]LogTemp: Display: Module 'WindowsServerTargetPlatform' loaded TargetPlatform 'WindowsServer'
[2019.04.23-13.43.36:539][  0]LogTemp: Display: Module 'WindowsTargetPlatform' loaded TargetPlatform 'Windows'
[2019.04.23-13.43.36:681][  0]LogTemp: Display: Module 'AndroidTargetPlatform' loaded TargetPlatform 'Android'
[2019.04.23-13.43.36:681][  0]LogTemp: Display: Module 'AndroidTargetPlatform' loaded TargetPlatform 'Android_ASTC'
[2019.04.23-13.43.36:681][  0]LogTemp: Display: Module 'AndroidTargetPlatform' loaded TargetPlatform 'Android_ATC'
[2019.04.23-13.43.36:681][  0]LogTemp: Display: Module 'AndroidTargetPlatform' loaded TargetPlatform 'Android_DXT'
[2019.04.23-13.43.36:681][  0]LogTemp: Display: Module 'AndroidTargetPlatform' loaded TargetPlatform 'Android_ETC1'
[2019.04.23-13.43.36:681][  0]LogTemp: Display: Module 'AndroidTargetPlatform' loaded TargetPlatform 'Android_ETC1a'
[2019.04.23-13.43.36:681][  0]LogTemp: Display: Module 'AndroidTargetPlatform' loaded TargetPlatform 'Android_ETC2'
[2019.04.23-13.43.36:681][  0]LogTemp: Display: Module 'AndroidTargetPlatform' loaded TargetPlatform 'Android_PVRTC'
[2019.04.23-13.43.36:681][  0]LogTemp: Display: Module 'AndroidTargetPlatform' loaded TargetPlatform 'AndroidClient'
[2019.04.23-13.43.36:681][  0]LogTemp: Display: Module 'AndroidTargetPlatform' loaded TargetPlatform 'Android_ASTCClient'
[2019.04.23-13.43.36:681][  0]LogTemp: Display: Module 'AndroidTargetPlatform' loaded TargetPlatform 'Android_ATCClient'
[2019.04.23-13.43.36:681][  0]LogTemp: Display: Module 'AndroidTargetPlatform' loaded TargetPlatform 'Android_DXTClient'
[2019.04.23-13.43.36:681][  0]LogTemp: Display: Module 'AndroidTargetPlatform' loaded TargetPlatform 'Android_ETC1Client'
[2019.04.23-13.43.36:681][  0]LogTemp: Display: Module 'AndroidTargetPlatform' loaded TargetPlatform 'Android_ETC1aClient'
[2019.04.23-13.43.36:681][  0]LogTemp: Display: Module 'AndroidTargetPlatform' loaded TargetPlatform 'Android_ETC2Client'
[2019.04.23-13.43.36:681][  0]LogTemp: Display: Module 'AndroidTargetPlatform' loaded TargetPlatform 'Android_PVRTCClient'
[2019.04.23-13.43.36:681][  0]LogTemp: Display: Module 'AndroidTargetPlatform' loaded TargetPlatform 'Android_Multi'
[2019.04.23-13.43.36:681][  0]LogTemp: Display: Module 'AndroidTargetPlatform' loaded TargetPlatform 'Android_MultiClient'
[2019.04.23-13.43.36:683][  0]LogTemp: Display: Module 'HTML5TargetPlatform' loaded TargetPlatform 'HTML5'
[2019.04.23-13.43.36:753][  0]LogTemp: Display: Module 'IOSTargetPlatform' loaded TargetPlatform 'IOSClient'
[2019.04.23-13.43.36:753][  0]LogTemp: Display: Module 'IOSTargetPlatform' loaded TargetPlatform 'IOS'
[2019.04.23-13.43.36:795][  0]LogTemp: Display: Module 'TVOSTargetPlatform' loaded TargetPlatform 'TVOSClient'
[2019.04.23-13.43.36:795][  0]LogTemp: Display: Module 'TVOSTargetPlatform' loaded TargetPlatform 'TVOS'
[2019.04.23-13.43.36:817][  0]LogTemp: Display: Module 'LinuxClientTargetPlatform' loaded TargetPlatform 'LinuxClient'
[2019.04.23-13.43.36:838][  0]LogTemp: Display: Module 'LinuxNoEditorTargetPlatform' loaded TargetPlatform 'LinuxNoEditor'
[2019.04.23-13.43.36:859][  0]LogTemp: Display: Module 'LinuxServerTargetPlatform' loaded TargetPlatform 'LinuxServer'
[2019.04.23-13.43.36:882][  0]LogTemp: Display: Module 'LinuxTargetPlatform' loaded TargetPlatform 'Linux'
[2019.04.23-13.43.36:960][  0]LogTemp: Display: Module 'LuminTargetPlatform' loaded TargetPlatform 'Lumin'
[2019.04.23-13.43.36:960][  0]LogTemp: Display: Module 'LuminTargetPlatform' loaded TargetPlatform 'LuminClient'
[2019.04.23-13.43.36:961][  0]LogTargetPlatformManager: Display: Building Assets For Windows
[2019.04.23-13.43.36:975][  0]LogAudioDebug: Display: Lib vorbis DLL was dynamically loaded.
[2019.04.23-13.43.37:055][  0]LogShaderCompilers: Guid format shader working directory is -18 characters bigger than the processId version (../../../../../../Users/falco/Desktop/CMP302_RNade/CMP302_RNade/Intermediate/Shaders/WorkingDirectory/17732/).
[2019.04.23-13.43.37:055][  0]LogShaderCompilers: Cleaned the shader compiler working directory 'C:/Users/falco/AppData/Local/Temp/UnrealShaderWorkingDir/4ED6309D4626B6A9EB9ABEBDFBA27045/'.
[2019.04.23-13.43.37:059][  0]LogXGEController: Cannot use XGE Controller as Incredibuild is not installed on this machine.
[2019.04.23-13.43.37:059][  0]LogShaderCompilers: Cannot use XGE Shader Compiler as Incredibuild is not installed on this machine.
[2019.04.23-13.43.37:059][  0]LogShaderCompilers: Display: Using Local Shader Compiler.
[2019.04.23-13.43.38:001][  0]LogDerivedDataCache: Display: Max Cache Size: 512 MB
[2019.04.23-13.43.38:097][  0]LogDerivedDataCache: Loaded boot cache 0.10s 77MB C:/Users/falco/AppData/Local/UnrealEngine/4.22/DerivedDataCache/Boot.ddc.
[2019.04.23-13.43.38:097][  0]LogDerivedDataCache: Display: Loaded Boot cache: C:/Users/falco/AppData/Local/UnrealEngine/4.22/DerivedDataCache/Boot.ddc
[2019.04.23-13.43.38:098][  0]LogDerivedDataCache: FDerivedDataBackendGraph:  Pak pak cache file ../../../../../../Users/falco/Desktop/CMP302_RNade/CMP302_RNade/DerivedDataCache/DDC.ddp not found, will not use a pak cache.
[2019.04.23-13.43.38:098][  0]LogDerivedDataCache: Unable to find inner node Pak for hierarchical cache Hierarchy.
[2019.04.23-13.43.38:098][  0]LogDerivedDataCache: FDerivedDataBackendGraph:  CompressedPak pak cache file ../../../../../../Users/falco/Desktop/CMP302_RNade/CMP302_RNade/DerivedDataCache/Compressed.ddp not found, will not use a pak cache.
[2019.04.23-13.43.38:098][  0]LogDerivedDataCache: Unable to find inner node CompressedPak for hierarchical cache Hierarchy.
[2019.04.23-13.43.38:114][  0]LogDerivedDataCache: Display: Pak cache opened for reading ../../../Engine/DerivedDataCache/Compressed.ddp.
[2019.04.23-13.43.38:114][  0]LogDerivedDataCache: FDerivedDataBackendGraph:  EnterprisePak pak cache file ../../../Enterprise/DerivedDataCache/Compressed.ddp not found, will not use a pak cache.
[2019.04.23-13.43.38:114][  0]LogDerivedDataCache: Unable to find inner node EnterprisePak for hierarchical cache Hierarchy.
[2019.04.23-13.43.38:127][  0]LogDerivedDataCache: Using Local data cache path C:/Users/falco/AppData/Local/UnrealEngine/Common/DerivedDataCache: Writable
[2019.04.23-13.43.38:127][  0]LogDerivedDataCache: Shared data cache path not found in *engine.ini, will not use an Shared cache.
[2019.04.23-13.43.38:127][  0]LogDerivedDataCache: Unable to find inner node Shared for hierarchical cache Hierarchy.
[2019.04.23-13.43.38:164][  0]LogMaterial: Verifying Global Shaders for PCD3D_SM5
[2019.04.23-13.43.38:166][  0]LogSlate: Using FreeType 2.6.0
[2019.04.23-13.43.38:166][  0]LogSlate: SlateFontServices - WITH_FREETYPE: 1, WITH_HARFBUZZ: 1
[2019.04.23-13.43.38:285][  0]LogAssetRegistry: FAssetRegistry took 0.0451 seconds to start up
[2019.04.23-13.43.38:874][  0]LogInit: Selected Device Profile: [Windows]
[2019.04.23-13.43.38:963][  0]LogMeshReduction: Using QuadricMeshReduction for automatic static mesh reduction
[2019.04.23-13.43.38:963][  0]LogMeshReduction: Using SimplygonMeshReduction for automatic skeletal mesh reduction
[2019.04.23-13.43.38:963][  0]LogMeshReduction: Using ProxyLODMeshReduction for automatic mesh merging
[2019.04.23-13.43.38:963][  0]LogMeshReduction: No distributed automatic mesh merging module available
[2019.04.23-13.43.38:963][  0]LogMeshMerging: No distributed automatic mesh merging module available
[2019.04.23-13.43.39:114][  0]LogNetVersion: CMP302_RNade 1.0.0, NetCL: 5660361, EngineNetVer: 10, GameNetVer: 0 (Checksum: 52348406)
[2019.04.23-13.43.39:801][  0]LogPackageLocalizationCache: Processed 10 localized package path(s) for 1 prioritized culture(s) in 0.121089 seconds
[2019.04.23-13.43.39:811][  0]LogUObjectArray: 42205 objects as part of root set at end of initial load.
[2019.04.23-13.43.39:811][  0]LogUObjectAllocator: 7325032 out of 0 bytes used by permanent object pool.
[2019.04.23-13.43.39:811][  0]LogUObjectArray: CloseDisregardForGC: 0/0 objects in disregard for GC pool
[2019.04.23-13.43.40:975][  0]LogTcpMessaging: Initializing TcpMessaging bridge
[2019.04.23-13.43.40:990][  0]LogUdpMessaging: Initializing bridge on interface 0.0.0.0:0 to multicast group 230.0.0.1:6666.
[2019.04.23-13.43.41:595][  0]SourceControl: Source control is disabled
[2019.04.23-13.43.41:596][  0]SourceControl: Source control is disabled
[2019.04.23-13.43.41:598][  0]SourceControl: Source control is disabled
[2019.04.23-13.43.41:599][  0]SourceControl: Source control is disabled
[2019.04.23-13.43.41:715][  0]LogAndroidPermission: UAndroidPermissionCallbackProxy::GetInstance
[2019.04.23-13.43.41:922][  0]LogOcInput: OculusInput pre-init called
[2019.04.23-13.43.42:860][  0]LogEngine: Initializing Engine...
[2019.04.23-13.43.42:862][  0]LogHMD: Failed to initialize OpenVR with code 100
[2019.04.23-13.43.42:863][  0]LogStats: UGameplayTagsManager::InitializeManager -  0.000 s
[2019.04.23-13.43.43:152][  0]LogInit: Initializing FReadOnlyCVARCache
[2019.04.23-13.43.43:177][  0]LogAIModule: Creating AISystem for world Untitled
[2019.04.23-13.43.43:292][  0]LogInit: XAudio2 using 'ASUS VP278 (NVIDIA High Definition Audio)' : 2 channels at 48 kHz using 16 bits per sample (channel mask 0x3)
[2019.04.23-13.43.43:324][  0]LogInit: FAudioDevice initialized.
[2019.04.23-13.43.43:324][  0]LogNetVersion: Set ProjectVersion to 1.0.0.0. Version Checksum will be recalculated on next use.
[2019.04.23-13.43.43:601][  0]LogDerivedDataCache: Saved boot cache 0.28s 74MB C:/Users/falco/AppData/Local/UnrealEngine/4.22/DerivedDataCache/Boot.ddc.
[2019.04.23-13.43.43:620][  0]LogInit: Texture streaming: Enabled
[2019.04.23-13.43.43:651][  0]LogEngineSessionManager: EngineSessionManager initialized
[2019.04.23-13.43.43:693][  0]LogInit: Transaction tracking system initialized
[2019.04.23-13.43.43:736][  0]BlueprintLog: New page: Editor Load
[2019.04.23-13.43.43:881][  0]LocalizationService: Localization service is disabled
[2019.04.23-13.43.44:332][  0]LogFileCache: Scanning file cache for directory 'C:/Users/falco/Desktop/CMP302_RNade/CMP302_RNade/Content/' took 0.03s
[2019.04.23-13.43.44:332][  0]LogCook: Display: Max memory allowance for cook 16384mb min free memory 0mb
[2019.04.23-13.43.44:332][  0]LogCook: Display: Mobile HDR setting 1
[2019.04.23-13.43.44:624][  0]SourceControl: Source control is disabled
[2019.04.23-13.43.44:624][  0]Cmd: MAP LOAD FILE="../../../../../../Users/falco/Desktop/CMP302_RNade/CMP302_RNade/Content/FirstPersonCPP/Maps/FirstPersonExampleMap.umap" TEMPLATE=0 SHOWPROGRESS=1 FEATURELEVEL=3
[2019.04.23-13.43.44:625][  0]LightingResults: New page: Lighting Build
[2019.04.23-13.43.44:629][  0]MapCheck: New page: Map Check
[2019.04.23-13.43.44:629][  0]LightingResults: New page: Lighting Build
[2019.04.23-13.43.44:768][  0]LogUObjectHash: Compacting FUObjectHashTables data took   4.13ms
[2019.04.23-13.43.44:946][  0]LogAIModule: Creating AISystem for world FirstPersonExampleMap
[2019.04.23-13.43.44:984][  0]LogEditorServer: Finished looking for orphan Actors (0.000 secs)
[2019.04.23-13.43.45:112][  0]LogUObjectHash: Compacting FUObjectHashTables data took   3.54ms
[2019.04.23-13.43.45:112][  0]Cmd: MAP CHECKDEP NOCLEARLOG
[2019.04.23-13.43.45:113][  0]MapCheck: Map check complete: 0 Error(s), 0 Warning(s), took 0.209ms to complete.
[2019.04.23-13.43.45:113][  0]LogFileHelpers: Loading map 'FirstPersonExampleMap' took 0.488
[2019.04.23-13.43.45:254][  0]LogSlate: Updating window title bar state: overlay mode, drag disabled, window buttons hidden, title bar hidden
[2019.04.23-13.43.45:265][  0]LogSlate: Updating window title bar state: overlay mode, drag disabled, window buttons hidden, title bar hidden
[2019.04.23-13.43.45:278][  0]LogSlate: Updating window title bar state: overlay mode, drag disabled, window buttons hidden, title bar hidden
[2019.04.23-13.43.45:289][  0]LogSlate: Updating window title bar state: overlay mode, drag disabled, window buttons hidden, title bar hidden
[2019.04.23-13.43.45:304][  0]LogCollectionManager: Loaded 0 collections in 0.003124 seconds
[2019.04.23-13.43.45:322][  0]LogFileCache: Scanning file cache for directory 'C:/Users/falco/Desktop/CMP302_RNade/CMP302_RNade/Saved/Collections/' took 0.01s
[2019.04.23-13.43.45:322][  0]LogFileCache: Scanning file cache for directory 'C:/Users/falco/Desktop/CMP302_RNade/CMP302_RNade/Content/Developers/falco/Collections/' took 0.00s
[2019.04.23-13.43.45:322][  0]LogFileCache: Scanning file cache for directory 'C:/Users/falco/Desktop/CMP302_RNade/CMP302_RNade/Content/Collections/' took 0.00s
[2019.04.23-13.43.45:322][  0]LogCollectionManager: Rebuilt the GUID cache for 0 collections in 0.000000 seconds
[2019.04.23-13.43.45:339][  0]LogContentBrowser: Native class hierarchy populated in 0.0166 seconds. Added 2736 classes and 661 folders.
[2019.04.23-13.43.45:352][  0]LogContentBrowser: Native class hierarchy updated for 'WidgetCarousel' in 0.0006 seconds. Added 0 classes and 0 folders.
[2019.04.23-13.43.45:361][  0]LogPakFile: Registered encryption key '00000000000000000000000000000000': 0 pak files mounted, 0 remain pending
[2019.04.23-13.43.45:368][  0]LogPakFile: Registered encryption key '00000000000000000000000000000000': 0 pak files mounted, 0 remain pending
[2019.04.23-13.43.45:390][  0]LogPakFile: Registered encryption key '00000000000000000000000000000000': 0 pak files mounted, 0 remain pending
[2019.04.23-13.43.45:397][  0]LogPakFile: Registered encryption key '00000000000000000000000000000000': 0 pak files mounted, 0 remain pending
[2019.04.23-13.43.45:402][  0]LogPakFile: Registered encryption key '00000000000000000000000000000000': 0 pak files mounted, 0 remain pending
[2019.04.23-13.43.45:407][  0]LogPakFile: Registered encryption key '00000000000000000000000000000000': 0 pak files mounted, 0 remain pending
[2019.04.23-13.43.45:412][  0]LogPakFile: Registered encryption key '00000000000000000000000000000000': 0 pak files mounted, 0 remain pending
[2019.04.23-13.43.45:418][  0]LogPakFile: Registered encryption key '00000000000000000000000000000000': 0 pak files mounted, 0 remain pending
[2019.04.23-13.43.45:425][  0]LogPakFile: Registered encryption key '00000000000000000000000000000000': 0 pak files mounted, 0 remain pending
[2019.04.23-13.43.45:432][  0]LogPakFile: Registered encryption key '00000000000000000000000000000000': 0 pak files mounted, 0 remain pending
[2019.04.23-13.43.45:438][  0]LogPakFile: Registered encryption key '00000000000000000000000000000000': 0 pak files mounted, 0 remain pending
[2019.04.23-13.43.45:443][  0]LogPakFile: Registered encryption key '00000000000000000000000000000000': 0 pak files mounted, 0 remain pending
[2019.04.23-13.43.45:449][  0]LogPakFile: Registered encryption key '00000000000000000000000000000000': 0 pak files mounted, 0 remain pending
[2019.04.23-13.43.45:454][  0]LogPakFile: Registered encryption key '00000000000000000000000000000000': 0 pak files mounted, 0 remain pending
[2019.04.23-13.43.45:460][  0]LogPakFile: Registered encryption key '00000000000000000000000000000000': 0 pak files mounted, 0 remain pending
[2019.04.23-13.43.45:466][  0]LogPakFile: Registered encryption key '00000000000000000000000000000000': 0 pak files mounted, 0 remain pending
[2019.04.23-13.43.45:500][  0]LogPakFile: Registered encryption key '00000000000000000000000000000000': 0 pak files mounted, 0 remain pending
[2019.04.23-13.43.45:506][  0]LogPakFile: Registered encryption key '00000000000000000000000000000000': 0 pak files mounted, 0 remain pending
[2019.04.23-13.43.45:511][  0]LogPakFile: Registered encryption key '00000000000000000000000000000000': 0 pak files mounted, 0 remain pending
[2019.04.23-13.43.45:517][  0]LogPakFile: Registered encryption key '00000000000000000000000000000000': 0 pak files mounted, 0 remain pending
[2019.04.23-13.43.45:522][  0]LogPakFile: Registered encryption key '00000000000000000000000000000000': 0 pak files mounted, 0 remain pending
[2019.04.23-13.43.45:527][  0]LogPakFile: Registered encryption key '00000000000000000000000000000000': 0 pak files mounted, 0 remain pending
[2019.04.23-13.43.45:532][  0]LogPakFile: Registered encryption key '00000000000000000000000000000000': 0 pak files mounted, 0 remain pending
[2019.04.23-13.43.45:538][  0]LogPakFile: Registered encryption key '00000000000000000000000000000000': 0 pak files mounted, 0 remain pending
[2019.04.23-13.43.45:543][  0]LogPakFile: Registered encryption key '00000000000000000000000000000000': 0 pak files mounted, 0 remain pending
[2019.04.23-13.43.45:548][  0]LogPakFile: Registered encryption key '00000000000000000000000000000000': 0 pak files mounted, 0 remain pending
[2019.04.23-13.43.45:718][  0]LogContentBrowser: Native class hierarchy updated for 'AddContentDialog' in 0.0006 seconds. Added 0 classes and 0 folders.
[2019.04.23-13.43.45:727][  0]LogContentBrowser: Native class hierarchy updated for 'SceneOutliner' in 0.0006 seconds. Added 1 classes and 2 folders.
[2019.04.23-13.43.45:752][  0]LogSlate: Took 0.000279 seconds to synchronously load lazily loaded font '../../../Engine/Content/Slate/Fonts/Roboto-Regular.ttf' (155K)
[2019.04.23-13.43.45:754][  0]LogSlate: Took 0.000201 seconds to synchronously load lazily loaded font '../../../Engine/Content/Slate/Fonts/Roboto-Bold.ttf' (160K)
[2019.04.23-13.43.45:767][  0]LogSlate: Took 0.006088 seconds to synchronously load lazily loaded font '../../../Engine/Content/Editor/Slate/Fonts/FontAwesome.ttf' (139K)
[2019.04.23-13.43.45:926][  0]LogRenderer: Reallocating scene render targets to support 1208x572 Format 10 NumSamples 1 (Frame:1).
[2019.04.23-13.43.46:130][  0]LogContentBrowser: Native class hierarchy updated for 'HierarchicalLODOutliner' in 0.0006 seconds. Added 0 classes and 0 folders.
[2019.04.23-13.43.46:130][  0]LogLoad: (Engine Initialization) Total time: 14.32 seconds
[2019.04.23-13.43.46:130][  0]LogLoad: (Engine Initialization) Total Blueprint compile time: 0.00 seconds
[2019.04.23-13.43.46:187][  0]LogAssetRegistry: Asset discovery search completed in 7.9253 seconds
[2019.04.23-13.43.46:190][  0]LogCollectionManager: Rebuilt the object cache for 0 collections in 0.000001 seconds (found 0 objects)
[2019.04.23-13.43.46:190][  0]LogCollectionManager: Fixed up redirectors for 0 collections in 0.000053 seconds (updated 0 objects)
[2019.04.23-13.43.46:192][  0]LogContentStreaming: Texture pool size now 1000 MB
[2019.04.23-13.43.46:225][  0]LogSlate: Took 0.005846 seconds to synchronously load lazily loaded font '../../../Engine/Content/Slate/Fonts/Roboto-Light.ttf' (167K)
[2019.04.23-14.10.10:991][ 50]LogSlate: FSceneViewport::OnFocusLost() reason 0
[2019.04.23-14.10.14:782][448]LogSlate: Took 0.000237 seconds to synchronously load lazily loaded font '../../../Engine/Content/Slate/Fonts/Roboto-Light.ttf' (167K)
[2019.04.23-14.10.14:868][448]LogSlate: Took 0.008189 seconds to synchronously load lazily loaded font '../../../Engine/Content/Slate/Fonts/Roboto-BoldCondensed.ttf' (158K)
[2019.04.23-14.10.26:898][744]Running C:/Program Files/Epic Games/UE_4.22/Engine/Binaries/DotNET/UnrealBuildTool.exe  -projectfiles -project="C:/Users/falco/Desktop/CMP302_RNade/CMP302_RNade/CMP302_RNade.uproject" -game -rocket -progress
[2019.04.23-14.10.27:307][744]Discovering modules, targets and source code for project...
[2019.04.23-14.10.31:345][744]Binding IntelliSense data...
[2019.04.23-14.10.32:557][744]WARNING: Exception while generating include data for UE4Editor: Could not find definition for module 'Distorm' (referenced via allmodules option -> LiveCodingServer.Build.cs)
[2019.04.23-14.10.32:968][744]Binding IntelliSense data... 100%
[2019.04.23-14.10.32:968][744]Writing project files...
[2019.04.23-14.10.37:628][744]Writing project files... 100%
[2019.04.23-14.10.37:751][744]LogVSAccessor: Warning: Couldn't access Visual Studio
[2019.04.23-14.10.37:760][744]Candidate modules for hot reload:
[2019.04.23-14.10.37:760][744]  CMP302_RNade
[2019.04.23-14.10.37:760][744]Launching UnrealBuildTool... [C:/Program Files/Epic Games/UE_4.22/Engine/Binaries/DotNET/UnrealBuildTool.exe  -ModuleWithSuffix=CMP302_RNade,3251 Win64 Development -TargetType=Editor -Project="C:/Users/falco/Desktop/CMP302_RNade/CMP302_RNade/CMP302_RNade.uproject" "C:/Users/falco/Desktop/CMP302_RNade/CMP302_RNade/CMP302_RNade.uproject"  -IgnoreJunk]
[2019.04.23-14.11.50:167][744]CompilerResultsLog: New page: Compilation - 23 Apr 2019 16:11:50
[2019.04.23-14.11.50:168][744]CompilerResultsLog: Using 'git status' to determine working set for adaptive non-unity build (C:\Users\falco\Desktop\CMP302_RNade).
[2019.04.23-14.11.50:168][744]CompilerResultsLog: Creating makefile for CMP302_RNadeEditor (no existing makefile)
[2019.04.23-14.11.50:168][744]CompilerResultsLog: Parsing headers for CMP302_RNadeEditor
[2019.04.23-14.11.50:168][744]CompilerResultsLog:   Running UnrealHeaderTool "C:\Users\falco\Desktop\CMP302_RNade\CMP302_RNade\CMP302_RNade.uproject" "C:\Users\falco\Desktop\CMP302_RNade\CMP302_RNade\Intermediate\Build\Win64\CMP302_RNadeEditor\Development\CMP302_RNadeEditor.uhtmanifest" -LogCmds="loginit warning, logexit warning, logdatabase error" -Unattended -WarningsAsErrors -installed
[2019.04.23-14.11.50:168][744]CompilerResultsLog: Reflection code generated for CMP302_RNadeEditor in 24.4697908 seconds
[2019.04.23-14.11.50:168][744]CompilerResultsLog: Using Visual Studio 2017 14.16.27023 toolchain (C:\Program Files (x86)\Microsoft Visual Studio\2017\Community\VC\Tools\MSVC\14.16.27023) and Windows 10.0.17763.0 SDK (C:\Program Files (x86)\Windows Kits\10).
[2019.04.23-14.11.50:168][744]CompilerResultsLog: Building 16 actions with 8 processes...
[2019.04.23-14.11.50:168][744]CompilerResultsLog:   [1/16] SharedPCH.Engine.cpp
[2019.04.23-14.11.50:168][744]CompilerResultsLog:   [2/16] CMP302_RNade.init.gen.cpp
[2019.04.23-14.11.50:168][744]CompilerResultsLog:   [3/16] CMP302_RNadeHUD.cpp
[2019.04.23-14.11.50:168][744]CompilerResultsLog:   c1xx: error C3859: Failed to create virtual memory for PCH
[2019.04.23-14.11.50:168][744]CompilerResultsLog:   c1xx: note: the system returned code 1455: The paging file is too small for this operation to complete.
[2019.04.23-14.11.50:168][744]CompilerResultsLog: 
[2019.04.23-14.11.50:168][744]CompilerResultsLog: 
[2019.04.23-14.11.50:168][744]CompilerResultsLog:   c1xx: note: please visit https://aka.ms/pch-help for more details
[2019.04.23-14.11.50:168][744]CompilerResultsLog:   c1xx: fatal error C1076: compiler limit: internal heap limit reached
[2019.04.23-14.11.50:168][744]CompilerResultsLog:   [4/16] CMP302_RNadeGameMode.gen.cpp
[2019.04.23-14.11.50:168][744]CompilerResultsLog:   c1xx: error C3859: Failed to create virtual memory for PCH
[2019.04.23-14.11.50:168][744]CompilerResultsLog:   c1xx: note: the system returned code 1455: The paging file is too small for this operation to complete.
[2019.04.23-14.11.50:168][744]CompilerResultsLog: 
[2019.04.23-14.11.50:168][744]CompilerResultsLog: 
[2019.04.23-14.11.50:169][744]CompilerResultsLog:   c1xx: note: please visit https://aka.ms/pch-help for more details
[2019.04.23-14.11.50:169][744]CompilerResultsLog:   c1xx: fatal error C1076: compiler limit: internal heap limit reached
[2019.04.23-14.11.50:169][744]CompilerResultsLog:   [5/16] CMP302_RNadeProjectile.gen.cpp
[2019.04.23-14.11.50:169][744]CompilerResultsLog:   [6/16] CMP302_RNadeProjectile.cpp
[2019.04.23-14.11.50:169][744]CompilerResultsLog:   ERROR: Unable to rename C:\Users\falco\Desktop\CMP302_RNade\CMP302_RNade\Intermediate\Build\Win64\UE4Editor\Development\CMP302_RNade\CMP302_RNadeProjectile.cpp.txt.tmp to C:\Users\falco\Desktop\CMP302_RNade\CMP302_RNade\Intermediate\Build\Win64\UE4Editor\Development\CMP302_RNade\CMP302_RNadeProjectile.cpp.txt
[2019.04.23-14.11.50:169][744]CompilerResultsLog:   [7/16] CMP302_RNadeCharacter.gen.cpp
[2019.04.23-14.11.50:169][744]CompilerResultsLog:   c1xx: error C3859: Failed to create virtual memory for PCH
[2019.04.23-14.11.50:169][744]CompilerResultsLog:   c1xx: note: the system returned code 1455: The paging file is too small for this operation to complete.
[2019.04.23-14.11.50:169][744]CompilerResultsLog: 
[2019.04.23-14.11.50:169][744]CompilerResultsLog: 
[2019.04.23-14.11.50:169][744]CompilerResultsLog:   c1xx: note: please visit https://aka.ms/pch-help for more details
[2019.04.23-14.11.50:169][744]CompilerResultsLog:   c1xx: fatal error C1076: compiler limit: internal heap limit reached
[2019.04.23-14.11.50:169][744]CompilerResultsLog:   [8/16] CMP302_RNadeHUD.gen.cpp
[2019.04.23-14.11.50:169][744]CompilerResultsLog:   [9/16] CMP302_RNadeGameMode.cpp
[2019.04.23-14.11.50:169][744]CompilerResultsLog:   [10/16] CMP302_RNade.cpp
[2019.04.23-14.11.50:169][744]CompilerResultsLog:   [11/16] TimerBomb.cpp
[2019.04.23-14.11.50:169][744]CompilerResultsLog:   [12/16] TimerBomb.gen.cpp
[2019.04.23-14.11.50:169][744]CompilerResultsLog:   [13/16] CMP302_RNadeCharacter.cpp
[2019.04.23-14.11.50:169][744]LogMainFrame: MainFrame: Module compiling took 72.418 seconds
[2019.04.23-14.11.50:171][744]Warning: HotReload failed, recompile failed
[2019.04.23-14.11.50:179][744]Warning: RebindPackages failed because compilation failed.
[2019.04.23-14.12.13:359][744]LogSlate: Window 'Message' being destroyed
[2019.04.23-14.12.13:388][744]LogSlate: Window 'Add C++ Class' being destroyed
[2019.04.23-14.12.13:419][744]LogSlate: Took 0.008791 seconds to synchronously load lazily loaded font '../../../Engine/Content/Slate/Fonts/DroidSansMono.ttf' (77K)
[2019.04.23-14.12.13:490][745]LogUnrealEdMisc: Warning: Heartbeat event firing too frequently (0.000 sec). This should never happen. Something is wrong with the timer delegate!
[2019.04.23-14.12.37:417][404]LogSlate: Window 'Output Log' being destroyed
[2019.04.23-14.12.42:061][919]LogVSAccessor: Warning: Couldn't access Visual Studio
[2019.04.23-14.12.42:066][919]Candidate modules for hot reload:
[2019.04.23-14.12.42:066][919]  CMP302_RNade
[2019.04.23-14.12.42:066][919]Launching UnrealBuildTool... [C:/Program Files/Epic Games/UE_4.22/Engine/Binaries/DotNET/UnrealBuildTool.exe  -ModuleWithSuffix=CMP302_RNade,9632 Win64 Development -TargetType=Editor -Project="C:/Users/falco/Desktop/CMP302_RNade/CMP302_RNade/CMP302_RNade.uproject" "C:/Users/falco/Desktop/CMP302_RNade/CMP302_RNade/CMP302_RNade.uproject"  -IgnoreJunk]
[2019.04.23-14.12.42:071][919]Warning: Starting HotReload took  0.0s.
[2019.04.23-14.12.46:142][309]LogUnrealEdMisc: Warning: Heartbeat event firing too frequently (32.651 sec). This should never happen. Something is wrong with the timer delegate!
[2019.04.23-14.12.59:722][799]CompilerResultsLog: New page: Compilation - 23 Apr 2019 16:12:59
[2019.04.23-14.12.59:722][799]CompilerResultsLog: Using 'git status' to determine working set for adaptive non-unity build (C:\Users\falco\Desktop\CMP302_RNade).
[2019.04.23-14.12.59:722][799]CompilerResultsLog: Parsing headers for CMP302_RNadeEditor
[2019.04.23-14.12.59:722][799]CompilerResultsLog:   Running UnrealHeaderTool "C:\Users\falco\Desktop\CMP302_RNade\CMP302_RNade\CMP302_RNade.uproject" "C:\Users\falco\Desktop\CMP302_RNade\CMP302_RNade\Intermediate\Build\Win64\CMP302_RNadeEditor\Development\CMP302_RNadeEditor.uhtmanifest" -LogCmds="loginit warning, logexit warning, logdatabase error" -Unattended -WarningsAsErrors -installed
[2019.04.23-14.12.59:722][799]CompilerResultsLog: Reflection code generated for CMP302_RNadeEditor in 10.9654925 seconds
[2019.04.23-14.12.59:722][799]CompilerResultsLog: Using Visual Studio 2017 14.16.27023 toolchain (C:\Program Files (x86)\Microsoft Visual Studio\2017\Community\VC\Tools\MSVC\14.16.27023) and Windows 10.0.17763.0 SDK (C:\Program Files (x86)\Windows Kits\10).
[2019.04.23-14.12.59:722][799]CompilerResultsLog: Building 7 actions with 8 processes...
[2019.04.23-14.12.59:722][799]CompilerResultsLog:   [1/7] CMP302_RNadeGameMode.gen.cpp
[2019.04.23-14.12.59:722][799]CompilerResultsLog:   [2/7] CMP302_RNadeCharacter.gen.cpp
[2019.04.23-14.12.59:722][799]CompilerResultsLog:   [3/7] CMP302_RNadeProjectile.cpp
[2019.04.23-14.12.59:722][799]CompilerResultsLog:   [4/7] CMP302_RNadeHUD.cpp
[2019.04.23-14.12.59:722][799]CompilerResultsLog:   [5/7] UE4Editor-CMP302_RNade-9632.lib
[2019.04.23-14.12.59:722][799]CompilerResultsLog:      Creating library C:\Users\falco\Desktop\CMP302_RNade\CMP302_RNade\Intermediate\Build\Win64\UE4Editor\Development\CMP302_RNade\UE4Editor-CMP302_RNade-9632.lib and object C:\Users\falco\Desktop\CMP302_RNade\CMP302_RNade\Intermediate\Build\Win64\UE4Editor\Development\CMP302_RNade\UE4Editor-CMP302_RNade-9632.exp
[2019.04.23-14.12.59:722][799]CompilerResultsLog:   [6/7] UE4Editor-CMP302_RNade-9632.dll
[2019.04.23-14.12.59:722][799]CompilerResultsLog:      Creating library C:\Users\falco\Desktop\CMP302_RNade\CMP302_RNade\Intermediate\Build\Win64\UE4Editor\Development\CMP302_RNade\UE4Editor-CMP302_RNade-9632.suppressed.lib and object C:\Users\falco\Desktop\CMP302_RNade\CMP302_RNade\Intermediate\Build\Win64\UE4Editor\Development\CMP302_RNade\UE4Editor-CMP302_RNade-9632.suppressed.exp
[2019.04.23-14.12.59:722][799]CompilerResultsLog:   [7/7] CMP302_RNadeEditor.target
[2019.04.23-14.12.59:722][799]CompilerResultsLog: Total time in Parallel executor: 4.67 seconds
[2019.04.23-14.12.59:722][799]CompilerResultsLog: Total execution time: 17.53 seconds
[2019.04.23-14.12.59:722][799]LogMainFrame: MainFrame: Module compiling took 17.662 seconds
[2019.04.23-14.12.59:861][799]LogUObjectHash: Compacting FUObjectHashTables data took   1.51ms
[2019.04.23-14.12.59:905][799]LogClass: Could not find existing class TimerBomb in package /Script/CMP302_RNade for HotReload, assuming new class
[2019.04.23-14.12.59:917][799]LogContentBrowser: Native class hierarchy updated for 'CMP302_RNade' in 0.0007 seconds. Added 5 classes and 2 folders.
[2019.04.23-14.12.59:921][799]Display: HotReload successful (1 functions remapped  0 scriptstructs remapped)
[2019.04.23-14.13.00:185][799]LogUObjectHash: Compacting FUObjectHashTables data took   2.13ms
[2019.04.23-14.13.00:208][799]LogContentBrowser: Native class hierarchy populated in 0.0158 seconds. Added 2738 classes and 663 folders.
[2019.04.23-14.13.00:212][799]Display: HotReload took 18.2s.
[2019.04.23-14.14.43:737][277]LogInit: XAudio2 using 'ASUS VP278 (NVIDIA High Definition Audio)' : 2 channels at 48 kHz using 16 bits per sample (channel mask 0x3)
[2019.04.23-14.14.48:286][289]LogInit: XAudio2 using 'ASUS VP278 (NVIDIA High Definition Audio)' : 2 channels at 48 kHz using 16 bits per sample (channel mask 0x3)
[2019.04.23-14.25.02:664][819]Candidate modules for hot reload:
[2019.04.23-14.25.02:664][819]  CMP302_RNade
[2019.04.23-14.25.02:664][819]Launching UnrealBuildTool... [C:/Program Files/Epic Games/UE_4.22/Engine/Binaries/DotNET/UnrealBuildTool.exe  -ModuleWithSuffix=CMP302_RNade,1420 Win64 Development -TargetType=Editor -Project="C:/Users/falco/Desktop/CMP302_RNade/CMP302_RNade/CMP302_RNade.uproject" "C:/Users/falco/Desktop/CMP302_RNade/CMP302_RNade/CMP302_RNade.uproject"  -IgnoreJunk]
[2019.04.23-14.25.02:672][819]Warning: Starting HotReload took  1.8s.
[2019.04.23-14.30.49:479][534]LogTemp: IOS device listing is disabled (to many failed attempts)!
