Log file open, 04/24/19 14:20:56
LogWindows: Failed to load 'aqProf.dll' (GetLastError=126)
LogWindows: File 'aqProf.dll' does not exist
LogWindows: Failed to load 'VtuneApi.dll' (GetLastError=126)
LogWindows: File 'VtuneApi.dll' does not exist
LogWindows: Failed to load 'VtuneApi32e.dll' (GetLastError=126)
LogWindows: File 'VtuneApi32e.dll' does not exist
LogConsoleResponse: Display: Failed to find resolution value strings in scalability ini. Falling back to default.
LogInit: Display: Running engine for game: CMP302_RNade
LogPakFile: Registered encryption key '00000000000000000000000000000000': 0 pak files mounted, 0 remain pending
LogPlatformFile: Not using cached read wrapper
LogTaskGraph: Started task graph with 5 named threads and 23 total threads with 3 sets of task threads.
LogStats: Stats thread started at 0.332649
LogD3D11RHI: Loaded GFSDK_Aftermath_Lib.x64.dll
LogWindows: Failed to load '../../../Engine/Binaries/ThirdParty/libsndfile/Win64/libsndfile-1.dll' (GetLastError=126)
LogWindows: File '../../../Engine/Binaries/ThirdParty/libsndfile/Win64/libsndfile-1.dll' does not exist
LogAudioMixer: Display: Failed to load Sound File dll
LogAudioEditor: Display: LibSoundFile failed to load. Importing audio will not work correctly.
LogICUInternationalization: ICU TimeZone Detection - Raw Offset: +0:00, Platform Override: ''
LogPluginManager: Mounting plugin Paper2D
LogPluginManager: Mounting plugin AISupport
LogPluginManager: Mounting plugin LightPropagationVolume
LogPluginManager: Mounting plugin ActorLayerUtilities
LogPluginManager: Mounting plugin AnimationSharing
LogPluginManager: Mounting plugin CLionSourceCodeAccess
LogPluginManager: Mounting plugin CodeLiteSourceCodeAccess
LogPluginManager: Mounting plugin GitSourceControl
LogPluginManager: Mounting plugin KDevelopSourceCodeAccess
LogPluginManager: Mounting plugin NullSourceCodeAccess
LogPluginManager: Mounting plugin PerforceSourceControl
LogPluginManager: Mounting plugin SubversionSourceControl
LogPluginManager: Mounting plugin UObjectPlugin
LogPluginManager: Mounting plugin VisualStudioCodeSourceCodeAccess
LogPluginManager: Mounting plugin VisualStudioSourceCodeAccess
LogPluginManager: Mounting plugin XCodeSourceCodeAccess
LogPluginManager: Mounting plugin AssetManagerEditor
LogPluginManager: Mounting plugin CryptoKeys
LogPluginManager: Mounting plugin DataValidation
LogPluginManager: Mounting plugin FacialAnimation
LogPluginManager: Mounting plugin GameplayTagsEditor
LogPluginManager: Mounting plugin MacGraphicsSwitching
LogPluginManager: Mounting plugin MaterialAnalyzer
LogPluginManager: Mounting plugin MobileLauncherProfileWizard
LogPluginManager: Mounting plugin PluginBrowser
LogPluginManager: Mounting plugin SpeedTreeImporter
LogPluginManager: Mounting plugin DatasmithContent
LogPluginManager: Mounting plugin VariantManagerContent
LogPluginManager: Mounting plugin AlembicImporter
LogPluginManager: Mounting plugin AppleImageUtils
LogPluginManager: Mounting plugin AppleVision
LogPluginManager: Mounting plugin BackChannel
LogPluginManager: Mounting plugin CharacterAI
LogPluginManager: Mounting plugin GeometryCache
LogPluginManager: Mounting plugin HTML5Networking
LogPluginManager: Mounting plugin ProxyLODPlugin
LogPluginManager: Mounting plugin SkeletalReduction
LogPluginManager: Mounting plugin MagicLeap
LogPluginManager: Mounting plugin MagicLeapMedia
LogPluginManager: Mounting plugin AndroidMedia
LogPluginManager: Mounting plugin AvfMedia
LogPluginManager: Mounting plugin ImgMedia
LogPluginManager: Mounting plugin LinearTimecode
LogPluginManager: Mounting plugin MediaCompositing
LogPluginManager: Mounting plugin MediaPlayerEditor
LogPluginManager: Mounting plugin WebMMedia
LogPluginManager: Mounting plugin WmfMedia
LogPluginManager: Mounting plugin TcpMessaging
LogPluginManager: Mounting plugin UdpMessaging
LogPluginManager: Mounting plugin ActorSequence
LogPluginManager: Mounting plugin LevelSequenceEditor
LogPluginManager: Mounting plugin MatineeToLevelSequence
LogPluginManager: Mounting plugin NetcodeUnitTest
LogPluginManager: Mounting plugin NUTUnrealEngine4
LogPluginManager: Mounting plugin OnlineSubsystemGooglePlay
LogPluginManager: Mounting plugin OnlineSubsystemIOS
LogPluginManager: Mounting plugin OnlineSubsystem
LogPluginManager: Mounting plugin OnlineSubsystemNull
LogPluginManager: Mounting plugin OnlineSubsystemUtils
LogPluginManager: Mounting plugin LauncherChunkInstaller
LogPluginManager: Mounting plugin AndroidDeviceProfileSelector
LogPluginManager: Mounting plugin AndroidMoviePlayer
LogPluginManager: Mounting plugin AndroidPermission
LogPluginManager: Mounting plugin AppleMoviePlayer
LogPluginManager: Mounting plugin ArchVisCharacter
LogPluginManager: Mounting plugin AudioCapture
LogPluginManager: Mounting plugin CableComponent
LogPluginManager: Mounting plugin CustomMeshComponent
LogPluginManager: Mounting plugin EditableMesh
LogPluginManager: Mounting plugin ExampleDeviceProfileSelector
LogPluginManager: Mounting plugin Firebase
LogPluginManager: Mounting plugin GoogleCloudMessaging
LogPluginManager: Mounting plugin IOSDeviceProfileSelector
LogPluginManager: Mounting plugin LinuxDeviceProfileSelector
LogPluginManager: Mounting plugin LocationServicesBPLibrary
LogPluginManager: Mounting plugin MobilePatchingUtils
LogPluginManager: Mounting plugin OculusVR
LogPluginManager: Mounting plugin PhysXVehicles
LogPluginManager: Mounting plugin ProceduralMeshComponent
LogPluginManager: Mounting plugin RuntimePhysXCooking
LogPluginManager: Mounting plugin SignificanceManager
LogPluginManager: Mounting plugin SteamVR
LogPluginManager: Mounting plugin WebMMoviePlayer
LogPluginManager: Mounting plugin WindowsMoviePlayer
LogInit: Using libcurl 7.55.1-DEV
LogInit:  - built for x86_64-pc-win32
LogInit:  - supports SSL with OpenSSL/1.1.1
LogInit:  - supports HTTP deflate (compression) using libz 1.2.8
LogInit:  - other features:
LogInit:      CURL_VERSION_SSL
LogInit:      CURL_VERSION_LIBZ
LogInit:      CURL_VERSION_IPV6
LogInit:      CURL_VERSION_ASYNCHDNS
LogInit:      CURL_VERSION_LARGEFILE
LogInit:      CURL_VERSION_IDN
LogInit:  CurlRequestOptions (configurable via config and command line):
LogInit:  - bVerifyPeer = true  - Libcurl will verify peer certificate
LogInit:  - bUseHttpProxy = false  - Libcurl will NOT use HTTP proxy
LogInit:  - bDontReuseConnections = false  - Libcurl will reuse connections
LogInit:  - MaxHostConnections = 16  - Libcurl will limit the number of connections to a host
LogInit:  - LocalHostAddr = Default
LogInit:  - BufferSize = 65536
LogInit: WinSock: version 1.1 (2.2), MaxSocks=32767, MaxUdp=65467
LogInit: Build: ++UE4+Release-4.22-CL-5660361
LogInit: Engine Version: 4.22.0-5660361+++UE4+Release-4.22
LogInit: Compatible Engine Version: 4.22.0-5660361+++UE4+Release-4.22
LogInit: Net CL: 5660361
LogInit: OS: Windows 10 (Release 1803) (), CPU: AMD FX(tm)-8320 Eight-Core Processor           , GPU: NVIDIA GeForce GTX 1070
LogInit: Compiled (64-bit): Mar 31 2019 02:05:09
LogInit: Compiled with Visual C++: 19.16.27025.01
LogInit: Build Configuration: Development
LogInit: Branch Name: ++UE4+Release-4.22
LogInit: Command Line:  -EpicPortal -epicusername=Cpt_Falconator -epicuserid=1ca5619b68f641f0894301f1adf86ca1 -epiclocale=en-GB
LogInit: Base Directory: C:/Program Files/Epic Games/UE_4.22/Engine/Binaries/Win64/
LogInit: Installed Engine Build: 1
LogDevObjectVersion: Number of dev versions registered: 23
LogDevObjectVersion:   Dev-Blueprints (B0D832E4-1F89-4F0D-ACCF-7EB736FD4AA2): 10
LogDevObjectVersion:   Dev-Build (E1C64328-A22C-4D53-A36C-8E866417BD8C): 0
LogDevObjectVersion:   Dev-Core (375EC13C-06E4-48FB-B500-84F0262A717E): 3
LogDevObjectVersion:   Dev-Editor (E4B068ED-F494-42E9-A231-DA0B2E46BB41): 30
LogDevObjectVersion:   Dev-Framework (CFFC743F-43B0-4480-9391-14DF171D2073): 35
LogDevObjectVersion:   Dev-Mobile (B02B49B5-BB20-44E9-A304-32B752E40360): 2
LogDevObjectVersion:   Dev-Networking (A4E4105C-59A1-49B5-A7C5-40C4547EDFEE): 0
LogDevObjectVersion:   Dev-Online (39C831C9-5AE6-47DC-9A44-9C173E1C8E7C): 0
LogDevObjectVersion:   Dev-Physics (78F01B33-EBEA-4F98-B9B4-84EACCB95AA2): 0
LogDevObjectVersion:   Dev-Platform (6631380F-2D4D-43E0-8009-CF276956A95A): 0
LogDevObjectVersion:   Dev-Rendering (12F88B9F-8875-4AFC-A67C-D90C383ABD29): 28
LogDevObjectVersion:   Dev-Sequencer (7B5AE74C-D270-4C10-A958-57980B212A5A): 11
LogDevObjectVersion:   Dev-VR (D7296918-1DD6-4BDD-9DE2-64A83CC13884): 2
LogDevObjectVersion:   Dev-LoadTimes (C2A15278-BFE7-4AFE-6C17-90FF531DF755): 1
LogDevObjectVersion:   Private-Geometry (6EACA3D4-40EC-4CC1-B786-8BED09428FC5): 3
LogDevObjectVersion:   Dev-AnimPhys (29E575DD-E0A3-4627-9D10-D276232CDCEA): 17
LogDevObjectVersion:   Dev-Anim (AF43A65D-7FD3-4947-9873-3E8ED9C1BB05): 2
LogDevObjectVersion:   Dev-ReflectionCapture (6B266CEC-1EC7-4B8F-A30B-E4D90942FC07): 1
LogDevObjectVersion:   Dev-Automation (0DF73D61-A23F-47EA-B727-89E90C41499A): 1
LogDevObjectVersion:   FortniteMain (601D1886-AC64-4F84-AA16-D3DE0DEAC7D6): 25
LogDevObjectVersion:   Dev-Enterprise (9DFFBCD6-494F-0158-E221-12823C92A888): 6
LogDevObjectVersion:   Dev-Niagara (F2AED0AC-9AFE-416F-8664-AA7FFA26D6FC): 1
LogDevObjectVersion:   Dev-Destruction (174F1F0B-B4C6-45A5-B13F-2EE8D0FB917D): 2
LogInit: Presizing for max 16777216 objects, including 0 objects not considered by GC, pre-allocating 0 bytes for permanent pool.
LogInit: Object subsystem initialized
LogConfig: Setting CVar [[con.DebugEarlyDefault:1]]
LogConfig: Setting CVar [[r.setres:1280x720]]
[2019.04.24-13.20.57:245][  0]LogConfig: Setting CVar [[r.VSync:0]]
[2019.04.24-13.20.57:245][  0]LogConfig: Setting CVar [[r.RHICmdBypass:0]]
[2019.04.24-13.20.57:245][  0]LogConfig: Applying CVar settings from Section [/Script/Engine.RendererSettings] File [C:/Users/falco/Desktop/CMP302_RNade/CMP302_RNade/Saved/Config/Windows/Engine.ini]
[2019.04.24-13.20.57:245][  0]LogConfig: Setting CVar [[r.GPUCrashDebugging:0]]
[2019.04.24-13.20.57:245][  0]LogConfig: Applying CVar settings from Section [/Script/Engine.RendererOverrideSettings] File [C:/Users/falco/Desktop/CMP302_RNade/CMP302_RNade/Saved/Config/Windows/Engine.ini]
[2019.04.24-13.20.57:245][  0]LogConfig: Applying CVar settings from Section [/Script/Engine.StreamingSettings] File [C:/Users/falco/Desktop/CMP302_RNade/CMP302_RNade/Saved/Config/Windows/Engine.ini]
[2019.04.24-13.20.57:245][  0]LogConfig: Setting CVar [[s.MinBulkDataSizeForAsyncLoading:131072]]
[2019.04.24-13.20.57:245][  0]LogConfig: Setting CVar [[s.AsyncLoadingThreadEnabled:0]]
[2019.04.24-13.20.57:245][  0]LogConfig: Setting CVar [[s.EventDrivenLoaderEnabled:1]]
[2019.04.24-13.20.57:245][  0]LogConfig: Setting CVar [[s.WarnIfTimeLimitExceeded:0]]
[2019.04.24-13.20.57:245][  0]LogConfig: Setting CVar [[s.TimeLimitExceededMultiplier:1.5]]
[2019.04.24-13.20.57:245][  0]LogConfig: Setting CVar [[s.TimeLimitExceededMinTime:0.005]]
[2019.04.24-13.20.57:245][  0]LogConfig: Setting CVar [[s.UseBackgroundLevelStreaming:1]]
[2019.04.24-13.20.57:245][  0]LogConfig: Setting CVar [[s.PriorityAsyncLoadingExtraTime:15.0]]
[2019.04.24-13.20.57:245][  0]LogConfig: Setting CVar [[s.LevelStreamingActorsUpdateTimeLimit:5.0]]
[2019.04.24-13.20.57:245][  0]LogConfig: Setting CVar [[s.PriorityLevelStreamingActorsUpdateExtraTime:5.0]]
[2019.04.24-13.20.57:245][  0]LogConfig: Setting CVar [[s.LevelStreamingComponentsRegistrationGranularity:10]]
[2019.04.24-13.20.57:245][  0]LogConfig: Setting CVar [[s.UnregisterComponentsTimeLimit:1.0]]
[2019.04.24-13.20.57:245][  0]LogConfig: Setting CVar [[s.LevelStreamingComponentsUnregistrationGranularity:5]]
[2019.04.24-13.20.57:245][  0]LogConfig: Applying CVar settings from Section [/Script/Engine.GarbageCollectionSettings] File [C:/Users/falco/Desktop/CMP302_RNade/CMP302_RNade/Saved/Config/Windows/Engine.ini]
[2019.04.24-13.20.57:245][  0]LogConfig: Setting CVar [[gc.MaxObjectsNotConsideredByGC:1]]
[2019.04.24-13.20.57:245][  0]LogConfig: Setting CVar [[gc.SizeOfPermanentObjectPool:0]]
[2019.04.24-13.20.57:245][  0]LogConfig: Setting CVar [[gc.FlushStreamingOnGC:0]]
[2019.04.24-13.20.57:245][  0]LogConfig: Setting CVar [[gc.NumRetriesBeforeForcingGC:10]]
[2019.04.24-13.20.57:245][  0]LogConfig: Setting CVar [[gc.AllowParallelGC:1]]
[2019.04.24-13.20.57:245][  0]LogConfig: Setting CVar [[gc.TimeBetweenPurgingPendingKillObjects:61.1]]
[2019.04.24-13.20.57:245][  0]LogConfig: Setting CVar [[gc.MaxObjectsInEditor:16777216]]
[2019.04.24-13.20.57:245][  0]LogConfig: Setting CVar [[gc.IncrementalBeginDestroyEnabled:1]]
[2019.04.24-13.20.57:246][  0]LogConfig: Setting CVar [[gc.CreateGCClusters:1]]
[2019.04.24-13.20.57:246][  0]LogConfig: Setting CVar [[gc.MinGCClusterSize:5]]
[2019.04.24-13.20.57:246][  0]LogConfig: Setting CVar [[gc.ActorClusteringEnabled:0]]
[2019.04.24-13.20.57:246][  0]LogConfig: Setting CVar [[gc.BlueprintClusteringEnabled:0]]
[2019.04.24-13.20.57:246][  0]LogConfig: Setting CVar [[gc.UseDisregardForGCOnDedicatedServers:0]]
[2019.04.24-13.20.57:246][  0]LogConfig: Applying CVar settings from Section [/Script/Engine.NetworkSettings] File [C:/Users/falco/Desktop/CMP302_RNade/CMP302_RNade/Saved/Config/Windows/Engine.ini]
[2019.04.24-13.20.57:246][  0]LogConfig: Applying CVar settings from Section [/Script/UnrealEd.CookerSettings] File [C:/Users/falco/Desktop/CMP302_RNade/CMP302_RNade/Saved/Config/Windows/Engine.ini]
[2019.04.24-13.20.57:258][  0]LogConfig: Applying CVar settings from Section [ViewDistanceQuality@3] File [C:/Users/falco/Desktop/CMP302_RNade/CMP302_RNade/Saved/Config/Windows/Scalability.ini]
[2019.04.24-13.20.57:258][  0]LogConfig: Setting CVar [[r.SkeletalMeshLODBias:0]]
[2019.04.24-13.20.57:258][  0]LogConfig: Setting CVar [[r.ViewDistanceScale:1.0]]
[2019.04.24-13.20.57:258][  0]LogConfig: Applying CVar settings from Section [AntiAliasingQuality@3] File [C:/Users/falco/Desktop/CMP302_RNade/CMP302_RNade/Saved/Config/Windows/Scalability.ini]
[2019.04.24-13.20.57:258][  0]LogConfig: Setting CVar [[r.PostProcessAAQuality:4]]
[2019.04.24-13.20.57:258][  0]LogConfig: Applying CVar settings from Section [ShadowQuality@3] File [C:/Users/falco/Desktop/CMP302_RNade/CMP302_RNade/Saved/Config/Windows/Scalability.ini]
[2019.04.24-13.20.57:258][  0]LogConfig: Setting CVar [[r.LightFunctionQuality:1]]
[2019.04.24-13.20.57:258][  0]LogConfig: Setting CVar [[r.ShadowQuality:5]]
[2019.04.24-13.20.57:258][  0]LogConfig: Setting CVar [[r.Shadow.CSM.MaxCascades:10]]
[2019.04.24-13.20.57:258][  0]LogConfig: Setting CVar [[r.Shadow.MaxResolution:2048]]
[2019.04.24-13.20.57:258][  0]LogConfig: Setting CVar [[r.Shadow.MaxCSMResolution:2048]]
[2019.04.24-13.20.57:258][  0]LogConfig: Setting CVar [[r.Shadow.RadiusThreshold:0.01]]
[2019.04.24-13.20.57:258][  0]LogConfig: Setting CVar [[r.Shadow.DistanceScale:1.0]]
[2019.04.24-13.20.57:258][  0]LogConfig: Setting CVar [[r.Shadow.CSM.TransitionScale:1.0]]
[2019.04.24-13.20.57:258][  0]LogConfig: Setting CVar [[r.Shadow.PreShadowResolutionFactor:1.0]]
[2019.04.24-13.20.57:258][  0]LogConfig: Setting CVar [[r.DistanceFieldShadowing:1]]
[2019.04.24-13.20.57:258][  0]LogConfig: Setting CVar [[r.DistanceFieldAO:1]]
[2019.04.24-13.20.57:258][  0]LogConfig: Setting CVar [[r.AOQuality:2]]
[2019.04.24-13.20.57:258][  0]LogConfig: Setting CVar [[r.VolumetricFog:1]]
[2019.04.24-13.20.57:258][  0]LogConfig: Setting CVar [[r.VolumetricFog.GridPixelSize:8]]
[2019.04.24-13.20.57:258][  0]LogConfig: Setting CVar [[r.VolumetricFog.GridSizeZ:128]]
[2019.04.24-13.20.57:258][  0]LogConfig: Setting CVar [[r.VolumetricFog.HistoryMissSupersampleCount:4]]
[2019.04.24-13.20.57:258][  0]LogConfig: Setting CVar [[r.LightMaxDrawDistanceScale:1]]
[2019.04.24-13.20.57:258][  0]LogConfig: Setting CVar [[r.CapsuleShadows:1]]
[2019.04.24-13.20.57:258][  0]LogConfig: Applying CVar settings from Section [PostProcessQuality@3] File [C:/Users/falco/Desktop/CMP302_RNade/CMP302_RNade/Saved/Config/Windows/Scalability.ini]
[2019.04.24-13.20.57:258][  0]LogConfig: Setting CVar [[r.MotionBlurQuality:4]]
[2019.04.24-13.20.57:258][  0]LogConfig: Setting CVar [[r.AmbientOcclusionMipLevelFactor:0.4]]
[2019.04.24-13.20.57:258][  0]LogConfig: Setting CVar [[r.AmbientOcclusionMaxQuality:100]]
[2019.04.24-13.20.57:258][  0]LogConfig: Setting CVar [[r.AmbientOcclusionLevels:-1]]
[2019.04.24-13.20.57:258][  0]LogConfig: Setting CVar [[r.AmbientOcclusionRadiusScale:1.0]]
[2019.04.24-13.20.57:259][  0]LogConfig: Setting CVar [[r.DepthOfFieldQuality:2]]
[2019.04.24-13.20.57:259][  0]LogConfig: Setting CVar [[r.RenderTargetPoolMin:400]]
[2019.04.24-13.20.57:259][  0]LogConfig: Setting CVar [[r.LensFlareQuality:2]]
[2019.04.24-13.20.57:259][  0]LogConfig: Setting CVar [[r.SceneColorFringeQuality:1]]
[2019.04.24-13.20.57:259][  0]LogConfig: Setting CVar [[r.EyeAdaptationQuality:2]]
[2019.04.24-13.20.57:259][  0]LogConfig: Setting CVar [[r.BloomQuality:5]]
[2019.04.24-13.20.57:259][  0]LogConfig: Setting CVar [[r.FastBlurThreshold:100]]
[2019.04.24-13.20.57:259][  0]LogConfig: Setting CVar [[r.Upscale.Quality:3]]
[2019.04.24-13.20.57:259][  0]LogConfig: Setting CVar [[r.Tonemapper.GrainQuantization:1]]
[2019.04.24-13.20.57:259][  0]LogConfig: Setting CVar [[r.LightShaftQuality:1]]
[2019.04.24-13.20.57:259][  0]LogConfig: Setting CVar [[r.Filter.SizeScale:1]]
[2019.04.24-13.20.57:259][  0]LogConfig: Setting CVar [[r.Tonemapper.Quality:5]]
[2019.04.24-13.20.57:259][  0]LogConfig: Setting CVar [[r.DOF.Gather.AccumulatorQuality:1        ; higher gathering accumulator quality]]
[2019.04.24-13.20.57:259][  0]LogConfig: Setting CVar [[r.DOF.Gather.PostfilterMethod:1          ; Median3x3 postfilering method]]
[2019.04.24-13.20.57:259][  0]LogConfig: Setting CVar [[r.DOF.Gather.EnableBokehSettings:0       ; no bokeh simulation when gathering]]
[2019.04.24-13.20.57:259][  0]LogConfig: Setting CVar [[r.DOF.Gather.RingCount:4                 ; medium number of samples when gathering]]
[2019.04.24-13.20.57:259][  0]LogConfig: Setting CVar [[r.DOF.Scatter.ForegroundCompositing:1    ; additive foreground scattering]]
[2019.04.24-13.20.57:259][  0]LogConfig: Setting CVar [[r.DOF.Scatter.BackgroundCompositing:2    ; additive background scattering]]
[2019.04.24-13.20.57:259][  0]LogConfig: Setting CVar [[r.DOF.Scatter.EnableBokehSettings:1      ; bokeh simulation when scattering]]
[2019.04.24-13.20.57:259][  0]LogConfig: Setting CVar [[r.DOF.Scatter.MaxSpriteRatio:0.1         ; only a maximum of 10% of scattered bokeh]]
[2019.04.24-13.20.57:259][  0]LogConfig: Setting CVar [[r.DOF.Recombine.Quality:1                ; cheap slight out of focus]]
[2019.04.24-13.20.57:259][  0]LogConfig: Setting CVar [[r.DOF.Recombine.EnableBokehSettings:0    ; no bokeh simulation on slight out of focus]]
[2019.04.24-13.20.57:259][  0]LogConfig: Setting CVar [[r.DOF.TemporalAAQuality:1                ; more stable temporal accumulation]]
[2019.04.24-13.20.57:259][  0]LogConfig: Setting CVar [[r.DOF.Kernel.MaxForegroundRadius:0.025]]
[2019.04.24-13.20.57:259][  0]LogConfig: Setting CVar [[r.DOF.Kernel.MaxBackgroundRadius:0.025]]
[2019.04.24-13.20.57:259][  0]LogConfig: Applying CVar settings from Section [TextureQuality@3] File [C:/Users/falco/Desktop/CMP302_RNade/CMP302_RNade/Saved/Config/Windows/Scalability.ini]
[2019.04.24-13.20.57:259][  0]LogConfig: Setting CVar [[r.Streaming.MipBias:0]]
[2019.04.24-13.20.57:259][  0]LogConfig: Setting CVar [[r.Streaming.AmortizeCPUToGPUCopy:0]]
[2019.04.24-13.20.57:259][  0]LogConfig: Setting CVar [[r.Streaming.MaxNumTexturesToStreamPerFrame:0]]
[2019.04.24-13.20.57:259][  0]LogConfig: Setting CVar [[r.Streaming.Boost:1]]
[2019.04.24-13.20.57:259][  0]LogConfig: Setting CVar [[r.MaxAnisotropy:8]]
[2019.04.24-13.20.57:259][  0]LogConfig: Setting CVar [[r.Streaming.LimitPoolSizeToVRAM:0]]
[2019.04.24-13.20.57:259][  0]LogConfig: Setting CVar [[r.Streaming.PoolSize:1000]]
[2019.04.24-13.20.57:259][  0]LogConfig: Setting CVar [[r.Streaming.MaxEffectiveScreenSize:0]]
[2019.04.24-13.20.57:259][  0]LogConfig: Applying CVar settings from Section [EffectsQuality@3] File [C:/Users/falco/Desktop/CMP302_RNade/CMP302_RNade/Saved/Config/Windows/Scalability.ini]
[2019.04.24-13.20.57:259][  0]LogConfig: Setting CVar [[r.TranslucencyLightingVolumeDim:64]]
[2019.04.24-13.20.57:259][  0]LogConfig: Setting CVar [[r.RefractionQuality:2]]
[2019.04.24-13.20.57:259][  0]LogConfig: Setting CVar [[r.SSR.Quality:3]]
[2019.04.24-13.20.57:259][  0]LogConfig: Setting CVar [[r.SceneColorFormat:4]]
[2019.04.24-13.20.57:259][  0]LogConfig: Setting CVar [[r.DetailMode:2]]
[2019.04.24-13.20.57:259][  0]LogConfig: Setting CVar [[r.TranslucencyVolumeBlur:1]]
[2019.04.24-13.20.57:259][  0]LogConfig: Setting CVar [[r.MaterialQualityLevel:1 ; High quality]]
[2019.04.24-13.20.57:259][  0]LogConfig: Setting CVar [[r.SSS.Scale:1]]
[2019.04.24-13.20.57:259][  0]LogConfig: Setting CVar [[r.SSS.SampleSet:2]]
[2019.04.24-13.20.57:259][  0]LogConfig: Setting CVar [[r.SSS.Quality:1]]
[2019.04.24-13.20.57:259][  0]LogConfig: Setting CVar [[r.SSS.HalfRes:1]]
[2019.04.24-13.20.57:259][  0]LogConfig: Setting CVar [[r.EmitterSpawnRateScale:1.0]]
[2019.04.24-13.20.57:259][  0]LogConfig: Setting CVar [[r.ParticleLightQuality:2]]
[2019.04.24-13.20.57:260][  0]LogConfig: Applying CVar settings from Section [FoliageQuality@3] File [C:/Users/falco/Desktop/CMP302_RNade/CMP302_RNade/Saved/Config/Windows/Scalability.ini]
[2019.04.24-13.20.57:260][  0]LogConfig: Setting CVar [[foliage.DensityScale:1.0]]
[2019.04.24-13.20.57:260][  0]LogConfig: Setting CVar [[grass.DensityScale:1.0]]
[2019.04.24-13.20.57:260][  0]LogInit: Selected Device Profile: [Windows]
[2019.04.24-13.20.57:260][  0]LogInit: Applying CVar settings loaded from the selected device profile: [Windows]
[2019.04.24-13.20.57:279][  0]LogHAL: Display: Platform has ~ 16 GB [17142771712 / 17179869184 / 16], which maps to Larger [LargestMinGB=32, LargerMinGB=12, DefaultMinGB=8, SmallerMinGB=6, SmallestMinGB=0)
[2019.04.24-13.20.57:279][  0]LogConfig: Setting CVar [[r.Vulkan.UseRealUBs:0		; Required until we fix HLR fall-out]]
[2019.04.24-13.20.57:279][  0]LogInit: Going up to parent DeviceProfile []
[2019.04.24-13.20.57:279][  0]LogConfig: Applying CVar settings from Section [ViewDistanceQuality@3] File [C:/Users/falco/Desktop/CMP302_RNade/CMP302_RNade/Saved/Config/Windows/Scalability.ini]
[2019.04.24-13.20.57:279][  0]LogConfig: Setting CVar [[r.SkeletalMeshLODBias:0]]
[2019.04.24-13.20.57:279][  0]LogConfig: Setting CVar [[r.ViewDistanceScale:1.0]]
[2019.04.24-13.20.57:279][  0]LogConfig: Applying CVar settings from Section [AntiAliasingQuality@3] File [C:/Users/falco/Desktop/CMP302_RNade/CMP302_RNade/Saved/Config/Windows/Scalability.ini]
[2019.04.24-13.20.57:279][  0]LogConfig: Setting CVar [[r.PostProcessAAQuality:4]]
[2019.04.24-13.20.57:279][  0]LogConfig: Applying CVar settings from Section [ShadowQuality@3] File [C:/Users/falco/Desktop/CMP302_RNade/CMP302_RNade/Saved/Config/Windows/Scalability.ini]
[2019.04.24-13.20.57:279][  0]LogConfig: Setting CVar [[r.LightFunctionQuality:1]]
[2019.04.24-13.20.57:279][  0]LogConfig: Setting CVar [[r.ShadowQuality:5]]
[2019.04.24-13.20.57:279][  0]LogConfig: Setting CVar [[r.Shadow.CSM.MaxCascades:10]]
[2019.04.24-13.20.57:279][  0]LogConfig: Setting CVar [[r.Shadow.MaxResolution:2048]]
[2019.04.24-13.20.57:279][  0]LogConfig: Setting CVar [[r.Shadow.MaxCSMResolution:2048]]
[2019.04.24-13.20.57:279][  0]LogConfig: Setting CVar [[r.Shadow.RadiusThreshold:0.01]]
[2019.04.24-13.20.57:279][  0]LogConfig: Setting CVar [[r.Shadow.DistanceScale:1.0]]
[2019.04.24-13.20.57:279][  0]LogConfig: Setting CVar [[r.Shadow.CSM.TransitionScale:1.0]]
[2019.04.24-13.20.57:279][  0]LogConfig: Setting CVar [[r.Shadow.PreShadowResolutionFactor:1.0]]
[2019.04.24-13.20.57:279][  0]LogConfig: Setting CVar [[r.DistanceFieldShadowing:1]]
[2019.04.24-13.20.57:279][  0]LogConfig: Setting CVar [[r.DistanceFieldAO:1]]
[2019.04.24-13.20.57:280][  0]LogConfig: Setting CVar [[r.AOQuality:2]]
[2019.04.24-13.20.57:280][  0]LogConfig: Setting CVar [[r.VolumetricFog:1]]
[2019.04.24-13.20.57:280][  0]LogConfig: Setting CVar [[r.VolumetricFog.GridPixelSize:8]]
[2019.04.24-13.20.57:280][  0]LogConfig: Setting CVar [[r.VolumetricFog.GridSizeZ:128]]
[2019.04.24-13.20.57:280][  0]LogConfig: Setting CVar [[r.VolumetricFog.HistoryMissSupersampleCount:4]]
[2019.04.24-13.20.57:280][  0]LogConfig: Setting CVar [[r.LightMaxDrawDistanceScale:1]]
[2019.04.24-13.20.57:280][  0]LogConfig: Setting CVar [[r.CapsuleShadows:1]]
[2019.04.24-13.20.57:280][  0]LogConfig: Applying CVar settings from Section [PostProcessQuality@3] File [C:/Users/falco/Desktop/CMP302_RNade/CMP302_RNade/Saved/Config/Windows/Scalability.ini]
[2019.04.24-13.20.57:280][  0]LogConfig: Setting CVar [[r.MotionBlurQuality:4]]
[2019.04.24-13.20.57:280][  0]LogConfig: Setting CVar [[r.AmbientOcclusionMipLevelFactor:0.4]]
[2019.04.24-13.20.57:280][  0]LogConfig: Setting CVar [[r.AmbientOcclusionMaxQuality:100]]
[2019.04.24-13.20.57:280][  0]LogConfig: Setting CVar [[r.AmbientOcclusionLevels:-1]]
[2019.04.24-13.20.57:280][  0]LogConfig: Setting CVar [[r.AmbientOcclusionRadiusScale:1.0]]
[2019.04.24-13.20.57:280][  0]LogConfig: Setting CVar [[r.DepthOfFieldQuality:2]]
[2019.04.24-13.20.57:280][  0]LogConfig: Setting CVar [[r.RenderTargetPoolMin:400]]
[2019.04.24-13.20.57:280][  0]LogConfig: Setting CVar [[r.LensFlareQuality:2]]
[2019.04.24-13.20.57:280][  0]LogConfig: Setting CVar [[r.SceneColorFringeQuality:1]]
[2019.04.24-13.20.57:280][  0]LogConfig: Setting CVar [[r.EyeAdaptationQuality:2]]
[2019.04.24-13.20.57:280][  0]LogConfig: Setting CVar [[r.BloomQuality:5]]
[2019.04.24-13.20.57:280][  0]LogConfig: Setting CVar [[r.FastBlurThreshold:100]]
[2019.04.24-13.20.57:280][  0]LogConfig: Setting CVar [[r.Upscale.Quality:3]]
[2019.04.24-13.20.57:280][  0]LogConfig: Setting CVar [[r.Tonemapper.GrainQuantization:1]]
[2019.04.24-13.20.57:280][  0]LogConfig: Setting CVar [[r.LightShaftQuality:1]]
[2019.04.24-13.20.57:280][  0]LogConfig: Setting CVar [[r.Filter.SizeScale:1]]
[2019.04.24-13.20.57:280][  0]LogConfig: Setting CVar [[r.Tonemapper.Quality:5]]
[2019.04.24-13.20.57:280][  0]LogConfig: Setting CVar [[r.DOF.Gather.AccumulatorQuality:1        ; higher gathering accumulator quality]]
[2019.04.24-13.20.57:280][  0]LogConfig: Setting CVar [[r.DOF.Gather.PostfilterMethod:1          ; Median3x3 postfilering method]]
[2019.04.24-13.20.57:280][  0]LogConfig: Setting CVar [[r.DOF.Gather.EnableBokehSettings:0       ; no bokeh simulation when gathering]]
[2019.04.24-13.20.57:280][  0]LogConfig: Setting CVar [[r.DOF.Gather.RingCount:4                 ; medium number of samples when gathering]]
[2019.04.24-13.20.57:280][  0]LogConfig: Setting CVar [[r.DOF.Scatter.ForegroundCompositing:1    ; additive foreground scattering]]
[2019.04.24-13.20.57:280][  0]LogConfig: Setting CVar [[r.DOF.Scatter.BackgroundCompositing:2    ; additive background scattering]]
[2019.04.24-13.20.57:280][  0]LogConfig: Setting CVar [[r.DOF.Scatter.EnableBokehSettings:1      ; bokeh simulation when scattering]]
[2019.04.24-13.20.57:280][  0]LogConfig: Setting CVar [[r.DOF.Scatter.MaxSpriteRatio:0.1         ; only a maximum of 10% of scattered bokeh]]
[2019.04.24-13.20.57:280][  0]LogConfig: Setting CVar [[r.DOF.Recombine.Quality:1                ; cheap slight out of focus]]
[2019.04.24-13.20.57:280][  0]LogConfig: Setting CVar [[r.DOF.Recombine.EnableBokehSettings:0    ; no bokeh simulation on slight out of focus]]
[2019.04.24-13.20.57:280][  0]LogConfig: Setting CVar [[r.DOF.TemporalAAQuality:1                ; more stable temporal accumulation]]
[2019.04.24-13.20.57:280][  0]LogConfig: Setting CVar [[r.DOF.Kernel.MaxForegroundRadius:0.025]]
[2019.04.24-13.20.57:280][  0]LogConfig: Setting CVar [[r.DOF.Kernel.MaxBackgroundRadius:0.025]]
[2019.04.24-13.20.57:280][  0]LogConfig: Applying CVar settings from Section [TextureQuality@3] File [C:/Users/falco/Desktop/CMP302_RNade/CMP302_RNade/Saved/Config/Windows/Scalability.ini]
[2019.04.24-13.20.57:280][  0]LogConfig: Setting CVar [[r.Streaming.MipBias:0]]
[2019.04.24-13.20.57:280][  0]LogConfig: Setting CVar [[r.Streaming.AmortizeCPUToGPUCopy:0]]
[2019.04.24-13.20.57:280][  0]LogConfig: Setting CVar [[r.Streaming.MaxNumTexturesToStreamPerFrame:0]]
[2019.04.24-13.20.57:280][  0]LogConfig: Setting CVar [[r.Streaming.Boost:1]]
[2019.04.24-13.20.57:280][  0]LogConfig: Setting CVar [[r.MaxAnisotropy:8]]
[2019.04.24-13.20.57:280][  0]LogConfig: Setting CVar [[r.Streaming.LimitPoolSizeToVRAM:0]]
[2019.04.24-13.20.57:280][  0]LogConfig: Setting CVar [[r.Streaming.PoolSize:1000]]
[2019.04.24-13.20.57:280][  0]LogConfig: Setting CVar [[r.Streaming.MaxEffectiveScreenSize:0]]
[2019.04.24-13.20.57:280][  0]LogConfig: Applying CVar settings from Section [EffectsQuality@3] File [C:/Users/falco/Desktop/CMP302_RNade/CMP302_RNade/Saved/Config/Windows/Scalability.ini]
[2019.04.24-13.20.57:280][  0]LogConfig: Setting CVar [[r.TranslucencyLightingVolumeDim:64]]
[2019.04.24-13.20.57:280][  0]LogConfig: Setting CVar [[r.RefractionQuality:2]]
[2019.04.24-13.20.57:281][  0]LogConfig: Setting CVar [[r.SSR.Quality:3]]
[2019.04.24-13.20.57:281][  0]LogConfig: Setting CVar [[r.SceneColorFormat:4]]
[2019.04.24-13.20.57:281][  0]LogConfig: Setting CVar [[r.DetailMode:2]]
[2019.04.24-13.20.57:281][  0]LogConfig: Setting CVar [[r.TranslucencyVolumeBlur:1]]
[2019.04.24-13.20.57:281][  0]LogConfig: Setting CVar [[r.MaterialQualityLevel:1 ; High quality]]
[2019.04.24-13.20.57:281][  0]LogConfig: Setting CVar [[r.SSS.Scale:1]]
[2019.04.24-13.20.57:281][  0]LogConfig: Setting CVar [[r.SSS.SampleSet:2]]
[2019.04.24-13.20.57:281][  0]LogConfig: Setting CVar [[r.SSS.Quality:1]]
[2019.04.24-13.20.57:281][  0]LogConfig: Setting CVar [[r.SSS.HalfRes:1]]
[2019.04.24-13.20.57:281][  0]LogConfig: Setting CVar [[r.EmitterSpawnRateScale:1.0]]
[2019.04.24-13.20.57:281][  0]LogConfig: Setting CVar [[r.ParticleLightQuality:2]]
[2019.04.24-13.20.57:281][  0]LogConfig: Applying CVar settings from Section [FoliageQuality@3] File [C:/Users/falco/Desktop/CMP302_RNade/CMP302_RNade/Saved/Config/Windows/Scalability.ini]
[2019.04.24-13.20.57:281][  0]LogConfig: Setting CVar [[foliage.DensityScale:1.0]]
[2019.04.24-13.20.57:281][  0]LogConfig: Setting CVar [[grass.DensityScale:1.0]]
[2019.04.24-13.20.57:281][  0]LogConfig: Applying CVar settings from Section [Startup] File [../../../Engine/Config/ConsoleVariables.ini]
[2019.04.24-13.20.57:281][  0]LogConfig: Setting CVar [[net.UseAdaptiveNetUpdateFrequency:0]]
[2019.04.24-13.20.57:281][  0]LogConfig: Setting CVar [[p.chaos.AllowCreatePhysxBodies:1]]
[2019.04.24-13.20.57:281][  0]LogConfig: Applying CVar settings from Section [ConsoleVariables] File [C:/Users/falco/Desktop/CMP302_RNade/CMP302_RNade/Saved/Config/Windows/Engine.ini]
[2019.04.24-13.20.57:281][  0]LogInit: Computer: CASSANDRA-V2
[2019.04.24-13.20.57:281][  0]LogInit: User: falco
[2019.04.24-13.20.57:281][  0]LogInit: CPU Page size=4096, Cores=4
[2019.04.24-13.20.57:281][  0]LogInit: High frequency timer resolution =3.433690 MHz
[2019.04.24-13.20.57:282][  0]LogMemory: Memory total: Physical=16.0GB (16GB approx)
[2019.04.24-13.20.57:282][  0]LogMemory: Platform Memory Stats for Windows
[2019.04.24-13.20.57:282][  0]LogMemory: Process Physical Memory: 95.89 MB used, 95.89 MB peak
[2019.04.24-13.20.57:282][  0]LogMemory: Process Virtual Memory: 90.37 MB used, 90.37 MB peak
[2019.04.24-13.20.57:282][  0]LogMemory: Physical Memory: 8415.75 MB used,  7932.87 MB free, 16348.62 MB total
[2019.04.24-13.20.57:282][  0]LogMemory: Virtual Memory: 4654.00 MB used,  134213072.00 MB free, 134217728.00 MB total
[2019.04.24-13.20.57:314][  0]LogInit: Using OS detected language (en-GB).
[2019.04.24-13.20.57:314][  0]LogInit: Using OS detected locale (en-GB).
[2019.04.24-13.20.57:316][  0]LogTextLocalizationManager: No specific localization for 'en-GB' exists, so the 'en' localization will be used.
[2019.04.24-13.20.57:554][  0]LogInit: Setting process to per monitor DPI aware
[2019.04.24-13.20.57:612][  0]LogSlate: New Slate User Created.  User Index 0, Is Virtual User: 0
[2019.04.24-13.20.57:612][  0]LogSlate: Slate User Registered.  User Index 0, Is Virtual User: 0
[2019.04.24-13.20.57:874][  0]LogHMD: Failed to initialize OpenVR with code 100
[2019.04.24-13.20.57:874][  0]LogD3D11RHI: D3D11 adapters:
[2019.04.24-13.20.57:948][  0]LogD3D11RHI:    0. 'NVIDIA GeForce GTX 1070' (Feature Level 11_0)
[2019.04.24-13.20.57:948][  0]LogD3D11RHI:       8088/0/8174 MB DedicatedVideo/DedicatedSystem/SharedSystem, Outputs:2, VendorId:0x10de
[2019.04.24-13.20.57:951][  0]LogD3D11RHI:    1. 'Microsoft Basic Render Driver' (Feature Level 11_0)
[2019.04.24-13.20.57:951][  0]LogD3D11RHI:       0/0/8174 MB DedicatedVideo/DedicatedSystem/SharedSystem, Outputs:0, VendorId:0x1414
[2019.04.24-13.20.57:951][  0]LogD3D11RHI: Chosen D3D11 Adapter: 0
[2019.04.24-13.20.57:963][  0]LogD3D11RHI: Creating new Direct3DDevice
[2019.04.24-13.20.57:964][  0]LogD3D11RHI:     GPU DeviceId: 0x1b81 (for the marketing name, search the web for "GPU Device Id")
[2019.04.24-13.20.57:964][  0]LogWindows: EnumDisplayDevices:
[2019.04.24-13.20.57:964][  0]LogWindows:    0. 'NVIDIA GeForce GTX 1070' (P:1 D:1)
[2019.04.24-13.20.57:964][  0]LogWindows:    1. 'NVIDIA GeForce GTX 1070' (P:0 D:1)
[2019.04.24-13.20.57:965][  0]LogWindows:    2. 'NVIDIA GeForce GTX 1070' (P:0 D:0)
[2019.04.24-13.20.57:965][  0]LogWindows:    3. 'NVIDIA GeForce GTX 1070' (P:0 D:0)
[2019.04.24-13.20.57:965][  0]LogWindows: DebugString: FoundDriverCount:4 
[2019.04.24-13.20.57:965][  0]LogD3D11RHI:     Adapter Name: NVIDIA GeForce GTX 1070
[2019.04.24-13.20.57:965][  0]LogD3D11RHI:   Driver Version: 390.77 (internal:23.21.13.9077, unified:390.77)
[2019.04.24-13.20.57:965][  0]LogD3D11RHI:      Driver Date: 1-23-2018
[2019.04.24-13.20.57:965][  0]LogRHI: Texture pool is 5661 MB (70% of 8088 MB)
[2019.04.24-13.20.58:009][  0]LogD3D11RHI: Async texture creation enabled
[2019.04.24-13.20.58:014][  0]LogRendererCore: FGlobalReadBuffer::InitRHI
[2019.04.24-13.20.58:014][  0]LogRendererCore: FGlobalReadBuffer::InitRHI
[2019.04.24-13.20.58:014][  0]LogRendererCore: FGlobalReadBuffer::InitRHI
[2019.04.24-13.20.58:028][  0]LogD3D11RHI: GPU Timing Frequency: 1000.000000 (Debug: 2 2)
[2019.04.24-13.20.58:500][  0]LogTemp: Display: Module 'AllDesktopTargetPlatform' loaded TargetPlatform 'AllDesktop'
[2019.04.24-13.20.58:524][  0]LogTemp: Display: Module 'MacClientTargetPlatform' loaded TargetPlatform 'MacClient'
[2019.04.24-13.20.58:548][  0]LogTemp: Display: Module 'MacNoEditorTargetPlatform' loaded TargetPlatform 'MacNoEditor'
[2019.04.24-13.20.58:571][  0]LogTemp: Display: Module 'MacServerTargetPlatform' loaded TargetPlatform 'MacServer'
[2019.04.24-13.20.58:594][  0]LogTemp: Display: Module 'MacTargetPlatform' loaded TargetPlatform 'Mac'
[2019.04.24-13.20.58:618][  0]LogTemp: Display: Module 'WindowsClientTargetPlatform' loaded TargetPlatform 'WindowsClient'
[2019.04.24-13.20.58:642][  0]LogTemp: Display: Module 'WindowsNoEditorTargetPlatform' loaded TargetPlatform 'WindowsNoEditor'
[2019.04.24-13.20.58:666][  0]LogTemp: Display: Module 'WindowsServerTargetPlatform' loaded TargetPlatform 'WindowsServer'
[2019.04.24-13.20.58:677][  0]LogTemp: Display: Module 'WindowsTargetPlatform' loaded TargetPlatform 'Windows'
[2019.04.24-13.20.58:811][  0]LogTemp: Display: Module 'AndroidTargetPlatform' loaded TargetPlatform 'Android'
[2019.04.24-13.20.58:811][  0]LogTemp: Display: Module 'AndroidTargetPlatform' loaded TargetPlatform 'Android_ASTC'
[2019.04.24-13.20.58:811][  0]LogTemp: Display: Module 'AndroidTargetPlatform' loaded TargetPlatform 'Android_ATC'
[2019.04.24-13.20.58:811][  0]LogTemp: Display: Module 'AndroidTargetPlatform' loaded TargetPlatform 'Android_DXT'
[2019.04.24-13.20.58:811][  0]LogTemp: Display: Module 'AndroidTargetPlatform' loaded TargetPlatform 'Android_ETC1'
[2019.04.24-13.20.58:811][  0]LogTemp: Display: Module 'AndroidTargetPlatform' loaded TargetPlatform 'Android_ETC1a'
[2019.04.24-13.20.58:811][  0]LogTemp: Display: Module 'AndroidTargetPlatform' loaded TargetPlatform 'Android_ETC2'
[2019.04.24-13.20.58:811][  0]LogTemp: Display: Module 'AndroidTargetPlatform' loaded TargetPlatform 'Android_PVRTC'
[2019.04.24-13.20.58:811][  0]LogTemp: Display: Module 'AndroidTargetPlatform' loaded TargetPlatform 'AndroidClient'
[2019.04.24-13.20.58:811][  0]LogTemp: Display: Module 'AndroidTargetPlatform' loaded TargetPlatform 'Android_ASTCClient'
[2019.04.24-13.20.58:811][  0]LogTemp: Display: Module 'AndroidTargetPlatform' loaded TargetPlatform 'Android_ATCClient'
[2019.04.24-13.20.58:811][  0]LogTemp: Display: Module 'AndroidTargetPlatform' loaded TargetPlatform 'Android_DXTClient'
[2019.04.24-13.20.58:811][  0]LogTemp: Display: Module 'AndroidTargetPlatform' loaded TargetPlatform 'Android_ETC1Client'
[2019.04.24-13.20.58:811][  0]LogTemp: Display: Module 'AndroidTargetPlatform' loaded TargetPlatform 'Android_ETC1aClient'
[2019.04.24-13.20.58:811][  0]LogTemp: Display: Module 'AndroidTargetPlatform' loaded TargetPlatform 'Android_ETC2Client'
[2019.04.24-13.20.58:811][  0]LogTemp: Display: Module 'AndroidTargetPlatform' loaded TargetPlatform 'Android_PVRTCClient'
[2019.04.24-13.20.58:811][  0]LogTemp: Display: Module 'AndroidTargetPlatform' loaded TargetPlatform 'Android_Multi'
[2019.04.24-13.20.58:811][  0]LogTemp: Display: Module 'AndroidTargetPlatform' loaded TargetPlatform 'Android_MultiClient'
[2019.04.24-13.20.58:813][  0]LogTemp: Display: Module 'HTML5TargetPlatform' loaded TargetPlatform 'HTML5'
[2019.04.24-13.20.58:881][  0]LogTemp: Display: Module 'IOSTargetPlatform' loaded TargetPlatform 'IOSClient'
[2019.04.24-13.20.58:881][  0]LogTemp: Display: Module 'IOSTargetPlatform' loaded TargetPlatform 'IOS'
[2019.04.24-13.20.58:921][  0]LogTemp: Display: Module 'TVOSTargetPlatform' loaded TargetPlatform 'TVOSClient'
[2019.04.24-13.20.58:921][  0]LogTemp: Display: Module 'TVOSTargetPlatform' loaded TargetPlatform 'TVOS'
[2019.04.24-13.20.58:942][  0]LogTemp: Display: Module 'LinuxClientTargetPlatform' loaded TargetPlatform 'LinuxClient'
[2019.04.24-13.20.58:963][  0]LogTemp: Display: Module 'LinuxNoEditorTargetPlatform' loaded TargetPlatform 'LinuxNoEditor'
[2019.04.24-13.20.58:984][  0]LogTemp: Display: Module 'LinuxServerTargetPlatform' loaded TargetPlatform 'LinuxServer'
[2019.04.24-13.20.59:005][  0]LogTemp: Display: Module 'LinuxTargetPlatform' loaded TargetPlatform 'Linux'
[2019.04.24-13.20.59:079][  0]LogTemp: Display: Module 'LuminTargetPlatform' loaded TargetPlatform 'Lumin'
[2019.04.24-13.20.59:079][  0]LogTemp: Display: Module 'LuminTargetPlatform' loaded TargetPlatform 'LuminClient'
[2019.04.24-13.20.59:080][  0]LogTargetPlatformManager: Display: Building Assets For Windows
[2019.04.24-13.20.59:092][  0]LogAudioDebug: Display: Lib vorbis DLL was dynamically loaded.
[2019.04.24-13.20.59:169][  0]LogShaderCompilers: Guid format shader working directory is -18 characters bigger than the processId version (../../../../../../Users/falco/Desktop/CMP302_RNade/CMP302_RNade/Intermediate/Shaders/WorkingDirectory/13340/).
[2019.04.24-13.20.59:169][  0]LogShaderCompilers: Cleaned the shader compiler working directory 'C:/Users/falco/AppData/Local/Temp/UnrealShaderWorkingDir/E954CF9C4F7ECD16276C93A2E5DD32DD/'.
[2019.04.24-13.20.59:173][  0]LogXGEController: Cannot use XGE Controller as Incredibuild is not installed on this machine.
[2019.04.24-13.20.59:173][  0]LogShaderCompilers: Cannot use XGE Shader Compiler as Incredibuild is not installed on this machine.
[2019.04.24-13.20.59:173][  0]LogShaderCompilers: Display: Using Local Shader Compiler.
[2019.04.24-13.21.00:091][  0]LogDerivedDataCache: Display: Max Cache Size: 512 MB
[2019.04.24-13.21.00:172][  0]LogDerivedDataCache: Loaded boot cache 0.08s 75MB C:/Users/falco/AppData/Local/UnrealEngine/4.22/DerivedDataCache/Boot.ddc.
[2019.04.24-13.21.00:172][  0]LogDerivedDataCache: Display: Loaded Boot cache: C:/Users/falco/AppData/Local/UnrealEngine/4.22/DerivedDataCache/Boot.ddc
[2019.04.24-13.21.00:173][  0]LogDerivedDataCache: FDerivedDataBackendGraph:  Pak pak cache file ../../../../../../Users/falco/Desktop/CMP302_RNade/CMP302_RNade/DerivedDataCache/DDC.ddp not found, will not use a pak cache.
[2019.04.24-13.21.00:173][  0]LogDerivedDataCache: Unable to find inner node Pak for hierarchical cache Hierarchy.
[2019.04.24-13.21.00:173][  0]LogDerivedDataCache: FDerivedDataBackendGraph:  CompressedPak pak cache file ../../../../../../Users/falco/Desktop/CMP302_RNade/CMP302_RNade/DerivedDataCache/Compressed.ddp not found, will not use a pak cache.
[2019.04.24-13.21.00:173][  0]LogDerivedDataCache: Unable to find inner node CompressedPak for hierarchical cache Hierarchy.
[2019.04.24-13.21.00:189][  0]LogDerivedDataCache: Display: Pak cache opened for reading ../../../Engine/DerivedDataCache/Compressed.ddp.
[2019.04.24-13.21.00:189][  0]LogDerivedDataCache: FDerivedDataBackendGraph:  EnterprisePak pak cache file ../../../Enterprise/DerivedDataCache/Compressed.ddp not found, will not use a pak cache.
[2019.04.24-13.21.00:189][  0]LogDerivedDataCache: Unable to find inner node EnterprisePak for hierarchical cache Hierarchy.
[2019.04.24-13.21.00:201][  0]LogDerivedDataCache: Using Local data cache path C:/Users/falco/AppData/Local/UnrealEngine/Common/DerivedDataCache: Writable
[2019.04.24-13.21.00:201][  0]LogDerivedDataCache: Shared data cache path not found in *engine.ini, will not use an Shared cache.
[2019.04.24-13.21.00:201][  0]LogDerivedDataCache: Unable to find inner node Shared for hierarchical cache Hierarchy.
[2019.04.24-13.21.00:238][  0]LogMaterial: Verifying Global Shaders for PCD3D_SM5
[2019.04.24-13.21.00:239][  0]LogSlate: Using FreeType 2.6.0
[2019.04.24-13.21.00:240][  0]LogSlate: SlateFontServices - WITH_FREETYPE: 1, WITH_HARFBUZZ: 1
[2019.04.24-13.21.00:349][  0]LogAssetRegistry: FAssetRegistry took 0.0412 seconds to start up
[2019.04.24-13.21.00:890][  0]LogInit: Selected Device Profile: [Windows]
[2019.04.24-13.21.01:084][  0]LogMeshReduction: Using QuadricMeshReduction for automatic static mesh reduction
[2019.04.24-13.21.01:084][  0]LogMeshReduction: Using SimplygonMeshReduction for automatic skeletal mesh reduction
[2019.04.24-13.21.01:084][  0]LogMeshReduction: Using ProxyLODMeshReduction for automatic mesh merging
[2019.04.24-13.21.01:084][  0]LogMeshReduction: No distributed automatic mesh merging module available
[2019.04.24-13.21.01:084][  0]LogMeshMerging: No distributed automatic mesh merging module available
[2019.04.24-13.21.01:104][  0]LogNetVersion: CMP302_RNade 1.0.0, NetCL: 5660361, EngineNetVer: 10, GameNetVer: 0 (Checksum: 52348406)
[2019.04.24-13.21.01:638][  0]LogPackageLocalizationCache: Processed 10 localized package path(s) for 1 prioritized culture(s) in 0.065344 seconds
[2019.04.24-13.21.01:647][  0]LogUObjectArray: 42205 objects as part of root set at end of initial load.
[2019.04.24-13.21.01:647][  0]LogUObjectAllocator: 7325032 out of 0 bytes used by permanent object pool.
[2019.04.24-13.21.01:647][  0]LogUObjectArray: CloseDisregardForGC: 0/0 objects in disregard for GC pool
[2019.04.24-13.21.02:807][  0]LogTcpMessaging: Initializing TcpMessaging bridge
[2019.04.24-13.21.02:822][  0]LogUdpMessaging: Initializing bridge on interface 0.0.0.0:0 to multicast group 230.0.0.1:6666.
[2019.04.24-13.21.03:253][  0]SourceControl: Source control is disabled
[2019.04.24-13.21.03:253][  0]SourceControl: Source control is disabled
[2019.04.24-13.21.03:255][  0]SourceControl: Source control is disabled
[2019.04.24-13.21.03:257][  0]SourceControl: Source control is disabled
[2019.04.24-13.21.03:373][  0]LogAndroidPermission: UAndroidPermissionCallbackProxy::GetInstance
[2019.04.24-13.21.03:571][  0]LogOcInput: OculusInput pre-init called
[2019.04.24-13.21.04:466][  0]LogEngine: Initializing Engine...
[2019.04.24-13.21.04:467][  0]LogHMD: Failed to initialize OpenVR with code 100
[2019.04.24-13.21.04:468][  0]LogStats: UGameplayTagsManager::InitializeManager -  0.000 s
[2019.04.24-13.21.04:762][  0]LogInit: Initializing FReadOnlyCVARCache
[2019.04.24-13.21.04:785][  0]LogAIModule: Creating AISystem for world Untitled
[2019.04.24-13.21.04:861][  0]LogInit: XAudio2 using 'ASUS VP278 (NVIDIA High Definition Audio)' : 2 channels at 48 kHz using 16 bits per sample (channel mask 0x3)
[2019.04.24-13.21.04:881][  0]LogInit: FAudioDevice initialized.
[2019.04.24-13.21.04:881][  0]LogNetVersion: Set ProjectVersion to 1.0.0.0. Version Checksum will be recalculated on next use.
[2019.04.24-13.21.05:100][  0]LogDerivedDataCache: Saved boot cache 0.22s 75MB C:/Users/falco/AppData/Local/UnrealEngine/4.22/DerivedDataCache/Boot.ddc.
[2019.04.24-13.21.05:119][  0]LogInit: Texture streaming: Enabled
[2019.04.24-13.21.05:148][  0]LogEngineSessionManager: EngineSessionManager initialized
[2019.04.24-13.21.05:181][  0]LogInit: Transaction tracking system initialized
[2019.04.24-13.21.05:222][  0]BlueprintLog: New page: Editor Load
[2019.04.24-13.21.05:359][  0]LocalizationService: Localization service is disabled
[2019.04.24-13.21.05:846][  0]LogFileCache: Scanning file cache for directory 'C:/Users/falco/Desktop/CMP302_RNade/CMP302_RNade/Content/' took 0.02s
[2019.04.24-13.21.05:846][  0]LogCook: Display: Max memory allowance for cook 16384mb min free memory 0mb
[2019.04.24-13.21.05:846][  0]LogCook: Display: Mobile HDR setting 1
[2019.04.24-13.21.06:123][  0]SourceControl: Source control is disabled
[2019.04.24-13.21.06:124][  0]Cmd: MAP LOAD FILE="../../../../../../Users/falco/Desktop/CMP302_RNade/CMP302_RNade/Content/FirstPersonCPP/Maps/FirstPersonExampleMap.umap" TEMPLATE=0 SHOWPROGRESS=1 FEATURELEVEL=3
[2019.04.24-13.21.06:124][  0]LightingResults: New page: Lighting Build
[2019.04.24-13.21.06:129][  0]MapCheck: New page: Map Check
[2019.04.24-13.21.06:129][  0]LightingResults: New page: Lighting Build
[2019.04.24-13.21.06:257][  0]LogUObjectHash: Compacting FUObjectHashTables data took   3.71ms
[2019.04.24-13.21.06:387][  0]LogAIModule: Creating AISystem for world FirstPersonExampleMap
[2019.04.24-13.21.06:404][  0]LogEditorServer: Finished looking for orphan Actors (0.000 secs)
[2019.04.24-13.21.06:533][  0]LogUObjectHash: Compacting FUObjectHashTables data took   3.58ms
[2019.04.24-13.21.06:533][  0]Cmd: MAP CHECKDEP NOCLEARLOG
[2019.04.24-13.21.06:534][  0]MapCheck: Map check complete: 0 Error(s), 0 Warning(s), took 0.217ms to complete.
[2019.04.24-13.21.06:534][  0]LogFileHelpers: Loading map 'FirstPersonExampleMap' took 0.411
[2019.04.24-13.21.06:670][  0]LogSlate: Updating window title bar state: overlay mode, drag disabled, window buttons hidden, title bar hidden
[2019.04.24-13.21.06:680][  0]LogSlate: Updating window title bar state: overlay mode, drag disabled, window buttons hidden, title bar hidden
[2019.04.24-13.21.06:692][  0]LogSlate: Updating window title bar state: overlay mode, drag disabled, window buttons hidden, title bar hidden
[2019.04.24-13.21.06:703][  0]LogSlate: Updating window title bar state: overlay mode, drag disabled, window buttons hidden, title bar hidden
[2019.04.24-13.21.06:711][  0]LogCollectionManager: Loaded 0 collections in 0.002788 seconds
[2019.04.24-13.21.06:729][  0]LogFileCache: Scanning file cache for directory 'C:/Users/falco/Desktop/CMP302_RNade/CMP302_RNade/Saved/Collections/' took 0.01s
[2019.04.24-13.21.06:729][  0]LogFileCache: Scanning file cache for directory 'C:/Users/falco/Desktop/CMP302_RNade/CMP302_RNade/Content/Developers/falco/Collections/' took 0.00s
[2019.04.24-13.21.06:729][  0]LogFileCache: Scanning file cache for directory 'C:/Users/falco/Desktop/CMP302_RNade/CMP302_RNade/Content/Collections/' took 0.00s
[2019.04.24-13.21.06:729][  0]LogCollectionManager: Rebuilt the GUID cache for 0 collections in 0.000000 seconds
[2019.04.24-13.21.06:747][  0]LogContentBrowser: Native class hierarchy populated in 0.0163 seconds. Added 2739 classes and 661 folders.
[2019.04.24-13.21.06:760][  0]LogContentBrowser: Native class hierarchy updated for 'WidgetCarousel' in 0.0005 seconds. Added 0 classes and 0 folders.
[2019.04.24-13.21.06:762][  0]LogPakFile: Registered encryption key '00000000000000000000000000000000': 0 pak files mounted, 0 remain pending
[2019.04.24-13.21.06:763][  0]LogPakFile: Registered encryption key '00000000000000000000000000000000': 0 pak files mounted, 0 remain pending
[2019.04.24-13.21.06:763][  0]LogPakFile: Registered encryption key '00000000000000000000000000000000': 0 pak files mounted, 0 remain pending
[2019.04.24-13.21.06:764][  0]LogPakFile: Registered encryption key '00000000000000000000000000000000': 0 pak files mounted, 0 remain pending
[2019.04.24-13.21.06:764][  0]LogPakFile: Registered encryption key '00000000000000000000000000000000': 0 pak files mounted, 0 remain pending
[2019.04.24-13.21.06:765][  0]LogPakFile: Registered encryption key '00000000000000000000000000000000': 0 pak files mounted, 0 remain pending
[2019.04.24-13.21.06:766][  0]LogPakFile: Registered encryption key '00000000000000000000000000000000': 0 pak files mounted, 0 remain pending
[2019.04.24-13.21.06:766][  0]LogPakFile: Registered encryption key '00000000000000000000000000000000': 0 pak files mounted, 0 remain pending
[2019.04.24-13.21.06:767][  0]LogPakFile: Registered encryption key '00000000000000000000000000000000': 0 pak files mounted, 0 remain pending
[2019.04.24-13.21.06:767][  0]LogPakFile: Registered encryption key '00000000000000000000000000000000': 0 pak files mounted, 0 remain pending
[2019.04.24-13.21.06:768][  0]LogPakFile: Registered encryption key '00000000000000000000000000000000': 0 pak files mounted, 0 remain pending
[2019.04.24-13.21.06:768][  0]LogPakFile: Registered encryption key '00000000000000000000000000000000': 0 pak files mounted, 0 remain pending
[2019.04.24-13.21.06:769][  0]LogPakFile: Registered encryption key '00000000000000000000000000000000': 0 pak files mounted, 0 remain pending
[2019.04.24-13.21.06:770][  0]LogPakFile: Registered encryption key '00000000000000000000000000000000': 0 pak files mounted, 0 remain pending
[2019.04.24-13.21.06:770][  0]LogPakFile: Registered encryption key '00000000000000000000000000000000': 0 pak files mounted, 0 remain pending
[2019.04.24-13.21.06:771][  0]LogPakFile: Registered encryption key '00000000000000000000000000000000': 0 pak files mounted, 0 remain pending
[2019.04.24-13.21.06:771][  0]LogPakFile: Registered encryption key '00000000000000000000000000000000': 0 pak files mounted, 0 remain pending
[2019.04.24-13.21.06:772][  0]LogPakFile: Registered encryption key '00000000000000000000000000000000': 0 pak files mounted, 0 remain pending
[2019.04.24-13.21.06:773][  0]LogPakFile: Registered encryption key '00000000000000000000000000000000': 0 pak files mounted, 0 remain pending
[2019.04.24-13.21.06:773][  0]LogPakFile: Registered encryption key '00000000000000000000000000000000': 0 pak files mounted, 0 remain pending
[2019.04.24-13.21.06:774][  0]LogPakFile: Registered encryption key '00000000000000000000000000000000': 0 pak files mounted, 0 remain pending
[2019.04.24-13.21.06:774][  0]LogPakFile: Registered encryption key '00000000000000000000000000000000': 0 pak files mounted, 0 remain pending
[2019.04.24-13.21.06:775][  0]LogPakFile: Registered encryption key '00000000000000000000000000000000': 0 pak files mounted, 0 remain pending
[2019.04.24-13.21.06:776][  0]LogPakFile: Registered encryption key '00000000000000000000000000000000': 0 pak files mounted, 0 remain pending
[2019.04.24-13.21.06:776][  0]LogPakFile: Registered encryption key '00000000000000000000000000000000': 0 pak files mounted, 0 remain pending
[2019.04.24-13.21.06:777][  0]LogPakFile: Registered encryption key '00000000000000000000000000000000': 0 pak files mounted, 0 remain pending
[2019.04.24-13.21.06:830][  0]LogContentBrowser: Native class hierarchy updated for 'AddContentDialog' in 0.0006 seconds. Added 0 classes and 0 folders.
[2019.04.24-13.21.06:840][  0]LogContentBrowser: Native class hierarchy updated for 'SceneOutliner' in 0.0007 seconds. Added 1 classes and 2 folders.
[2019.04.24-13.21.06:860][  0]LogSlate: Took 0.000258 seconds to synchronously load lazily loaded font '../../../Engine/Content/Slate/Fonts/Roboto-Regular.ttf' (155K)
[2019.04.24-13.21.06:863][  0]LogSlate: Took 0.000259 seconds to synchronously load lazily loaded font '../../../Engine/Content/Slate/Fonts/Roboto-Bold.ttf' (160K)
[2019.04.24-13.21.06:870][  0]LogSlate: Took 0.000242 seconds to synchronously load lazily loaded font '../../../Engine/Content/Editor/Slate/Fonts/FontAwesome.ttf' (139K)
[2019.04.24-13.21.06:963][  0]LogRenderer: Reallocating scene render targets to support 1208x572 Format 10 NumSamples 1 (Frame:1).
[2019.04.24-13.21.07:143][  0]LogContentBrowser: Native class hierarchy updated for 'HierarchicalLODOutliner' in 0.0006 seconds. Added 0 classes and 0 folders.
[2019.04.24-13.21.07:144][  0]LogLoad: (Engine Initialization) Total time: 12.63 seconds
[2019.04.24-13.21.07:144][  0]LogLoad: (Engine Initialization) Total Blueprint compile time: 0.00 seconds
[2019.04.24-13.21.07:154][  0]LogWindowsTextInputMethodSystem: Display: IME system now deactivated.
[2019.04.24-13.21.07:190][  0]LogAssetRegistry: Asset discovery search completed in 6.8639 seconds
[2019.04.24-13.21.07:193][  0]LogCollectionManager: Rebuilt the object cache for 0 collections in 0.000000 seconds (found 0 objects)
[2019.04.24-13.21.07:193][  0]LogCollectionManager: Fixed up redirectors for 0 collections in 0.000046 seconds (updated 0 objects)
[2019.04.24-13.21.07:195][  0]LogContentStreaming: Texture pool size now 1000 MB
[2019.04.24-13.21.07:247][  0]LogSlate: Took 0.000253 seconds to synchronously load lazily loaded font '../../../Engine/Content/Slate/Fonts/Roboto-Light.ttf' (167K)
[2019.04.24-13.21.08:185][ 88]LogSlate: Took 0.000285 seconds to synchronously load lazily loaded font '../../../Engine/Content/Slate/Fonts/Roboto-Light.ttf' (167K)
[2019.04.24-13.21.08:665][141]LogSlate: FSceneViewport::OnFocusLost() reason 0
[2019.04.24-13.21.09:314][218]LogTemp: Repeating last play command: Selected Viewport
[2019.04.24-13.21.09:336][218]LogBlueprintUserMessages: Early PlayInEditor Detection: Level '/Game/FirstPersonCPP/Maps/FirstPersonExampleMap.FirstPersonExampleMap:PersistentLevel' has LevelScriptBlueprint '/Game/FirstPersonCPP/Maps/FirstPersonExampleMap.FirstPersonExampleMap:PersistentLevel.FirstPersonExampleMap' with GeneratedClass '/Game/FirstPersonCPP/Maps/FirstPersonExampleMap.FirstPersonExampleMap_C' with ClassGeneratedBy '/Game/FirstPersonCPP/Maps/FirstPersonExampleMap.FirstPersonExampleMap:PersistentLevel.FirstPersonExampleMap'
[2019.04.24-13.21.09:336][218]LogPlayLevel: PlayLevel: No blueprints needed recompiling
[2019.04.24-13.21.09:337][218]PIE: New page: PIE session: FirstPersonExampleMap (24 Apr 2019 15:21:09)
[2019.04.24-13.21.09:350][218]LogPlayLevel: Creating play world package: /Game/FirstPersonCPP/Maps/UEDPIE_0_FirstPersonExampleMap
[2019.04.24-13.21.09:378][218]LogPlayLevel: PIE: StaticDuplicateObject took: (0.027694s)
[2019.04.24-13.21.09:379][218]LogAIModule: Creating AISystem for world FirstPersonExampleMap
[2019.04.24-13.21.09:379][218]LogPlayLevel: PIE: World Init took: (0.000956s)
[2019.04.24-13.21.09:379][218]LogPlayLevel: PIE: Created PIE world by copying editor world from /Game/FirstPersonCPP/Maps/FirstPersonExampleMap.FirstPersonExampleMap to /Game/FirstPersonCPP/Maps/UEDPIE_0_FirstPersonExampleMap.FirstPersonExampleMap (0.029088s)
[2019.04.24-13.21.09:524][218]LogUObjectHash: Compacting FUObjectHashTables data took   2.29ms
[2019.04.24-13.21.09:594][218]LogInit: XAudio2 using 'ASUS VP278 (NVIDIA High Definition Audio)' : 2 channels at 48 kHz using 16 bits per sample (channel mask 0x3)
[2019.04.24-13.21.09:608][218]LogInit: FAudioDevice initialized.
[2019.04.24-13.21.09:651][218]LogLoad: Game class is 'CMP302_RNadeGameMode'
[2019.04.24-13.21.09:655][218]LogWorld: Bringing World /Game/FirstPersonCPP/Maps/UEDPIE_0_FirstPersonExampleMap.FirstPersonExampleMap up for play (max tick rate 0) at 2019.04.24-14.21.09
[2019.04.24-13.21.09:656][218]LogWorld: Bringing up level for play took: 0.003232
[2019.04.24-13.21.09:679][218]LogContentBrowser: Native class hierarchy updated for 'MovieSceneCapture' in 0.0008 seconds. Added 20 classes and 0 folders.
[2019.04.24-13.21.09:680][218]PIE: Play in editor start time for /Game/FirstPersonCPP/Maps/UEDPIE_0_FirstPersonExampleMap -0.379
[2019.04.24-13.21.09:680][218]LogBlueprintUserMessages: Late PlayInEditor Detection: Level '/Game/FirstPersonCPP/Maps/FirstPersonExampleMap.FirstPersonExampleMap:PersistentLevel' has LevelScriptBlueprint '/Game/FirstPersonCPP/Maps/FirstPersonExampleMap.FirstPersonExampleMap:PersistentLevel.FirstPersonExampleMap' with GeneratedClass '/Game/FirstPersonCPP/Maps/FirstPersonExampleMap.FirstPersonExampleMap_C' with ClassGeneratedBy '/Game/FirstPersonCPP/Maps/FirstPersonExampleMap.FirstPersonExampleMap:PersistentLevel.FirstPersonExampleMap'
[2019.04.24-13.21.11:212][392]LogTemp: Warning: Destroying both
[2019.04.24-13.21.11:212][392]LogTemp: Warning: Destroying both
[2019.04.24-13.21.13:590][677]LogTemp: Warning: Destroying both
[2019.04.24-13.21.14:431][778]LogTemp: Warning: Destroying both
[2019.04.24-13.21.14:432][778]LogTemp: Warning: Destroying both
[2019.04.24-13.21.18:001][206]LogTemp: Warning: Destroying both
[2019.04.24-13.21.18:001][206]LogTemp: Warning: Destroying both
[2019.04.24-13.21.18:001][206]LogTemp: Warning: Destroying both
[2019.04.24-13.21.18:001][206]LogTemp: Warning: Destroying both
[2019.04.24-13.21.18:001][206]LogTemp: Warning: Destroying both
[2019.04.24-13.21.18:001][206]LogTemp: Warning: Destroying both
[2019.04.24-13.21.18:001][206]LogTemp: Warning: Destroying both
[2019.04.24-13.21.18:001][206]LogTemp: Warning: Destroying both
[2019.04.24-13.21.18:001][206]LogTemp: Warning: Destroying both
[2019.04.24-13.21.18:001][206]LogTemp: Warning: Destroying both
[2019.04.24-13.21.21:635][642]LogTemp: Warning: Destroying both
[2019.04.24-13.21.23:345][847]LogTemp: Warning: Destroying both
[2019.04.24-13.21.23:898][913]LogTemp: Warning: Destroying both
[2019.04.24-13.21.25:190][ 68]LogTemp: Warning: Destroying both
[2019.04.24-13.21.25:191][ 68]LogTemp: Warning: Destroying both
[2019.04.24-13.21.25:991][164]LogBlueprintUserMessages: Early EndPlayMap Detection: Level '/Game/FirstPersonCPP/Maps/FirstPersonExampleMap.FirstPersonExampleMap:PersistentLevel' has LevelScriptBlueprint '/Game/FirstPersonCPP/Maps/FirstPersonExampleMap.FirstPersonExampleMap:PersistentLevel.FirstPersonExampleMap' with GeneratedClass '/Game/FirstPersonCPP/Maps/FirstPersonExampleMap.FirstPersonExampleMap_C' with ClassGeneratedBy '/Game/FirstPersonCPP/Maps/FirstPersonExampleMap.FirstPersonExampleMap:PersistentLevel.FirstPersonExampleMap'
[2019.04.24-13.21.25:992][164]LogSlate: Updating window title bar state: overlay mode, drag disabled, window buttons hidden, title bar hidden
[2019.04.24-13.21.26:029][164]LogPlayLevel: Display: Shutting down PIE online subsystems
[2019.04.24-13.21.26:029][164]LogBlueprintUserMessages: Late EndPlayMap Detection: Level '/Game/FirstPersonCPP/Maps/FirstPersonExampleMap.FirstPersonExampleMap:PersistentLevel' has LevelScriptBlueprint '/Game/FirstPersonCPP/Maps/FirstPersonExampleMap.FirstPersonExampleMap:PersistentLevel.FirstPersonExampleMap' with GeneratedClass '/Game/FirstPersonCPP/Maps/FirstPersonExampleMap.FirstPersonExampleMap_C' with ClassGeneratedBy '/Game/FirstPersonCPP/Maps/FirstPersonExampleMap.FirstPersonExampleMap:PersistentLevel.FirstPersonExampleMap'
[2019.04.24-13.21.26:174][164]LogSlate: Updating window title bar state: overlay mode, drag disabled, window buttons hidden, title bar hidden
[2019.04.24-13.21.26:180][164]LogUObjectHash: Compacting FUObjectHashTables data took   2.69ms
[2019.04.24-13.21.26:202][165]LogPlayLevel: Display: Destroying online subsystem :Context_4
[2019.04.24-16.05.11:891][560]LogUnrealEdMisc: Warning: Heartbeat event firing too frequently (0.000 sec). This should never happen. Something is wrong with the timer delegate!
[2019.04.24-16.05.11:892][560]LogUnrealEdMisc: Warning: Heartbeat event firing too frequently (0.001 sec). This should never happen. Something is wrong with the timer delegate!
[2019.04.24-16.05.11:892][560]LogUnrealEdMisc: Warning: Heartbeat event firing too frequently (0.001 sec). This should never happen. Something is wrong with the timer delegate!
[2019.04.24-16.05.11:892][560]LogUnrealEdMisc: Warning: Heartbeat event firing too frequently (0.001 sec). This should never happen. Something is wrong with the timer delegate!
[2019.04.24-16.05.11:893][560]LogUnrealEdMisc: Warning: Heartbeat event firing too frequently (0.001 sec). This should never happen. Something is wrong with the timer delegate!
[2019.04.24-16.05.11:893][560]LogUnrealEdMisc: Warning: Heartbeat event firing too frequently (0.002 sec). This should never happen. Something is wrong with the timer delegate!
[2019.04.24-16.05.11:893][560]LogUnrealEdMisc: Warning: Heartbeat event firing too frequently (0.002 sec). This should never happen. Something is wrong with the timer delegate!
[2019.04.24-16.05.11:893][560]LogUnrealEdMisc: Warning: Heartbeat event firing too frequently (0.002 sec). This should never happen. Something is wrong with the timer delegate!
[2019.04.24-16.05.11:893][560]LogUnrealEdMisc: Warning: Heartbeat event firing too frequently (0.002 sec). This should never happen. Something is wrong with the timer delegate!
[2019.04.24-16.05.11:893][560]LogUnrealEdMisc: Warning: Heartbeat event firing too frequently (0.002 sec). This should never happen. Something is wrong with the timer delegate!
[2019.04.24-16.05.11:893][560]LogUnrealEdMisc: Warning: Heartbeat event firing too frequently (0.002 sec). This should never happen. Something is wrong with the timer delegate!
[2019.04.24-16.05.11:893][560]LogUnrealEdMisc: Warning: Heartbeat event firing too frequently (0.002 sec). This should never happen. Something is wrong with the timer delegate!
[2019.04.24-16.05.11:893][560]LogUnrealEdMisc: Warning: Heartbeat event firing too frequently (0.002 sec). This should never happen. Something is wrong with the timer delegate!
[2019.04.24-16.05.11:893][560]LogUnrealEdMisc: Warning: Heartbeat event firing too frequently (0.002 sec). This should never happen. Something is wrong with the timer delegate!
[2019.04.24-16.05.11:895][560]LogUnrealEdMisc: Warning: Heartbeat event firing too frequently (0.003 sec). This should never happen. Something is wrong with the timer delegate!
[2019.04.24-16.05.11:895][560]LogUnrealEdMisc: Warning: Heartbeat event firing too frequently (0.003 sec). This should never happen. Something is wrong with the timer delegate!
[2019.04.24-16.05.11:895][560]LogUnrealEdMisc: Warning: Heartbeat event firing too frequently (0.004 sec). This should never happen. Something is wrong with the timer delegate!
[2019.04.24-16.05.11:895][560]LogUnrealEdMisc: Warning: Heartbeat event firing too frequently (0.004 sec). This should never happen. Something is wrong with the timer delegate!
[2019.04.24-16.05.11:895][560]LogUnrealEdMisc: Warning: Heartbeat event firing too frequently (0.004 sec). This should never happen. Something is wrong with the timer delegate!
[2019.04.24-16.05.11:895][560]LogUnrealEdMisc: Warning: Heartbeat event firing too frequently (0.004 sec). This should never happen. Something is wrong with the timer delegate!
[2019.04.24-16.05.11:895][560]LogUnrealEdMisc: Warning: Heartbeat event firing too frequently (0.004 sec). This should never happen. Something is wrong with the timer delegate!
[2019.04.24-16.05.11:895][560]LogUnrealEdMisc: Warning: Heartbeat event firing too frequently (0.004 sec). This should never happen. Something is wrong with the timer delegate!
[2019.04.24-16.05.11:895][560]LogUnrealEdMisc: Warning: Heartbeat event firing too frequently (0.004 sec). This should never happen. Something is wrong with the timer delegate!
[2019.04.24-16.05.11:895][560]LogUnrealEdMisc: Warning: Heartbeat event firing too frequently (0.004 sec). This should never happen. Something is wrong with the timer delegate!
[2019.04.24-16.05.11:895][560]LogUnrealEdMisc: Warning: Heartbeat event firing too frequently (0.004 sec). This should never happen. Something is wrong with the timer delegate!
[2019.04.24-16.05.11:895][560]LogUnrealEdMisc: Warning: Heartbeat event firing too frequently (0.004 sec). This should never happen. Something is wrong with the timer delegate!
[2019.04.24-16.05.11:895][560]LogUnrealEdMisc: Warning: Heartbeat event firing too frequently (0.004 sec). This should never happen. Something is wrong with the timer delegate!
[2019.04.24-16.05.11:895][560]LogUnrealEdMisc: Warning: Heartbeat event firing too frequently (0.004 sec). This should never happen. Something is wrong with the timer delegate!
[2019.04.24-16.05.11:896][560]LogUnrealEdMisc: Warning: Heartbeat event firing too frequently (0.004 sec). This should never happen. Something is wrong with the timer delegate!
[2019.04.24-16.05.11:896][560]LogUnrealEdMisc: Warning: Heartbeat event firing too frequently (0.004 sec). This should never happen. Something is wrong with the timer delegate!
[2019.04.24-16.05.11:896][560]LogUnrealEdMisc: Warning: Heartbeat event firing too frequently (0.004 sec). This should never happen. Something is wrong with the timer delegate!
[2019.04.24-16.05.11:896][560]LogUnrealEdMisc: Warning: Heartbeat event firing too frequently (0.004 sec). This should never happen. Something is wrong with the timer delegate!
[2019.04.24-16.05.11:896][560]LogUnrealEdMisc: Warning: Heartbeat event firing too frequently (0.004 sec). This should never happen. Something is wrong with the timer delegate!
[2019.04.24-16.05.11:896][560]LogUnrealEdMisc: Warning: Heartbeat event firing too frequently (0.004 sec). This should never happen. Something is wrong with the timer delegate!
[2019.04.24-16.05.11:896][560]LogUnrealEdMisc: Warning: Heartbeat event firing too frequently (0.005 sec). This should never happen. Something is wrong with the timer delegate!
[2019.04.24-16.05.11:896][560]LogUnrealEdMisc: Warning: Heartbeat event firing too frequently (0.005 sec). This should never happen. Something is wrong with the timer delegate!
[2019.04.24-16.05.11:896][560]LogUnrealEdMisc: Warning: Heartbeat event firing too frequently (0.005 sec). This should never happen. Something is wrong with the timer delegate!
[2019.04.24-16.05.11:896][560]LogUnrealEdMisc: Warning: Heartbeat event firing too frequently (0.005 sec). This should never happen. Something is wrong with the timer delegate!
[2019.04.24-16.05.11:896][560]LogUnrealEdMisc: Warning: Heartbeat event firing too frequently (0.005 sec). This should never happen. Something is wrong with the timer delegate!
[2019.04.24-16.05.11:896][560]LogUnrealEdMisc: Warning: Heartbeat event firing too frequently (0.005 sec). This should never happen. Something is wrong with the timer delegate!
[2019.04.24-16.05.11:896][560]LogUnrealEdMisc: Warning: Heartbeat event firing too frequently (0.005 sec). This should never happen. Something is wrong with the timer delegate!
[2019.04.24-16.05.11:896][560]LogUnrealEdMisc: Warning: Heartbeat event firing too frequently (0.005 sec). This should never happen. Something is wrong with the timer delegate!
[2019.04.24-16.05.11:896][560]LogUnrealEdMisc: Warning: Heartbeat event firing too frequently (0.005 sec). This should never happen. Something is wrong with the timer delegate!
[2019.04.24-16.05.11:896][560]LogUnrealEdMisc: Warning: Heartbeat event firing too frequently (0.005 sec). This should never happen. Something is wrong with the timer delegate!
[2019.04.24-16.05.11:896][560]LogUnrealEdMisc: Warning: Heartbeat event firing too frequently (0.005 sec). This should never happen. Something is wrong with the timer delegate!
[2019.04.24-16.05.11:896][560]LogUnrealEdMisc: Warning: Heartbeat event firing too frequently (0.005 sec). This should never happen. Something is wrong with the timer delegate!
[2019.04.24-16.05.11:896][560]LogUnrealEdMisc: Warning: Heartbeat event firing too frequently (0.005 sec). This should never happen. Something is wrong with the timer delegate!
[2019.04.24-16.05.11:896][560]LogUnrealEdMisc: Warning: Heartbeat event firing too frequently (0.005 sec). This should never happen. Something is wrong with the timer delegate!
[2019.04.24-16.05.11:896][560]LogUnrealEdMisc: Warning: Heartbeat event firing too frequently (0.005 sec). This should never happen. Something is wrong with the timer delegate!
[2019.04.24-16.05.11:896][560]LogUnrealEdMisc: Warning: Heartbeat event firing too frequently (0.005 sec). This should never happen. Something is wrong with the timer delegate!
[2019.04.24-16.05.11:896][560]LogUnrealEdMisc: Warning: Heartbeat event firing too frequently (0.005 sec). This should never happen. Something is wrong with the timer delegate!
[2019.04.24-16.05.11:896][560]LogUnrealEdMisc: Warning: Heartbeat event firing too frequently (0.005 sec). This should never happen. Something is wrong with the timer delegate!
[2019.04.24-16.05.11:896][560]LogUnrealEdMisc: Warning: Heartbeat event firing too frequently (0.005 sec). This should never happen. Something is wrong with the timer delegate!
[2019.04.24-16.05.11:896][560]LogUnrealEdMisc: Warning: Heartbeat event firing too frequently (0.005 sec). This should never happen. Something is wrong with the timer delegate!
[2019.04.24-16.05.11:896][560]LogUnrealEdMisc: Warning: Heartbeat event firing too frequently (0.005 sec). This should never happen. Something is wrong with the timer delegate!
[2019.04.24-16.05.11:896][560]LogUnrealEdMisc: Warning: Heartbeat event firing too frequently (0.005 sec). This should never happen. Something is wrong with the timer delegate!
[2019.04.24-16.05.11:896][560]LogUnrealEdMisc: Warning: Heartbeat event firing too frequently (0.005 sec). This should never happen. Something is wrong with the timer delegate!
[2019.04.24-16.05.11:897][560]LogUnrealEdMisc: Warning: Heartbeat event firing too frequently (0.005 sec). This should never happen. Something is wrong with the timer delegate!
[2019.04.24-16.05.11:897][560]LogUnrealEdMisc: Warning: Heartbeat event firing too frequently (0.005 sec). This should never happen. Something is wrong with the timer delegate!
[2019.04.24-16.05.11:897][560]LogUnrealEdMisc: Warning: Heartbeat event firing too frequently (0.005 sec). This should never happen. Something is wrong with the timer delegate!
[2019.04.24-16.05.11:897][560]LogUnrealEdMisc: Warning: Heartbeat event firing too frequently (0.005 sec). This should never happen. Something is wrong with the timer delegate!
[2019.04.24-16.05.11:897][560]LogUnrealEdMisc: Warning: Heartbeat event firing too frequently (0.005 sec). This should never happen. Something is wrong with the timer delegate!
[2019.04.24-16.05.11:897][560]LogUnrealEdMisc: Warning: Heartbeat event firing too frequently (0.006 sec). This should never happen. Something is wrong with the timer delegate!
[2019.04.24-16.05.11:897][560]LogUnrealEdMisc: Warning: Heartbeat event firing too frequently (0.006 sec). This should never happen. Something is wrong with the timer delegate!
[2019.04.24-16.05.11:897][560]LogUnrealEdMisc: Warning: Heartbeat event firing too frequently (0.006 sec). This should never happen. Something is wrong with the timer delegate!
[2019.04.24-16.05.11:897][560]LogUnrealEdMisc: Warning: Heartbeat event firing too frequently (0.006 sec). This should never happen. Something is wrong with the timer delegate!
[2019.04.24-16.05.11:897][560]LogUnrealEdMisc: Warning: Heartbeat event firing too frequently (0.006 sec). This should never happen. Something is wrong with the timer delegate!
[2019.04.24-16.05.11:897][560]LogUnrealEdMisc: Warning: Heartbeat event firing too frequently (0.006 sec). This should never happen. Something is wrong with the timer delegate!
[2019.04.24-16.05.11:897][560]LogUnrealEdMisc: Warning: Heartbeat event firing too frequently (0.006 sec). This should never happen. Something is wrong with the timer delegate!
[2019.04.24-16.05.11:897][560]LogUnrealEdMisc: Warning: Heartbeat event firing too frequently (0.006 sec). This should never happen. Something is wrong with the timer delegate!
[2019.04.24-16.05.11:897][560]LogUnrealEdMisc: Warning: Heartbeat event firing too frequently (0.006 sec). This should never happen. Something is wrong with the timer delegate!
[2019.04.24-16.05.11:897][560]LogUnrealEdMisc: Warning: Heartbeat event firing too frequently (0.006 sec). This should never happen. Something is wrong with the timer delegate!
[2019.04.24-16.05.11:897][560]LogUnrealEdMisc: Warning: Heartbeat event firing too frequently (0.006 sec). This should never happen. Something is wrong with the timer delegate!
[2019.04.24-16.05.11:897][560]LogUnrealEdMisc: Warning: Heartbeat event firing too frequently (0.006 sec). This should never happen. Something is wrong with the timer delegate!
[2019.04.24-16.05.11:897][560]LogUnrealEdMisc: Warning: Heartbeat event firing too frequently (0.006 sec). This should never happen. Something is wrong with the timer delegate!
[2019.04.24-16.05.11:897][560]LogUnrealEdMisc: Warning: Heartbeat event firing too frequently (0.006 sec). This should never happen. Something is wrong with the timer delegate!
[2019.04.24-16.05.11:897][560]LogUnrealEdMisc: Warning: Heartbeat event firing too frequently (0.006 sec). This should never happen. Something is wrong with the timer delegate!
[2019.04.24-16.05.11:897][560]LogUnrealEdMisc: Warning: Heartbeat event firing too frequently (0.006 sec). This should never happen. Something is wrong with the timer delegate!
[2019.04.24-16.05.11:897][560]LogUnrealEdMisc: Warning: Heartbeat event firing too frequently (0.006 sec). This should never happen. Something is wrong with the timer delegate!
[2019.04.24-16.05.11:897][560]LogUnrealEdMisc: Warning: Heartbeat event firing too frequently (0.006 sec). This should never happen. Something is wrong with the timer delegate!
[2019.04.24-16.05.11:897][560]LogUnrealEdMisc: Warning: Heartbeat event firing too frequently (0.006 sec). This should never happen. Something is wrong with the timer delegate!
[2019.04.24-16.05.11:897][560]LogUnrealEdMisc: Warning: Heartbeat event firing too frequently (0.006 sec). This should never happen. Something is wrong with the timer delegate!
[2019.04.24-16.05.11:898][560]LogUnrealEdMisc: Warning: Heartbeat event firing too frequently (0.006 sec). This should never happen. Something is wrong with the timer delegate!
[2019.04.24-16.05.11:898][560]LogUnrealEdMisc: Warning: Heartbeat event firing too frequently (0.006 sec). This should never happen. Something is wrong with the timer delegate!
[2019.04.24-16.05.11:898][560]LogUnrealEdMisc: Warning: Heartbeat event firing too frequently (0.006 sec). This should never happen. Something is wrong with the timer delegate!
[2019.04.24-16.05.11:898][560]LogUnrealEdMisc: Warning: Heartbeat event firing too frequently (0.006 sec). This should never happen. Something is wrong with the timer delegate!
[2019.04.24-16.05.11:898][560]LogUnrealEdMisc: Warning: Heartbeat event firing too frequently (0.006 sec). This should never happen. Something is wrong with the timer delegate!
[2019.04.24-16.05.11:898][560]LogUnrealEdMisc: Warning: Heartbeat event firing too frequently (0.006 sec). This should never happen. Something is wrong with the timer delegate!
[2019.04.24-16.05.11:898][560]LogUnrealEdMisc: Warning: Heartbeat event firing too frequently (0.006 sec). This should never happen. Something is wrong with the timer delegate!
[2019.04.24-16.05.11:898][560]LogUnrealEdMisc: Warning: Heartbeat event firing too frequently (0.007 sec). This should never happen. Something is wrong with the timer delegate!
[2019.04.24-16.05.11:898][560]LogUnrealEdMisc: Warning: Heartbeat event firing too frequently (0.007 sec). This should never happen. Something is wrong with the timer delegate!
[2019.04.24-16.05.11:898][560]LogUnrealEdMisc: Warning: Heartbeat event firing too frequently (0.007 sec). This should never happen. Something is wrong with the timer delegate!
[2019.04.24-16.05.11:898][560]LogUnrealEdMisc: Warning: Heartbeat event firing too frequently (0.007 sec). This should never happen. Something is wrong with the timer delegate!
[2019.04.24-16.05.11:898][560]LogUnrealEdMisc: Warning: Heartbeat event firing too frequently (0.007 sec). This should never happen. Something is wrong with the timer delegate!
[2019.04.24-16.05.11:898][560]LogUnrealEdMisc: Warning: Heartbeat event firing too frequently (0.007 sec). This should never happen. Something is wrong with the timer delegate!
[2019.04.24-16.05.11:898][560]LogUnrealEdMisc: Warning: Heartbeat event firing too frequently (0.007 sec). This should never happen. Something is wrong with the timer delegate!
[2019.04.24-16.05.11:898][560]LogUnrealEdMisc: Warning: Heartbeat event firing too frequently (0.007 sec). This should never happen. Something is wrong with the timer delegate!
[2019.04.24-16.05.11:898][560]LogUnrealEdMisc: Warning: Heartbeat event firing too frequently (0.007 sec). This should never happen. Something is wrong with the timer delegate!
[2019.04.24-16.05.11:898][560]LogUnrealEdMisc: Warning: Heartbeat event firing too frequently (0.007 sec). This should never happen. Something is wrong with the timer delegate!
[2019.04.24-16.05.11:898][560]LogUnrealEdMisc: Warning: Heartbeat event firing too frequently (0.007 sec). This should never happen. Something is wrong with the timer delegate!
[2019.04.24-16.05.11:898][560]LogUnrealEdMisc: Warning: Heartbeat event firing too frequently (0.007 sec). This should never happen. Something is wrong with the timer delegate!
[2019.04.24-16.05.11:898][560]LogUnrealEdMisc: Warning: Heartbeat event firing too frequently (0.007 sec). This should never happen. Something is wrong with the timer delegate!
[2019.04.24-16.05.11:898][560]LogUnrealEdMisc: Warning: Heartbeat event firing too frequently (0.007 sec). This should never happen. Something is wrong with the timer delegate!
[2019.04.24-16.05.11:898][560]LogUnrealEdMisc: Warning: Heartbeat event firing too frequently (0.007 sec). This should never happen. Something is wrong with the timer delegate!
[2019.04.24-16.05.11:898][560]LogUnrealEdMisc: Warning: Heartbeat event firing too frequently (0.007 sec). This should never happen. Something is wrong with the timer delegate!
[2019.04.24-16.05.11:898][560]LogUnrealEdMisc: Warning: Heartbeat event firing too frequently (0.007 sec). This should never happen. Something is wrong with the timer delegate!
[2019.04.24-16.05.11:899][560]LogUnrealEdMisc: Warning: Heartbeat event firing too frequently (0.007 sec). This should never happen. Something is wrong with the timer delegate!
[2019.04.24-16.05.11:899][560]LogUnrealEdMisc: Warning: Heartbeat event firing too frequently (0.007 sec). This should never happen. Something is wrong with the timer delegate!
[2019.04.24-16.05.11:899][560]LogUnrealEdMisc: Warning: Heartbeat event firing too frequently (0.007 sec). This should never happen. Something is wrong with the timer delegate!
[2019.04.24-16.05.11:899][560]LogUnrealEdMisc: Warning: Heartbeat event firing too frequently (0.007 sec). This should never happen. Something is wrong with the timer delegate!
[2019.04.24-16.05.11:899][560]LogUnrealEdMisc: Warning: Heartbeat event firing too frequently (0.007 sec). This should never happen. Something is wrong with the timer delegate!
[2019.04.24-16.05.11:899][560]LogUnrealEdMisc: Warning: Heartbeat event firing too frequently (0.008 sec). This should never happen. Something is wrong with the timer delegate!
[2019.04.24-16.05.11:899][560]LogUnrealEdMisc: Warning: Heartbeat event firing too frequently (0.008 sec). This should never happen. Something is wrong with the timer delegate!
[2019.04.24-16.05.11:899][560]LogUnrealEdMisc: Warning: Heartbeat event firing too frequently (0.008 sec). This should never happen. Something is wrong with the timer delegate!
[2019.04.24-16.05.11:899][560]LogUnrealEdMisc: Warning: Heartbeat event firing too frequently (0.008 sec). This should never happen. Something is wrong with the timer delegate!
[2019.04.24-16.05.11:899][560]LogUnrealEdMisc: Warning: Heartbeat event firing too frequently (0.008 sec). This should never happen. Something is wrong with the timer delegate!
[2019.04.24-16.05.11:899][560]LogUnrealEdMisc: Warning: Heartbeat event firing too frequently (0.008 sec). This should never happen. Something is wrong with the timer delegate!
[2019.04.24-16.05.11:899][560]LogUnrealEdMisc: Warning: Heartbeat event firing too frequently (0.008 sec). This should never happen. Something is wrong with the timer delegate!
[2019.04.24-16.05.11:899][560]LogUnrealEdMisc: Warning: Heartbeat event firing too frequently (0.008 sec). This should never happen. Something is wrong with the timer delegate!
[2019.04.24-16.05.11:899][560]LogUnrealEdMisc: Warning: Heartbeat event firing too frequently (0.008 sec). This should never happen. Something is wrong with the timer delegate!
[2019.04.24-16.05.11:899][560]LogUnrealEdMisc: Warning: Heartbeat event firing too frequently (0.008 sec). This should never happen. Something is wrong with the timer delegate!
[2019.04.24-16.05.11:899][560]LogUnrealEdMisc: Warning: Heartbeat event firing too frequently (0.008 sec). This should never happen. Something is wrong with the timer delegate!
[2019.04.24-16.05.11:899][560]LogUnrealEdMisc: Warning: Heartbeat event firing too frequently (0.008 sec). This should never happen. Something is wrong with the timer delegate!
[2019.04.24-16.05.11:899][560]LogUnrealEdMisc: Warning: Heartbeat event firing too frequently (0.008 sec). This should never happen. Something is wrong with the timer delegate!
[2019.04.24-16.05.11:899][560]LogUnrealEdMisc: Warning: Heartbeat event firing too frequently (0.008 sec). This should never happen. Something is wrong with the timer delegate!
[2019.04.24-16.05.11:899][560]LogUnrealEdMisc: Warning: Heartbeat event firing too frequently (0.008 sec). This should never happen. Something is wrong with the timer delegate!
[2019.04.24-16.05.11:899][560]LogUnrealEdMisc: Warning: Heartbeat event firing too frequently (0.008 sec). This should never happen. Something is wrong with the timer delegate!
[2019.04.24-16.05.11:899][560]LogUnrealEdMisc: Warning: Heartbeat event firing too frequently (0.008 sec). This should never happen. Something is wrong with the timer delegate!
[2019.04.24-16.05.11:899][560]LogUnrealEdMisc: Warning: Heartbeat event firing too frequently (0.008 sec). This should never happen. Something is wrong with the timer delegate!
[2019.04.24-16.05.11:899][560]LogUnrealEdMisc: Warning: Heartbeat event firing too frequently (0.008 sec). This should never happen. Something is wrong with the timer delegate!
[2019.04.24-16.05.11:899][560]LogUnrealEdMisc: Warning: Heartbeat event firing too frequently (0.008 sec). This should never happen. Something is wrong with the timer delegate!
[2019.04.24-16.05.11:899][560]LogUnrealEdMisc: Warning: Heartbeat event firing too frequently (0.008 sec). This should never happen. Something is wrong with the timer delegate!
[2019.04.24-16.05.11:899][560]LogUnrealEdMisc: Warning: Heartbeat event firing too frequently (0.008 sec). This should never happen. Something is wrong with the timer delegate!
[2019.04.24-16.05.11:900][560]LogUnrealEdMisc: Warning: Heartbeat event firing too frequently (0.008 sec). This should never happen. Something is wrong with the timer delegate!
[2019.04.24-16.05.11:900][560]LogUnrealEdMisc: Warning: Heartbeat event firing too frequently (0.008 sec). This should never happen. Something is wrong with the timer delegate!
[2019.04.24-16.05.11:900][560]LogUnrealEdMisc: Warning: Heartbeat event firing too frequently (0.008 sec). This should never happen. Something is wrong with the timer delegate!
[2019.04.24-16.05.11:900][560]LogUnrealEdMisc: Warning: Heartbeat event firing too frequently (0.008 sec). This should never happen. Something is wrong with the timer delegate!
[2019.04.24-16.05.11:900][560]LogUnrealEdMisc: Warning: Heartbeat event firing too frequently (0.008 sec). This should never happen. Something is wrong with the timer delegate!
[2019.04.24-16.05.11:900][560]LogUnrealEdMisc: Warning: Heartbeat event firing too frequently (0.008 sec). This should never happen. Something is wrong with the timer delegate!
[2019.04.24-16.05.15:045][564]LogHttp: Warning: 0000012F5CB556C0: request failed, libcurl error: 56 (Failure when receiving data from the peer)
[2019.04.24-16.05.15:045][564]LogHttp: Warning: 0000012F5CB556C0: libcurl info message cache 0 (Found bundle for host datarouter.ol.epicgames.com: 0x12f09bc3f70 [can pipeline])
[2019.04.24-16.05.15:045][564]LogHttp: Warning: 0000012F5CB556C0: libcurl info message cache 1 (Re-using existing connection! (#10) with host datarouter.ol.epicgames.com)
[2019.04.24-16.05.15:045][564]LogHttp: Warning: 0000012F5CB556C0: libcurl info message cache 2 (Connected to datarouter.ol.epicgames.com (34.236.85.100) port 443 (#10))
[2019.04.24-16.05.15:046][564]LogHttp: Warning: 0000012F5CB556C0: libcurl info message cache 3 (We are completely uploaded and fine)
[2019.04.24-16.05.15:046][564]LogHttp: Warning: 0000012F5CB556C0: libcurl info message cache 4 (OpenSSL SSL_read: SSL_ERROR_SYSCALL, errno 10054)
[2019.04.24-16.05.15:046][564]LogHttp: Warning: 0000012F5CB556C0: libcurl info message cache 5 (Connection died, retrying a fresh connect)
[2019.04.24-16.05.15:046][564]LogHttp: Warning: 0000012F5CB556C0: libcurl info message cache 6 (necessary data rewind wasn't possible)
[2019.04.24-16.05.15:046][564]LogHttp: Warning: 0000012F5CB556C0: libcurl info message cache 7 (Closing connection 10)
[2019.04.24-16.05.15:047][564]LogHttp: Warning: Retry exhausted on https://datarouter.ol.epicgames.com/datarouter/api/v1/public/data?SessionID=%7B361FF29A-4020-4E27-757C-959B5D96AC6A%7D&AppID=UEEditor.Rocket.Release&AppVersion=4.22.0-5660361%2B%2B%2BUE4%2BRelease-4.22&UserID=323e6ef24ae9436f02c2b6a412b42e7a%7C1ca5619b68f641f0894301f1adf86ca1%7C1b14264e-d446-407c-83d5-90a3427994ba&AppEnvironment=datacollector-binary&UploadType=eteventstream
